<?xml version="1.0" encoding="UTF-8"?>
<testng-results ignored="0" total="1" passed="1" failed="0" skipped="0">
  <reporter-output>
  </reporter-output>
  <suite started-at="2022-10-06T11:46:06 WIB" name="Default suite" finished-at="2022-10-06T11:46:27 WIB" duration-ms="20738">
    <groups>
      <group name="cucumber">
        <method signature="AbstractTestNGCucumberTests.runScenario(io.cucumber.testng.PickleWrapper,io.cucumber.testng.FeatureWrapper)[pri:0, instance:cucumber.framework.runner.jcadmin.JCAdminRunner@4a83a74a]" name="runScenario" class="io.cucumber.testng.AbstractTestNGCucumberTests"/>
      </group> <!-- cucumber -->
    </groups>
    <test started-at="2022-10-06T11:46:06 WIB" name="Default test" finished-at="2022-10-06T11:46:27 WIB" duration-ms="20738">
      <class name="cucumber.framework.runner.jcadmin.JCAdminRunner">
        <test-method is-config="true" signature="setUpClass(org.testng.ITestContext)[pri:0, instance:cucumber.framework.runner.jcadmin.JCAdminRunner@4a83a74a]" started-at="2022-10-06T11:46:06 WIB" name="setUpClass" finished-at="2022-10-06T11:46:07 WIB" duration-ms="539" status="PASS">
          <params>
            <param index="0">
              <value>
                <![CDATA[org.testng.TestRunner@133aacbe]]>
              </value>
            </param>
          </params>
          <reporter-output>
          </reporter-output>
        </test-method> <!-- setUpClass -->
        <test-method signature="runScenario(io.cucumber.testng.PickleWrapper,io.cucumber.testng.FeatureWrapper)[pri:0, instance:cucumber.framework.runner.jcadmin.JCAdminRunner@4a83a74a]" started-at="2022-10-06T11:46:07 WIB" name="runScenario" description="Runs Cucumber Scenarios" data-provider="scenarios" finished-at="2022-10-06T11:46:24 WIB" duration-ms="17823" status="PASS">
          <params>
            <param index="0">
              <value>
                <![CDATA["Mengedit nama peserta dengan karakter dikecualikan pada data pertama"]]>
              </value>
            </param>
            <param index="1">
              <value>
                <![CDATA["Edit Testimonial Negatif"]]>
              </value>
            </param>
          </params>
          <reporter-output>
          </reporter-output>
        </test-method> <!-- runScenario -->
        <test-method is-config="true" signature="tearDownClass()[pri:0, instance:cucumber.framework.runner.jcadmin.JCAdminRunner@4a83a74a]" started-at="2022-10-06T11:46:24 WIB" name="tearDownClass" finished-at="2022-10-06T11:46:27 WIB" duration-ms="2337" status="PASS">
          <reporter-output>
          </reporter-output>
        </test-method> <!-- tearDownClass -->
      </class> <!-- cucumber.framework.runner.jcadmin.JCAdminRunner -->
    </test> <!-- Default test -->
  </suite> <!-- Default suite -->
</testng-results>
