<?xml version="1.0" encoding="UTF-8"?>
<testng-results ignored="0" total="8" passed="8" failed="0" skipped="0">
  <reporter-output>
  </reporter-output>
  <suite started-at="2022-10-02T19:51:11 WIB" name="Default suite" finished-at="2022-10-02T19:51:39 WIB" duration-ms="28720">
    <groups>
      <group name="cucumber">
        <method signature="AbstractTestNGCucumberTests.runScenario(io.cucumber.testng.PickleWrapper,io.cucumber.testng.FeatureWrapper)[pri:0, instance:cucumber.framework.runner.jcadmin.JCAdminRunner@4a83a74a]" name="runScenario" class="io.cucumber.testng.AbstractTestNGCucumberTests"/>
      </group> <!-- cucumber -->
    </groups>
    <test started-at="2022-10-02T19:51:11 WIB" name="Default test" finished-at="2022-10-02T19:51:39 WIB" duration-ms="28720">
      <class name="cucumber.framework.runner.jcadmin.JCAdminRunner">
        <test-method is-config="true" signature="setUpClass(org.testng.ITestContext)[pri:0, instance:cucumber.framework.runner.jcadmin.JCAdminRunner@4a83a74a]" started-at="2022-10-02T19:51:11 WIB" name="setUpClass" finished-at="2022-10-02T19:51:11 WIB" duration-ms="845" status="PASS">
          <params>
            <param index="0">
              <value>
                <![CDATA[org.testng.TestRunner@6bd7439d]]>
              </value>
            </param>
          </params>
          <reporter-output>
          </reporter-output>
        </test-method> <!-- setUpClass -->
        <test-method signature="runScenario(io.cucumber.testng.PickleWrapper,io.cucumber.testng.FeatureWrapper)[pri:0, instance:cucumber.framework.runner.jcadmin.JCAdminRunner@4a83a74a]" started-at="2022-10-02T19:51:11 WIB" name="runScenario" description="Runs Cucumber Scenarios" data-provider="scenarios" finished-at="2022-10-02T19:51:19 WIB" duration-ms="7131" status="PASS">
          <params>
            <param index="0">
              <value>
                <![CDATA["Admin invalid login simpan"]]>
              </value>
            </param>
            <param index="1">
              <value>
                <![CDATA["Login Invalid"]]>
              </value>
            </param>
          </params>
          <reporter-output>
          </reporter-output>
        </test-method> <!-- runScenario -->
        <test-method signature="runScenario(io.cucumber.testng.PickleWrapper,io.cucumber.testng.FeatureWrapper)[pri:0, instance:cucumber.framework.runner.jcadmin.JCAdminRunner@4a83a74a]" started-at="2022-10-02T19:51:19 WIB" name="runScenario" description="Runs Cucumber Scenarios" data-provider="scenarios" finished-at="2022-10-02T19:51:21 WIB" duration-ms="2773" status="PASS">
          <params>
            <param index="0">
              <value>
                <![CDATA["Admin invalid login klik submit"]]>
              </value>
            </param>
            <param index="1">
              <value>
                <![CDATA["Login Invalid"]]>
              </value>
            </param>
          </params>
          <reporter-output>
          </reporter-output>
        </test-method> <!-- runScenario -->
        <test-method signature="runScenario(io.cucumber.testng.PickleWrapper,io.cucumber.testng.FeatureWrapper)[pri:0, instance:cucumber.framework.runner.jcadmin.JCAdminRunner@4a83a74a]" started-at="2022-10-02T19:51:21 WIB" name="runScenario" description="Runs Cucumber Scenarios" data-provider="scenarios" finished-at="2022-10-02T19:51:23 WIB" duration-ms="1668" status="PASS">
          <params>
            <param index="0">
              <value>
                <![CDATA["Admin invalid login input username"]]>
              </value>
            </param>
            <param index="1">
              <value>
                <![CDATA["Login Invalid"]]>
              </value>
            </param>
          </params>
          <reporter-output>
          </reporter-output>
        </test-method> <!-- runScenario -->
        <test-method signature="runScenario(io.cucumber.testng.PickleWrapper,io.cucumber.testng.FeatureWrapper)[pri:0, instance:cucumber.framework.runner.jcadmin.JCAdminRunner@4a83a74a]" started-at="2022-10-02T19:51:23 WIB" name="runScenario" description="Runs Cucumber Scenarios" data-provider="scenarios" finished-at="2022-10-02T19:51:25 WIB" duration-ms="1535" status="PASS">
          <params>
            <param index="0">
              <value>
                <![CDATA["Admin invalid login input password"]]>
              </value>
            </param>
            <param index="1">
              <value>
                <![CDATA["Login Invalid"]]>
              </value>
            </param>
          </params>
          <reporter-output>
          </reporter-output>
        </test-method> <!-- runScenario -->
        <test-method signature="runScenario(io.cucumber.testng.PickleWrapper,io.cucumber.testng.FeatureWrapper)[pri:0, instance:cucumber.framework.runner.jcadmin.JCAdminRunner@4a83a74a]" started-at="2022-10-02T19:51:25 WIB" name="runScenario" description="Runs Cucumber Scenarios" data-provider="scenarios" finished-at="2022-10-02T19:51:27 WIB" duration-ms="2834" status="PASS">
          <params>
            <param index="0">
              <value>
                <![CDATA["Admin invalid login input password uppercase"]]>
              </value>
            </param>
            <param index="1">
              <value>
                <![CDATA["Login Invalid"]]>
              </value>
            </param>
          </params>
          <reporter-output>
          </reporter-output>
        </test-method> <!-- runScenario -->
        <test-method signature="runScenario(io.cucumber.testng.PickleWrapper,io.cucumber.testng.FeatureWrapper)[pri:0, instance:cucumber.framework.runner.jcadmin.JCAdminRunner@4a83a74a]" started-at="2022-10-02T19:51:27 WIB" name="runScenario" description="Runs Cucumber Scenarios" data-provider="scenarios" finished-at="2022-10-02T19:51:30 WIB" duration-ms="2959" status="PASS">
          <params>
            <param index="0">
              <value>
                <![CDATA["Admin invalid login upper"]]>
              </value>
            </param>
            <param index="1">
              <value>
                <![CDATA["Login Invalid"]]>
              </value>
            </param>
          </params>
          <reporter-output>
          </reporter-output>
        </test-method> <!-- runScenario -->
        <test-method signature="runScenario(io.cucumber.testng.PickleWrapper,io.cucumber.testng.FeatureWrapper)[pri:0, instance:cucumber.framework.runner.jcadmin.JCAdminRunner@4a83a74a]" started-at="2022-10-02T19:51:30 WIB" name="runScenario" description="Runs Cucumber Scenarios" data-provider="scenarios" finished-at="2022-10-02T19:51:33 WIB" duration-ms="2998" status="PASS">
          <params>
            <param index="0">
              <value>
                <![CDATA["Admin invalid login input spasi"]]>
              </value>
            </param>
            <param index="1">
              <value>
                <![CDATA["Login Invalid"]]>
              </value>
            </param>
          </params>
          <reporter-output>
          </reporter-output>
        </test-method> <!-- runScenario -->
        <test-method signature="runScenario(io.cucumber.testng.PickleWrapper,io.cucumber.testng.FeatureWrapper)[pri:0, instance:cucumber.framework.runner.jcadmin.JCAdminRunner@4a83a74a]" started-at="2022-10-02T19:51:33 WIB" name="runScenario" description="Runs Cucumber Scenarios" data-provider="scenarios" finished-at="2022-10-02T19:51:37 WIB" duration-ms="3373" status="PASS">
          <params>
            <param index="0">
              <value>
                <![CDATA["Admin invalid login user tanpa format email"]]>
              </value>
            </param>
            <param index="1">
              <value>
                <![CDATA["Login Invalid"]]>
              </value>
            </param>
          </params>
          <reporter-output>
          </reporter-output>
        </test-method> <!-- runScenario -->
        <test-method is-config="true" signature="tearDownClass()[pri:0, instance:cucumber.framework.runner.jcadmin.JCAdminRunner@4a83a74a]" started-at="2022-10-02T19:51:37 WIB" name="tearDownClass" finished-at="2022-10-02T19:51:39 WIB" duration-ms="2529" status="PASS">
          <reporter-output>
          </reporter-output>
        </test-method> <!-- tearDownClass -->
      </class> <!-- cucumber.framework.runner.jcadmin.JCAdminRunner -->
    </test> <!-- Default test -->
  </suite> <!-- Default suite -->
</testng-results>
