<?xml version="1.0" encoding="UTF-8"?>
<testng-results ignored="0" total="8" passed="8" failed="0" skipped="0">
  <reporter-output>
  </reporter-output>
  <suite started-at="2022-09-30T15:35:10 WIB" name="Default suite" finished-at="2022-09-30T15:35:33 WIB" duration-ms="23426">
    <groups>
      <group name="cucumber">
        <method signature="AbstractTestNGCucumberTests.runScenario(io.cucumber.testng.PickleWrapper,io.cucumber.testng.FeatureWrapper)[pri:0, instance:cucumber.framework.runner.jcadmin.JCAdminRunner@4a83a74a]" name="runScenario" class="io.cucumber.testng.AbstractTestNGCucumberTests"/>
      </group> <!-- cucumber -->
    </groups>
    <test started-at="2022-09-30T15:35:10 WIB" name="Default test" finished-at="2022-09-30T15:35:33 WIB" duration-ms="23426">
      <class name="cucumber.framework.runner.jcadmin.JCAdminRunner">
        <test-method is-config="true" signature="setUpClass(org.testng.ITestContext)[pri:0, instance:cucumber.framework.runner.jcadmin.JCAdminRunner@4a83a74a]" started-at="2022-09-30T15:35:10 WIB" name="setUpClass" finished-at="2022-09-30T15:35:11 WIB" duration-ms="819" status="PASS">
          <params>
            <param index="0">
              <value>
                <![CDATA[org.testng.TestRunner@1515f782]]>
              </value>
            </param>
          </params>
          <reporter-output>
          </reporter-output>
        </test-method> <!-- setUpClass -->
        <test-method signature="runScenario(io.cucumber.testng.PickleWrapper,io.cucumber.testng.FeatureWrapper)[pri:0, instance:cucumber.framework.runner.jcadmin.JCAdminRunner@4a83a74a]" started-at="2022-09-30T15:35:11 WIB" name="runScenario" description="Runs Cucumber Scenarios" data-provider="scenarios" finished-at="2022-09-30T15:35:15 WIB" duration-ms="4568" status="PASS">
          <params>
            <param index="0">
              <value>
                <![CDATA["Admin invalid login simpan"]]>
              </value>
            </param>
            <param index="1">
              <value>
                <![CDATA["Login Invalid"]]>
              </value>
            </param>
          </params>
          <reporter-output>
          </reporter-output>
        </test-method> <!-- runScenario -->
        <test-method signature="runScenario(io.cucumber.testng.PickleWrapper,io.cucumber.testng.FeatureWrapper)[pri:0, instance:cucumber.framework.runner.jcadmin.JCAdminRunner@4a83a74a]" started-at="2022-09-30T15:35:15 WIB" name="runScenario" description="Runs Cucumber Scenarios" data-provider="scenarios" finished-at="2022-09-30T15:35:18 WIB" duration-ms="2449" status="PASS">
          <params>
            <param index="0">
              <value>
                <![CDATA["Admin invalid login klik submit"]]>
              </value>
            </param>
            <param index="1">
              <value>
                <![CDATA["Login Invalid"]]>
              </value>
            </param>
          </params>
          <reporter-output>
          </reporter-output>
        </test-method> <!-- runScenario -->
        <test-method signature="runScenario(io.cucumber.testng.PickleWrapper,io.cucumber.testng.FeatureWrapper)[pri:0, instance:cucumber.framework.runner.jcadmin.JCAdminRunner@4a83a74a]" started-at="2022-09-30T15:35:18 WIB" name="runScenario" description="Runs Cucumber Scenarios" data-provider="scenarios" finished-at="2022-09-30T15:35:19 WIB" duration-ms="1374" status="PASS">
          <params>
            <param index="0">
              <value>
                <![CDATA["Admin invalid login input username"]]>
              </value>
            </param>
            <param index="1">
              <value>
                <![CDATA["Login Invalid"]]>
              </value>
            </param>
          </params>
          <reporter-output>
          </reporter-output>
        </test-method> <!-- runScenario -->
        <test-method signature="runScenario(io.cucumber.testng.PickleWrapper,io.cucumber.testng.FeatureWrapper)[pri:0, instance:cucumber.framework.runner.jcadmin.JCAdminRunner@4a83a74a]" started-at="2022-09-30T15:35:19 WIB" name="runScenario" description="Runs Cucumber Scenarios" data-provider="scenarios" finished-at="2022-09-30T15:35:21 WIB" duration-ms="1331" status="PASS">
          <params>
            <param index="0">
              <value>
                <![CDATA["Admin invalid login input password"]]>
              </value>
            </param>
            <param index="1">
              <value>
                <![CDATA["Login Invalid"]]>
              </value>
            </param>
          </params>
          <reporter-output>
          </reporter-output>
        </test-method> <!-- runScenario -->
        <test-method signature="runScenario(io.cucumber.testng.PickleWrapper,io.cucumber.testng.FeatureWrapper)[pri:0, instance:cucumber.framework.runner.jcadmin.JCAdminRunner@4a83a74a]" started-at="2022-09-30T15:35:21 WIB" name="runScenario" description="Runs Cucumber Scenarios" data-provider="scenarios" finished-at="2022-09-30T15:35:23 WIB" duration-ms="2548" status="PASS">
          <params>
            <param index="0">
              <value>
                <![CDATA["Admin invalid login input password uppercase"]]>
              </value>
            </param>
            <param index="1">
              <value>
                <![CDATA["Login Invalid"]]>
              </value>
            </param>
          </params>
          <reporter-output>
          </reporter-output>
        </test-method> <!-- runScenario -->
        <test-method signature="runScenario(io.cucumber.testng.PickleWrapper,io.cucumber.testng.FeatureWrapper)[pri:0, instance:cucumber.framework.runner.jcadmin.JCAdminRunner@4a83a74a]" started-at="2022-09-30T15:35:23 WIB" name="runScenario" description="Runs Cucumber Scenarios" data-provider="scenarios" finished-at="2022-09-30T15:35:26 WIB" duration-ms="2515" status="PASS">
          <params>
            <param index="0">
              <value>
                <![CDATA["Admin invalid login upper"]]>
              </value>
            </param>
            <param index="1">
              <value>
                <![CDATA["Login Invalid"]]>
              </value>
            </param>
          </params>
          <reporter-output>
          </reporter-output>
        </test-method> <!-- runScenario -->
        <test-method signature="runScenario(io.cucumber.testng.PickleWrapper,io.cucumber.testng.FeatureWrapper)[pri:0, instance:cucumber.framework.runner.jcadmin.JCAdminRunner@4a83a74a]" started-at="2022-09-30T15:35:26 WIB" name="runScenario" description="Runs Cucumber Scenarios" data-provider="scenarios" finished-at="2022-09-30T15:35:28 WIB" duration-ms="2525" status="PASS">
          <params>
            <param index="0">
              <value>
                <![CDATA["Admin invalid login input spasi"]]>
              </value>
            </param>
            <param index="1">
              <value>
                <![CDATA["Login Invalid"]]>
              </value>
            </param>
          </params>
          <reporter-output>
          </reporter-output>
        </test-method> <!-- runScenario -->
        <test-method signature="runScenario(io.cucumber.testng.PickleWrapper,io.cucumber.testng.FeatureWrapper)[pri:0, instance:cucumber.framework.runner.jcadmin.JCAdminRunner@4a83a74a]" started-at="2022-09-30T15:35:28 WIB" name="runScenario" description="Runs Cucumber Scenarios" data-provider="scenarios" finished-at="2022-09-30T15:35:31 WIB" duration-ms="2870" status="PASS">
          <params>
            <param index="0">
              <value>
                <![CDATA["Admin invalid login user tanpa format email"]]>
              </value>
            </param>
            <param index="1">
              <value>
                <![CDATA["Login Invalid"]]>
              </value>
            </param>
          </params>
          <reporter-output>
          </reporter-output>
        </test-method> <!-- runScenario -->
        <test-method is-config="true" signature="tearDownClass()[pri:0, instance:cucumber.framework.runner.jcadmin.JCAdminRunner@4a83a74a]" started-at="2022-09-30T15:35:31 WIB" name="tearDownClass" finished-at="2022-09-30T15:35:33 WIB" duration-ms="2363" status="PASS">
          <reporter-output>
          </reporter-output>
        </test-method> <!-- tearDownClass -->
      </class> <!-- cucumber.framework.runner.jcadmin.JCAdminRunner -->
    </test> <!-- Default test -->
  </suite> <!-- Default suite -->
</testng-results>
