<?xml version="1.0" encoding="UTF-8"?>
<testng-results ignored="0" total="66" passed="65" failed="1" skipped="0">
  <reporter-output>
  </reporter-output>
  <suite started-at="2022-10-04T15:21:28 WIB" name="Default suite" finished-at="2022-10-04T15:41:34 WIB" duration-ms="1206188">
    <groups>
      <group name="cucumber">
        <method signature="AbstractTestNGCucumberTests.runScenario(io.cucumber.testng.PickleWrapper,io.cucumber.testng.FeatureWrapper)[pri:0, instance:cucumber.framework.runner.jcadmin.JCAdminRunner@4a83a74a]" name="runScenario" class="io.cucumber.testng.AbstractTestNGCucumberTests"/>
      </group> <!-- cucumber -->
    </groups>
    <test started-at="2022-10-04T15:21:28 WIB" name="Default test" finished-at="2022-10-04T15:41:34 WIB" duration-ms="1206188">
      <class name="cucumber.framework.runner.jcadmin.JCAdminRunner">
        <test-method is-config="true" signature="setUpClass(org.testng.ITestContext)[pri:0, instance:cucumber.framework.runner.jcadmin.JCAdminRunner@4a83a74a]" started-at="2022-10-04T15:21:28 WIB" name="setUpClass" finished-at="2022-10-04T15:21:28 WIB" duration-ms="779" status="PASS">
          <params>
            <param index="0">
              <value>
                <![CDATA[org.testng.TestRunner@6b83b137]]>
              </value>
            </param>
          </params>
          <reporter-output>
          </reporter-output>
        </test-method> <!-- setUpClass -->
        <test-method signature="runScenario(io.cucumber.testng.PickleWrapper,io.cucumber.testng.FeatureWrapper)[pri:0, instance:cucumber.framework.runner.jcadmin.JCAdminRunner@4a83a74a]" started-at="2022-10-04T15:21:28 WIB" name="runScenario" description="Runs Cucumber Scenarios" data-provider="scenarios" finished-at="2022-10-04T15:21:37 WIB" duration-ms="8382" status="PASS">
          <params>
            <param index="0">
              <value>
                <![CDATA["User valid login Outlinee"]]>
              </value>
            </param>
            <param index="1">
              <value>
                <![CDATA["Login Valid"]]>
              </value>
            </param>
          </params>
          <reporter-output>
          </reporter-output>
        </test-method> <!-- runScenario -->
        <test-method signature="runScenario(io.cucumber.testng.PickleWrapper,io.cucumber.testng.FeatureWrapper)[pri:0, instance:cucumber.framework.runner.jcadmin.JCAdminRunner@4a83a74a]" started-at="2022-10-04T15:21:37 WIB" name="runScenario" description="Runs Cucumber Scenarios" data-provider="scenarios" finished-at="2022-10-04T15:21:40 WIB" duration-ms="3283" status="PASS">
          <params>
            <param index="0">
              <value>
                <![CDATA["User valid login uppercase user Outlinee"]]>
              </value>
            </param>
            <param index="1">
              <value>
                <![CDATA["Login Valid"]]>
              </value>
            </param>
          </params>
          <reporter-output>
          </reporter-output>
        </test-method> <!-- runScenario -->
        <test-method signature="runScenario(io.cucumber.testng.PickleWrapper,io.cucumber.testng.FeatureWrapper)[pri:0, instance:cucumber.framework.runner.jcadmin.JCAdminRunner@4a83a74a]" started-at="2022-10-04T15:21:40 WIB" name="runScenario" description="Runs Cucumber Scenarios" data-provider="scenarios" finished-at="2022-10-04T15:21:43 WIB" duration-ms="2891" status="PASS">
          <params>
            <param index="0">
              <value>
                <![CDATA["User valid login uppercase email Outlinee"]]>
              </value>
            </param>
            <param index="1">
              <value>
                <![CDATA["Login Valid"]]>
              </value>
            </param>
          </params>
          <reporter-output>
          </reporter-output>
        </test-method> <!-- runScenario -->
        <test-method signature="runScenario(io.cucumber.testng.PickleWrapper,io.cucumber.testng.FeatureWrapper)[pri:0, instance:cucumber.framework.runner.jcadmin.JCAdminRunner@4a83a74a]" started-at="2022-10-04T15:21:43 WIB" name="runScenario" description="Runs Cucumber Scenarios" data-provider="scenarios" finished-at="2022-10-04T15:21:46 WIB" duration-ms="2894" status="PASS">
          <params>
            <param index="0">
              <value>
                <![CDATA["User valid login uppercase Outlinee"]]>
              </value>
            </param>
            <param index="1">
              <value>
                <![CDATA["Login Valid"]]>
              </value>
            </param>
          </params>
          <reporter-output>
          </reporter-output>
        </test-method> <!-- runScenario -->
        <test-method signature="runScenario(io.cucumber.testng.PickleWrapper,io.cucumber.testng.FeatureWrapper)[pri:0, instance:cucumber.framework.runner.jcadmin.JCAdminRunner@4a83a74a]" started-at="2022-10-04T15:21:46 WIB" name="runScenario" description="Runs Cucumber Scenarios" data-provider="scenarios" finished-at="2022-10-04T15:21:49 WIB" duration-ms="3445" status="PASS">
          <params>
            <param index="0">
              <value>
                <![CDATA["User valid login upperlower case user Outlinee"]]>
              </value>
            </param>
            <param index="1">
              <value>
                <![CDATA["Login Valid"]]>
              </value>
            </param>
          </params>
          <reporter-output>
          </reporter-output>
        </test-method> <!-- runScenario -->
        <test-method signature="runScenario(io.cucumber.testng.PickleWrapper,io.cucumber.testng.FeatureWrapper)[pri:0, instance:cucumber.framework.runner.jcadmin.JCAdminRunner@4a83a74a]" started-at="2022-10-04T15:21:49 WIB" name="runScenario" description="Runs Cucumber Scenarios" data-provider="scenarios" finished-at="2022-10-04T15:21:53 WIB" duration-ms="3692" status="PASS">
          <params>
            <param index="0">
              <value>
                <![CDATA["User valid login upperlower case email Outlinee"]]>
              </value>
            </param>
            <param index="1">
              <value>
                <![CDATA["Login Valid"]]>
              </value>
            </param>
          </params>
          <reporter-output>
          </reporter-output>
        </test-method> <!-- runScenario -->
        <test-method signature="runScenario(io.cucumber.testng.PickleWrapper,io.cucumber.testng.FeatureWrapper)[pri:0, instance:cucumber.framework.runner.jcadmin.JCAdminRunner@4a83a74a]" started-at="2022-10-04T15:21:53 WIB" name="runScenario" description="Runs Cucumber Scenarios" data-provider="scenarios" finished-at="2022-10-04T15:21:56 WIB" duration-ms="3179" status="PASS">
          <params>
            <param index="0">
              <value>
                <![CDATA["User valid login upperlower case Outlinee"]]>
              </value>
            </param>
            <param index="1">
              <value>
                <![CDATA["Login Valid"]]>
              </value>
            </param>
          </params>
          <reporter-output>
          </reporter-output>
        </test-method> <!-- runScenario -->
        <test-method signature="runScenario(io.cucumber.testng.PickleWrapper,io.cucumber.testng.FeatureWrapper)[pri:0, instance:cucumber.framework.runner.jcadmin.JCAdminRunner@4a83a74a]" started-at="2022-10-04T15:21:56 WIB" name="runScenario" description="Runs Cucumber Scenarios" data-provider="scenarios" finished-at="2022-10-04T15:21:57 WIB" duration-ms="480" status="PASS">
          <params>
            <param index="0">
              <value>
                <![CDATA["Admin invalid login simpan"]]>
              </value>
            </param>
            <param index="1">
              <value>
                <![CDATA["Login Invalid"]]>
              </value>
            </param>
          </params>
          <reporter-output>
          </reporter-output>
        </test-method> <!-- runScenario -->
        <test-method signature="runScenario(io.cucumber.testng.PickleWrapper,io.cucumber.testng.FeatureWrapper)[pri:0, instance:cucumber.framework.runner.jcadmin.JCAdminRunner@4a83a74a]" started-at="2022-10-04T15:21:57 WIB" name="runScenario" description="Runs Cucumber Scenarios" data-provider="scenarios" finished-at="2022-10-04T15:21:59 WIB" duration-ms="2555" status="PASS">
          <params>
            <param index="0">
              <value>
                <![CDATA["Admin invalid login klik submit"]]>
              </value>
            </param>
            <param index="1">
              <value>
                <![CDATA["Login Invalid"]]>
              </value>
            </param>
          </params>
          <reporter-output>
          </reporter-output>
        </test-method> <!-- runScenario -->
        <test-method signature="runScenario(io.cucumber.testng.PickleWrapper,io.cucumber.testng.FeatureWrapper)[pri:0, instance:cucumber.framework.runner.jcadmin.JCAdminRunner@4a83a74a]" started-at="2022-10-04T15:21:59 WIB" name="runScenario" description="Runs Cucumber Scenarios" data-provider="scenarios" finished-at="2022-10-04T15:22:01 WIB" duration-ms="1321" status="PASS">
          <params>
            <param index="0">
              <value>
                <![CDATA["Admin invalid login input username"]]>
              </value>
            </param>
            <param index="1">
              <value>
                <![CDATA["Login Invalid"]]>
              </value>
            </param>
          </params>
          <reporter-output>
          </reporter-output>
        </test-method> <!-- runScenario -->
        <test-method signature="runScenario(io.cucumber.testng.PickleWrapper,io.cucumber.testng.FeatureWrapper)[pri:0, instance:cucumber.framework.runner.jcadmin.JCAdminRunner@4a83a74a]" started-at="2022-10-04T15:22:01 WIB" name="runScenario" description="Runs Cucumber Scenarios" data-provider="scenarios" finished-at="2022-10-04T15:22:02 WIB" duration-ms="1423" status="PASS">
          <params>
            <param index="0">
              <value>
                <![CDATA["Admin invalid login input password"]]>
              </value>
            </param>
            <param index="1">
              <value>
                <![CDATA["Login Invalid"]]>
              </value>
            </param>
          </params>
          <reporter-output>
          </reporter-output>
        </test-method> <!-- runScenario -->
        <test-method signature="runScenario(io.cucumber.testng.PickleWrapper,io.cucumber.testng.FeatureWrapper)[pri:0, instance:cucumber.framework.runner.jcadmin.JCAdminRunner@4a83a74a]" started-at="2022-10-04T15:22:02 WIB" name="runScenario" description="Runs Cucumber Scenarios" data-provider="scenarios" finished-at="2022-10-04T15:22:05 WIB" duration-ms="2766" status="PASS">
          <params>
            <param index="0">
              <value>
                <![CDATA["Admin invalid login input password uppercase"]]>
              </value>
            </param>
            <param index="1">
              <value>
                <![CDATA["Login Invalid"]]>
              </value>
            </param>
          </params>
          <reporter-output>
          </reporter-output>
        </test-method> <!-- runScenario -->
        <test-method signature="runScenario(io.cucumber.testng.PickleWrapper,io.cucumber.testng.FeatureWrapper)[pri:0, instance:cucumber.framework.runner.jcadmin.JCAdminRunner@4a83a74a]" started-at="2022-10-04T15:22:05 WIB" name="runScenario" description="Runs Cucumber Scenarios" data-provider="scenarios" finished-at="2022-10-04T15:22:07 WIB" duration-ms="2726" status="PASS">
          <params>
            <param index="0">
              <value>
                <![CDATA["Admin invalid login upper"]]>
              </value>
            </param>
            <param index="1">
              <value>
                <![CDATA["Login Invalid"]]>
              </value>
            </param>
          </params>
          <reporter-output>
          </reporter-output>
        </test-method> <!-- runScenario -->
        <test-method signature="runScenario(io.cucumber.testng.PickleWrapper,io.cucumber.testng.FeatureWrapper)[pri:0, instance:cucumber.framework.runner.jcadmin.JCAdminRunner@4a83a74a]" started-at="2022-10-04T15:22:07 WIB" name="runScenario" description="Runs Cucumber Scenarios" data-provider="scenarios" finished-at="2022-10-04T15:22:10 WIB" duration-ms="2697" status="PASS">
          <params>
            <param index="0">
              <value>
                <![CDATA["Admin invalid login input spasi"]]>
              </value>
            </param>
            <param index="1">
              <value>
                <![CDATA["Login Invalid"]]>
              </value>
            </param>
          </params>
          <reporter-output>
          </reporter-output>
        </test-method> <!-- runScenario -->
        <test-method signature="runScenario(io.cucumber.testng.PickleWrapper,io.cucumber.testng.FeatureWrapper)[pri:0, instance:cucumber.framework.runner.jcadmin.JCAdminRunner@4a83a74a]" started-at="2022-10-04T15:22:10 WIB" name="runScenario" description="Runs Cucumber Scenarios" data-provider="scenarios" finished-at="2022-10-04T15:22:13 WIB" duration-ms="2692" status="PASS">
          <params>
            <param index="0">
              <value>
                <![CDATA["Admin invalid login user tanpa format email"]]>
              </value>
            </param>
            <param index="1">
              <value>
                <![CDATA["Login Invalid"]]>
              </value>
            </param>
          </params>
          <reporter-output>
          </reporter-output>
        </test-method> <!-- runScenario -->
        <test-method signature="runScenario(io.cucumber.testng.PickleWrapper,io.cucumber.testng.FeatureWrapper)[pri:0, instance:cucumber.framework.runner.jcadmin.JCAdminRunner@4a83a74a]" started-at="2022-10-04T15:22:13 WIB" name="runScenario" description="Runs Cucumber Scenarios" data-provider="scenarios" finished-at="2022-10-04T15:22:47 WIB" duration-ms="34301" status="PASS">
          <params>
            <param index="0">
              <value>
                <![CDATA["Menambah daftar testimonial active"]]>
              </value>
            </param>
            <param index="1">
              <value>
                <![CDATA["Tambah Testimonial"]]>
              </value>
            </param>
          </params>
          <reporter-output>
          </reporter-output>
        </test-method> <!-- runScenario -->
        <test-method signature="runScenario(io.cucumber.testng.PickleWrapper,io.cucumber.testng.FeatureWrapper)[pri:0, instance:cucumber.framework.runner.jcadmin.JCAdminRunner@4a83a74a]" started-at="2022-10-04T15:22:47 WIB" name="runScenario" description="Runs Cucumber Scenarios" data-provider="scenarios" finished-at="2022-10-04T15:23:14 WIB" duration-ms="26647" status="PASS">
          <params>
            <param index="0">
              <value>
                <![CDATA["Menambah daftar testimonial active"]]>
              </value>
            </param>
            <param index="1">
              <value>
                <![CDATA["Tambah Testimonial"]]>
              </value>
            </param>
          </params>
          <reporter-output>
          </reporter-output>
        </test-method> <!-- runScenario -->
        <test-method signature="runScenario(io.cucumber.testng.PickleWrapper,io.cucumber.testng.FeatureWrapper)[pri:0, instance:cucumber.framework.runner.jcadmin.JCAdminRunner@4a83a74a]" started-at="2022-10-04T15:23:14 WIB" name="runScenario" description="Runs Cucumber Scenarios" data-provider="scenarios" finished-at="2022-10-04T15:23:40 WIB" duration-ms="26582" status="PASS">
          <params>
            <param index="0">
              <value>
                <![CDATA["Menambah daftar testimonial active"]]>
              </value>
            </param>
            <param index="1">
              <value>
                <![CDATA["Tambah Testimonial"]]>
              </value>
            </param>
          </params>
          <reporter-output>
          </reporter-output>
        </test-method> <!-- runScenario -->
        <test-method signature="runScenario(io.cucumber.testng.PickleWrapper,io.cucumber.testng.FeatureWrapper)[pri:0, instance:cucumber.framework.runner.jcadmin.JCAdminRunner@4a83a74a]" started-at="2022-10-04T15:23:40 WIB" name="runScenario" description="Runs Cucumber Scenarios" data-provider="scenarios" finished-at="2022-10-04T15:24:07 WIB" duration-ms="26708" status="PASS">
          <params>
            <param index="0">
              <value>
                <![CDATA["Menambah daftar testimonial active"]]>
              </value>
            </param>
            <param index="1">
              <value>
                <![CDATA["Tambah Testimonial"]]>
              </value>
            </param>
          </params>
          <reporter-output>
          </reporter-output>
        </test-method> <!-- runScenario -->
        <test-method signature="runScenario(io.cucumber.testng.PickleWrapper,io.cucumber.testng.FeatureWrapper)[pri:0, instance:cucumber.framework.runner.jcadmin.JCAdminRunner@4a83a74a]" started-at="2022-10-04T15:24:07 WIB" name="runScenario" description="Runs Cucumber Scenarios" data-provider="scenarios" finished-at="2022-10-04T15:24:34 WIB" duration-ms="26973" status="PASS">
          <params>
            <param index="0">
              <value>
                <![CDATA["Menambah daftar testimonial active"]]>
              </value>
            </param>
            <param index="1">
              <value>
                <![CDATA["Tambah Testimonial"]]>
              </value>
            </param>
          </params>
          <reporter-output>
          </reporter-output>
        </test-method> <!-- runScenario -->
        <test-method signature="runScenario(io.cucumber.testng.PickleWrapper,io.cucumber.testng.FeatureWrapper)[pri:0, instance:cucumber.framework.runner.jcadmin.JCAdminRunner@4a83a74a]" started-at="2022-10-04T15:24:34 WIB" name="runScenario" description="Runs Cucumber Scenarios" data-provider="scenarios" finished-at="2022-10-04T15:25:00 WIB" duration-ms="25988" status="PASS">
          <params>
            <param index="0">
              <value>
                <![CDATA["Menambah daftar testimonial active"]]>
              </value>
            </param>
            <param index="1">
              <value>
                <![CDATA["Tambah Testimonial"]]>
              </value>
            </param>
          </params>
          <reporter-output>
          </reporter-output>
        </test-method> <!-- runScenario -->
        <test-method signature="runScenario(io.cucumber.testng.PickleWrapper,io.cucumber.testng.FeatureWrapper)[pri:0, instance:cucumber.framework.runner.jcadmin.JCAdminRunner@4a83a74a]" started-at="2022-10-04T15:25:00 WIB" name="runScenario" description="Runs Cucumber Scenarios" data-provider="scenarios" finished-at="2022-10-04T15:25:27 WIB" duration-ms="26498" status="PASS">
          <params>
            <param index="0">
              <value>
                <![CDATA["Menambah daftar testimonial noactive"]]>
              </value>
            </param>
            <param index="1">
              <value>
                <![CDATA["Tambah Testimonial"]]>
              </value>
            </param>
          </params>
          <reporter-output>
          </reporter-output>
        </test-method> <!-- runScenario -->
        <test-method signature="runScenario(io.cucumber.testng.PickleWrapper,io.cucumber.testng.FeatureWrapper)[pri:0, instance:cucumber.framework.runner.jcadmin.JCAdminRunner@4a83a74a]" started-at="2022-10-04T15:25:27 WIB" name="runScenario" description="Runs Cucumber Scenarios" data-provider="scenarios" finished-at="2022-10-04T15:25:53 WIB" duration-ms="26381" status="PASS">
          <params>
            <param index="0">
              <value>
                <![CDATA["Menambah daftar testimonial noactive"]]>
              </value>
            </param>
            <param index="1">
              <value>
                <![CDATA["Tambah Testimonial"]]>
              </value>
            </param>
          </params>
          <reporter-output>
          </reporter-output>
        </test-method> <!-- runScenario -->
        <test-method signature="runScenario(io.cucumber.testng.PickleWrapper,io.cucumber.testng.FeatureWrapper)[pri:0, instance:cucumber.framework.runner.jcadmin.JCAdminRunner@4a83a74a]" started-at="2022-10-04T15:25:53 WIB" name="runScenario" description="Runs Cucumber Scenarios" data-provider="scenarios" finished-at="2022-10-04T15:26:19 WIB" duration-ms="26446" status="PASS">
          <params>
            <param index="0">
              <value>
                <![CDATA["Menambah daftar testimonial noactive"]]>
              </value>
            </param>
            <param index="1">
              <value>
                <![CDATA["Tambah Testimonial"]]>
              </value>
            </param>
          </params>
          <reporter-output>
          </reporter-output>
        </test-method> <!-- runScenario -->
        <test-method signature="runScenario(io.cucumber.testng.PickleWrapper,io.cucumber.testng.FeatureWrapper)[pri:0, instance:cucumber.framework.runner.jcadmin.JCAdminRunner@4a83a74a]" started-at="2022-10-04T15:26:19 WIB" name="runScenario" description="Runs Cucumber Scenarios" data-provider="scenarios" finished-at="2022-10-04T15:26:46 WIB" duration-ms="26557" status="PASS">
          <params>
            <param index="0">
              <value>
                <![CDATA["Menambah daftar testimonial noactive"]]>
              </value>
            </param>
            <param index="1">
              <value>
                <![CDATA["Tambah Testimonial"]]>
              </value>
            </param>
          </params>
          <reporter-output>
          </reporter-output>
        </test-method> <!-- runScenario -->
        <test-method signature="runScenario(io.cucumber.testng.PickleWrapper,io.cucumber.testng.FeatureWrapper)[pri:0, instance:cucumber.framework.runner.jcadmin.JCAdminRunner@4a83a74a]" started-at="2022-10-04T15:26:46 WIB" name="runScenario" description="Runs Cucumber Scenarios" data-provider="scenarios" finished-at="2022-10-04T15:27:13 WIB" duration-ms="27045" status="PASS">
          <params>
            <param index="0">
              <value>
                <![CDATA["Menambah daftar testimonial noactive"]]>
              </value>
            </param>
            <param index="1">
              <value>
                <![CDATA["Tambah Testimonial"]]>
              </value>
            </param>
          </params>
          <reporter-output>
          </reporter-output>
        </test-method> <!-- runScenario -->
        <test-method signature="runScenario(io.cucumber.testng.PickleWrapper,io.cucumber.testng.FeatureWrapper)[pri:0, instance:cucumber.framework.runner.jcadmin.JCAdminRunner@4a83a74a]" started-at="2022-10-04T15:27:13 WIB" name="runScenario" description="Runs Cucumber Scenarios" data-provider="scenarios" finished-at="2022-10-04T15:27:40 WIB" duration-ms="26621" status="PASS">
          <params>
            <param index="0">
              <value>
                <![CDATA["Menambah daftar testimonial noactive"]]>
              </value>
            </param>
            <param index="1">
              <value>
                <![CDATA["Tambah Testimonial"]]>
              </value>
            </param>
          </params>
          <reporter-output>
          </reporter-output>
        </test-method> <!-- runScenario -->
        <test-method signature="runScenario(io.cucumber.testng.PickleWrapper,io.cucumber.testng.FeatureWrapper)[pri:0, instance:cucumber.framework.runner.jcadmin.JCAdminRunner@4a83a74a]" started-at="2022-10-04T15:27:40 WIB" name="runScenario" description="Runs Cucumber Scenarios" data-provider="scenarios" finished-at="2022-10-04T15:28:06 WIB" duration-ms="26115" status="PASS">
          <params>
            <param index="0">
              <value>
                <![CDATA["Menambah daftar testimonial active format gambar"]]>
              </value>
            </param>
            <param index="1">
              <value>
                <![CDATA["Tambah Testimonial"]]>
              </value>
            </param>
          </params>
          <reporter-output>
          </reporter-output>
        </test-method> <!-- runScenario -->
        <test-method signature="runScenario(io.cucumber.testng.PickleWrapper,io.cucumber.testng.FeatureWrapper)[pri:0, instance:cucumber.framework.runner.jcadmin.JCAdminRunner@4a83a74a]" started-at="2022-10-04T15:28:06 WIB" name="runScenario" description="Runs Cucumber Scenarios" data-provider="scenarios" finished-at="2022-10-04T15:28:33 WIB" duration-ms="27500" status="PASS">
          <params>
            <param index="0">
              <value>
                <![CDATA["Menambah daftar testimonial active format gambar"]]>
              </value>
            </param>
            <param index="1">
              <value>
                <![CDATA["Tambah Testimonial"]]>
              </value>
            </param>
          </params>
          <reporter-output>
          </reporter-output>
        </test-method> <!-- runScenario -->
        <test-method signature="runScenario(io.cucumber.testng.PickleWrapper,io.cucumber.testng.FeatureWrapper)[pri:0, instance:cucumber.framework.runner.jcadmin.JCAdminRunner@4a83a74a]" started-at="2022-10-04T15:28:33 WIB" name="runScenario" description="Runs Cucumber Scenarios" data-provider="scenarios" finished-at="2022-10-04T15:29:00 WIB" duration-ms="26964" status="PASS">
          <params>
            <param index="0">
              <value>
                <![CDATA["Menambah daftar testimonial active format gambar"]]>
              </value>
            </param>
            <param index="1">
              <value>
                <![CDATA["Tambah Testimonial"]]>
              </value>
            </param>
          </params>
          <reporter-output>
          </reporter-output>
        </test-method> <!-- runScenario -->
        <test-method signature="runScenario(io.cucumber.testng.PickleWrapper,io.cucumber.testng.FeatureWrapper)[pri:0, instance:cucumber.framework.runner.jcadmin.JCAdminRunner@4a83a74a]" started-at="2022-10-04T15:29:00 WIB" name="runScenario" description="Runs Cucumber Scenarios" data-provider="scenarios" finished-at="2022-10-04T15:29:27 WIB" duration-ms="26615" status="PASS">
          <params>
            <param index="0">
              <value>
                <![CDATA["Menambah daftar testimonial active format gambar"]]>
              </value>
            </param>
            <param index="1">
              <value>
                <![CDATA["Tambah Testimonial"]]>
              </value>
            </param>
          </params>
          <reporter-output>
          </reporter-output>
        </test-method> <!-- runScenario -->
        <test-method signature="runScenario(io.cucumber.testng.PickleWrapper,io.cucumber.testng.FeatureWrapper)[pri:0, instance:cucumber.framework.runner.jcadmin.JCAdminRunner@4a83a74a]" started-at="2022-10-04T15:29:27 WIB" name="runScenario" description="Runs Cucumber Scenarios" data-provider="scenarios" finished-at="2022-10-04T15:29:54 WIB" duration-ms="26982" status="PASS">
          <params>
            <param index="0">
              <value>
                <![CDATA["Menambah daftar testimonial active format gambar"]]>
              </value>
            </param>
            <param index="1">
              <value>
                <![CDATA["Tambah Testimonial"]]>
              </value>
            </param>
          </params>
          <reporter-output>
          </reporter-output>
        </test-method> <!-- runScenario -->
        <test-method signature="runScenario(io.cucumber.testng.PickleWrapper,io.cucumber.testng.FeatureWrapper)[pri:0, instance:cucumber.framework.runner.jcadmin.JCAdminRunner@4a83a74a]" started-at="2022-10-04T15:29:54 WIB" name="runScenario" description="Runs Cucumber Scenarios" data-provider="scenarios" finished-at="2022-10-04T15:30:20 WIB" duration-ms="26086" status="PASS">
          <params>
            <param index="0">
              <value>
                <![CDATA["Menambah daftar testimonial active format gambar"]]>
              </value>
            </param>
            <param index="1">
              <value>
                <![CDATA["Tambah Testimonial"]]>
              </value>
            </param>
          </params>
          <reporter-output>
          </reporter-output>
        </test-method> <!-- runScenario -->
        <test-method signature="runScenario(io.cucumber.testng.PickleWrapper,io.cucumber.testng.FeatureWrapper)[pri:0, instance:cucumber.framework.runner.jcadmin.JCAdminRunner@4a83a74a]" started-at="2022-10-04T15:30:20 WIB" name="runScenario" description="Runs Cucumber Scenarios" data-provider="scenarios" finished-at="2022-10-04T15:30:47 WIB" duration-ms="27253" status="PASS">
          <params>
            <param index="0">
              <value>
                <![CDATA["Menambah testimonial no active format gambar"]]>
              </value>
            </param>
            <param index="1">
              <value>
                <![CDATA["Tambah Testimonial"]]>
              </value>
            </param>
          </params>
          <reporter-output>
          </reporter-output>
        </test-method> <!-- runScenario -->
        <test-method signature="runScenario(io.cucumber.testng.PickleWrapper,io.cucumber.testng.FeatureWrapper)[pri:0, instance:cucumber.framework.runner.jcadmin.JCAdminRunner@4a83a74a]" started-at="2022-10-04T15:30:47 WIB" name="runScenario" description="Runs Cucumber Scenarios" data-provider="scenarios" finished-at="2022-10-04T15:31:17 WIB" duration-ms="29715" status="PASS">
          <params>
            <param index="0">
              <value>
                <![CDATA["Menambah testimonial no active format gambar"]]>
              </value>
            </param>
            <param index="1">
              <value>
                <![CDATA["Tambah Testimonial"]]>
              </value>
            </param>
          </params>
          <reporter-output>
          </reporter-output>
        </test-method> <!-- runScenario -->
        <test-method signature="runScenario(io.cucumber.testng.PickleWrapper,io.cucumber.testng.FeatureWrapper)[pri:0, instance:cucumber.framework.runner.jcadmin.JCAdminRunner@4a83a74a]" started-at="2022-10-04T15:31:17 WIB" name="runScenario" description="Runs Cucumber Scenarios" data-provider="scenarios" finished-at="2022-10-04T15:31:45 WIB" duration-ms="27806" status="PASS">
          <params>
            <param index="0">
              <value>
                <![CDATA["Menambah testimonial no active format gambar"]]>
              </value>
            </param>
            <param index="1">
              <value>
                <![CDATA["Tambah Testimonial"]]>
              </value>
            </param>
          </params>
          <reporter-output>
          </reporter-output>
        </test-method> <!-- runScenario -->
        <test-method signature="runScenario(io.cucumber.testng.PickleWrapper,io.cucumber.testng.FeatureWrapper)[pri:0, instance:cucumber.framework.runner.jcadmin.JCAdminRunner@4a83a74a]" started-at="2022-10-04T15:31:45 WIB" name="runScenario" description="Runs Cucumber Scenarios" data-provider="scenarios" finished-at="2022-10-04T15:32:12 WIB" duration-ms="27209" status="PASS">
          <params>
            <param index="0">
              <value>
                <![CDATA["Menambah testimonial no active format gambar"]]>
              </value>
            </param>
            <param index="1">
              <value>
                <![CDATA["Tambah Testimonial"]]>
              </value>
            </param>
          </params>
          <reporter-output>
          </reporter-output>
        </test-method> <!-- runScenario -->
        <test-method signature="runScenario(io.cucumber.testng.PickleWrapper,io.cucumber.testng.FeatureWrapper)[pri:0, instance:cucumber.framework.runner.jcadmin.JCAdminRunner@4a83a74a]" started-at="2022-10-04T15:32:12 WIB" name="runScenario" description="Runs Cucumber Scenarios" data-provider="scenarios" finished-at="2022-10-04T15:32:39 WIB" duration-ms="26829" status="PASS">
          <params>
            <param index="0">
              <value>
                <![CDATA["Menambah testimonial no active format gambar"]]>
              </value>
            </param>
            <param index="1">
              <value>
                <![CDATA["Tambah Testimonial"]]>
              </value>
            </param>
          </params>
          <reporter-output>
          </reporter-output>
        </test-method> <!-- runScenario -->
        <test-method signature="runScenario(io.cucumber.testng.PickleWrapper,io.cucumber.testng.FeatureWrapper)[pri:0, instance:cucumber.framework.runner.jcadmin.JCAdminRunner@4a83a74a]" started-at="2022-10-04T15:32:39 WIB" name="runScenario" description="Runs Cucumber Scenarios" data-provider="scenarios" finished-at="2022-10-04T15:33:04 WIB" duration-ms="25642" status="PASS">
          <params>
            <param index="0">
              <value>
                <![CDATA["Menambah testimonial no active format gambar"]]>
              </value>
            </param>
            <param index="1">
              <value>
                <![CDATA["Tambah Testimonial"]]>
              </value>
            </param>
          </params>
          <reporter-output>
          </reporter-output>
        </test-method> <!-- runScenario -->
        <test-method signature="runScenario(io.cucumber.testng.PickleWrapper,io.cucumber.testng.FeatureWrapper)[pri:0, instance:cucumber.framework.runner.jcadmin.JCAdminRunner@4a83a74a]" started-at="2022-10-04T15:33:04 WIB" name="runScenario" description="Runs Cucumber Scenarios" data-provider="scenarios" finished-at="2022-10-04T15:33:30 WIB" duration-ms="25661" status="PASS">
          <params>
            <param index="0">
              <value>
                <![CDATA["Menambah testi active karakter beda"]]>
              </value>
            </param>
            <param index="1">
              <value>
                <![CDATA["Tambah Testimonial"]]>
              </value>
            </param>
          </params>
          <reporter-output>
          </reporter-output>
        </test-method> <!-- runScenario -->
        <test-method signature="runScenario(io.cucumber.testng.PickleWrapper,io.cucumber.testng.FeatureWrapper)[pri:0, instance:cucumber.framework.runner.jcadmin.JCAdminRunner@4a83a74a]" started-at="2022-10-04T15:33:30 WIB" name="runScenario" description="Runs Cucumber Scenarios" data-provider="scenarios" finished-at="2022-10-04T15:33:56 WIB" duration-ms="25596" status="PASS">
          <params>
            <param index="0">
              <value>
                <![CDATA["Menambah testi active karakter beda"]]>
              </value>
            </param>
            <param index="1">
              <value>
                <![CDATA["Tambah Testimonial"]]>
              </value>
            </param>
          </params>
          <reporter-output>
          </reporter-output>
        </test-method> <!-- runScenario -->
        <test-method signature="runScenario(io.cucumber.testng.PickleWrapper,io.cucumber.testng.FeatureWrapper)[pri:0, instance:cucumber.framework.runner.jcadmin.JCAdminRunner@4a83a74a]" started-at="2022-10-04T15:33:56 WIB" name="runScenario" description="Runs Cucumber Scenarios" data-provider="scenarios" finished-at="2022-10-04T15:34:21 WIB" duration-ms="25866" status="PASS">
          <params>
            <param index="0">
              <value>
                <![CDATA["Menambah testi active karakter beda"]]>
              </value>
            </param>
            <param index="1">
              <value>
                <![CDATA["Tambah Testimonial"]]>
              </value>
            </param>
          </params>
          <reporter-output>
          </reporter-output>
        </test-method> <!-- runScenario -->
        <test-method signature="runScenario(io.cucumber.testng.PickleWrapper,io.cucumber.testng.FeatureWrapper)[pri:0, instance:cucumber.framework.runner.jcadmin.JCAdminRunner@4a83a74a]" started-at="2022-10-04T15:34:21 WIB" name="runScenario" description="Runs Cucumber Scenarios" data-provider="scenarios" finished-at="2022-10-04T15:34:49 WIB" duration-ms="27875" status="PASS">
          <params>
            <param index="0">
              <value>
                <![CDATA["Menambah testi active karakter beda"]]>
              </value>
            </param>
            <param index="1">
              <value>
                <![CDATA["Tambah Testimonial"]]>
              </value>
            </param>
          </params>
          <reporter-output>
          </reporter-output>
        </test-method> <!-- runScenario -->
        <test-method signature="runScenario(io.cucumber.testng.PickleWrapper,io.cucumber.testng.FeatureWrapper)[pri:0, instance:cucumber.framework.runner.jcadmin.JCAdminRunner@4a83a74a]" started-at="2022-10-04T15:34:49 WIB" name="runScenario" description="Runs Cucumber Scenarios" data-provider="scenarios" finished-at="2022-10-04T15:35:16 WIB" duration-ms="26389" status="PASS">
          <params>
            <param index="0">
              <value>
                <![CDATA["Menambah testi active karakter beda"]]>
              </value>
            </param>
            <param index="1">
              <value>
                <![CDATA["Tambah Testimonial"]]>
              </value>
            </param>
          </params>
          <reporter-output>
          </reporter-output>
        </test-method> <!-- runScenario -->
        <test-method signature="runScenario(io.cucumber.testng.PickleWrapper,io.cucumber.testng.FeatureWrapper)[pri:0, instance:cucumber.framework.runner.jcadmin.JCAdminRunner@4a83a74a]" started-at="2022-10-04T15:35:16 WIB" name="runScenario" description="Runs Cucumber Scenarios" data-provider="scenarios" finished-at="2022-10-04T15:35:42 WIB" duration-ms="26378" status="PASS">
          <params>
            <param index="0">
              <value>
                <![CDATA["Menambah testi active karakter beda"]]>
              </value>
            </param>
            <param index="1">
              <value>
                <![CDATA["Tambah Testimonial"]]>
              </value>
            </param>
          </params>
          <reporter-output>
          </reporter-output>
        </test-method> <!-- runScenario -->
        <test-method signature="runScenario(io.cucumber.testng.PickleWrapper,io.cucumber.testng.FeatureWrapper)[pri:0, instance:cucumber.framework.runner.jcadmin.JCAdminRunner@4a83a74a]" started-at="2022-10-04T15:35:42 WIB" name="runScenario" description="Runs Cucumber Scenarios" data-provider="scenarios" finished-at="2022-10-04T15:36:08 WIB" duration-ms="25910" status="PASS">
          <params>
            <param index="0">
              <value>
                <![CDATA["Menambah testi no active format karakter beda"]]>
              </value>
            </param>
            <param index="1">
              <value>
                <![CDATA["Tambah Testimonial"]]>
              </value>
            </param>
          </params>
          <reporter-output>
          </reporter-output>
        </test-method> <!-- runScenario -->
        <test-method signature="runScenario(io.cucumber.testng.PickleWrapper,io.cucumber.testng.FeatureWrapper)[pri:0, instance:cucumber.framework.runner.jcadmin.JCAdminRunner@4a83a74a]" started-at="2022-10-04T15:36:08 WIB" name="runScenario" description="Runs Cucumber Scenarios" data-provider="scenarios" finished-at="2022-10-04T15:36:34 WIB" duration-ms="26128" status="PASS">
          <params>
            <param index="0">
              <value>
                <![CDATA["Menambah testi no active format karakter beda"]]>
              </value>
            </param>
            <param index="1">
              <value>
                <![CDATA["Tambah Testimonial"]]>
              </value>
            </param>
          </params>
          <reporter-output>
          </reporter-output>
        </test-method> <!-- runScenario -->
        <test-method signature="runScenario(io.cucumber.testng.PickleWrapper,io.cucumber.testng.FeatureWrapper)[pri:0, instance:cucumber.framework.runner.jcadmin.JCAdminRunner@4a83a74a]" started-at="2022-10-04T15:36:34 WIB" name="runScenario" description="Runs Cucumber Scenarios" data-provider="scenarios" finished-at="2022-10-04T15:37:00 WIB" duration-ms="25617" status="PASS">
          <params>
            <param index="0">
              <value>
                <![CDATA["Menambah testi no active format karakter beda"]]>
              </value>
            </param>
            <param index="1">
              <value>
                <![CDATA["Tambah Testimonial"]]>
              </value>
            </param>
          </params>
          <reporter-output>
          </reporter-output>
        </test-method> <!-- runScenario -->
        <test-method signature="runScenario(io.cucumber.testng.PickleWrapper,io.cucumber.testng.FeatureWrapper)[pri:0, instance:cucumber.framework.runner.jcadmin.JCAdminRunner@4a83a74a]" started-at="2022-10-04T15:37:00 WIB" name="runScenario" description="Runs Cucumber Scenarios" data-provider="scenarios" finished-at="2022-10-04T15:37:26 WIB" duration-ms="25727" status="PASS">
          <params>
            <param index="0">
              <value>
                <![CDATA["Menambah testi no active format karakter beda"]]>
              </value>
            </param>
            <param index="1">
              <value>
                <![CDATA["Tambah Testimonial"]]>
              </value>
            </param>
          </params>
          <reporter-output>
          </reporter-output>
        </test-method> <!-- runScenario -->
        <test-method signature="runScenario(io.cucumber.testng.PickleWrapper,io.cucumber.testng.FeatureWrapper)[pri:0, instance:cucumber.framework.runner.jcadmin.JCAdminRunner@4a83a74a]" started-at="2022-10-04T15:37:26 WIB" name="runScenario" description="Runs Cucumber Scenarios" data-provider="scenarios" finished-at="2022-10-04T15:37:51 WIB" duration-ms="25896" status="PASS">
          <params>
            <param index="0">
              <value>
                <![CDATA["Menambah testi no active format karakter beda"]]>
              </value>
            </param>
            <param index="1">
              <value>
                <![CDATA["Tambah Testimonial"]]>
              </value>
            </param>
          </params>
          <reporter-output>
          </reporter-output>
        </test-method> <!-- runScenario -->
        <test-method signature="runScenario(io.cucumber.testng.PickleWrapper,io.cucumber.testng.FeatureWrapper)[pri:0, instance:cucumber.framework.runner.jcadmin.JCAdminRunner@4a83a74a]" started-at="2022-10-04T15:37:51 WIB" name="runScenario" description="Runs Cucumber Scenarios" data-provider="scenarios" finished-at="2022-10-04T15:38:17 WIB" duration-ms="25494" status="PASS">
          <params>
            <param index="0">
              <value>
                <![CDATA["Menambah testi no active format karakter beda"]]>
              </value>
            </param>
            <param index="1">
              <value>
                <![CDATA["Tambah Testimonial"]]>
              </value>
            </param>
          </params>
          <reporter-output>
          </reporter-output>
        </test-method> <!-- runScenario -->
        <test-method signature="runScenario(io.cucumber.testng.PickleWrapper,io.cucumber.testng.FeatureWrapper)[pri:0, instance:cucumber.framework.runner.jcadmin.JCAdminRunner@4a83a74a]" started-at="2022-10-04T15:38:17 WIB" name="runScenario" description="Runs Cucumber Scenarios" data-provider="scenarios" finished-at="2022-10-04T15:38:30 WIB" duration-ms="13004" status="PASS">
          <params>
            <param index="0">
              <value>
                <![CDATA["Mengedit gambar di data pertama"]]>
              </value>
            </param>
            <param index="1">
              <value>
                <![CDATA["Edit Testimonial"]]>
              </value>
            </param>
          </params>
          <reporter-output>
          </reporter-output>
        </test-method> <!-- runScenario -->
        <test-method signature="runScenario(io.cucumber.testng.PickleWrapper,io.cucumber.testng.FeatureWrapper)[pri:0, instance:cucumber.framework.runner.jcadmin.JCAdminRunner@4a83a74a]" started-at="2022-10-04T15:38:30 WIB" name="runScenario" description="Runs Cucumber Scenarios" data-provider="scenarios" finished-at="2022-10-04T15:38:43 WIB" duration-ms="13105" status="PASS">
          <params>
            <param index="0">
              <value>
                <![CDATA["Mengedit dropdown rating nol"]]>
              </value>
            </param>
            <param index="1">
              <value>
                <![CDATA["Edit Testimonial"]]>
              </value>
            </param>
          </params>
          <reporter-output>
          </reporter-output>
        </test-method> <!-- runScenario -->
        <test-method signature="runScenario(io.cucumber.testng.PickleWrapper,io.cucumber.testng.FeatureWrapper)[pri:0, instance:cucumber.framework.runner.jcadmin.JCAdminRunner@4a83a74a]" started-at="2022-10-04T15:38:43 WIB" name="runScenario" description="Runs Cucumber Scenarios" data-provider="scenarios" finished-at="2022-10-04T15:38:57 WIB" duration-ms="13571" status="PASS">
          <params>
            <param index="0">
              <value>
                <![CDATA["Mengedit dropdown menu rating satu"]]>
              </value>
            </param>
            <param index="1">
              <value>
                <![CDATA["Edit Testimonial"]]>
              </value>
            </param>
          </params>
          <reporter-output>
          </reporter-output>
        </test-method> <!-- runScenario -->
        <test-method signature="runScenario(io.cucumber.testng.PickleWrapper,io.cucumber.testng.FeatureWrapper)[pri:0, instance:cucumber.framework.runner.jcadmin.JCAdminRunner@4a83a74a]" started-at="2022-10-04T15:38:57 WIB" name="runScenario" description="Runs Cucumber Scenarios" data-provider="scenarios" finished-at="2022-10-04T15:39:10 WIB" duration-ms="13832" status="PASS">
          <params>
            <param index="0">
              <value>
                <![CDATA["Mengedit menu dropdown rating dua"]]>
              </value>
            </param>
            <param index="1">
              <value>
                <![CDATA["Edit Testimonial"]]>
              </value>
            </param>
          </params>
          <reporter-output>
          </reporter-output>
        </test-method> <!-- runScenario -->
        <test-method signature="runScenario(io.cucumber.testng.PickleWrapper,io.cucumber.testng.FeatureWrapper)[pri:0, instance:cucumber.framework.runner.jcadmin.JCAdminRunner@4a83a74a]" started-at="2022-10-04T15:39:10 WIB" name="runScenario" description="Runs Cucumber Scenarios" data-provider="scenarios" finished-at="2022-10-04T15:39:23 WIB" duration-ms="13073" status="PASS">
          <params>
            <param index="0">
              <value>
                <![CDATA["Mengedit rating tiga dropdown"]]>
              </value>
            </param>
            <param index="1">
              <value>
                <![CDATA["Edit Testimonial"]]>
              </value>
            </param>
          </params>
          <reporter-output>
          </reporter-output>
        </test-method> <!-- runScenario -->
        <test-method signature="runScenario(io.cucumber.testng.PickleWrapper,io.cucumber.testng.FeatureWrapper)[pri:0, instance:cucumber.framework.runner.jcadmin.JCAdminRunner@4a83a74a]" started-at="2022-10-04T15:39:23 WIB" name="runScenario" description="Runs Cucumber Scenarios" data-provider="scenarios" finished-at="2022-10-04T15:39:37 WIB" duration-ms="13925" status="PASS">
          <params>
            <param index="0">
              <value>
                <![CDATA["Mengedit rating empat menu dropdown"]]>
              </value>
            </param>
            <param index="1">
              <value>
                <![CDATA["Edit Testimonial"]]>
              </value>
            </param>
          </params>
          <reporter-output>
          </reporter-output>
        </test-method> <!-- runScenario -->
        <test-method signature="runScenario(io.cucumber.testng.PickleWrapper,io.cucumber.testng.FeatureWrapper)[pri:0, instance:cucumber.framework.runner.jcadmin.JCAdminRunner@4a83a74a]" started-at="2022-10-04T15:39:37 WIB" name="runScenario" description="Runs Cucumber Scenarios" data-provider="scenarios" finished-at="2022-10-04T15:39:51 WIB" duration-ms="13319" status="PASS">
          <params>
            <param index="0">
              <value>
                <![CDATA["Mengedit rating lima dropdown menu"]]>
              </value>
            </param>
            <param index="1">
              <value>
                <![CDATA["Edit Testimonial"]]>
              </value>
            </param>
          </params>
          <reporter-output>
          </reporter-output>
        </test-method> <!-- runScenario -->
        <test-method signature="runScenario(io.cucumber.testng.PickleWrapper,io.cucumber.testng.FeatureWrapper)[pri:0, instance:cucumber.framework.runner.jcadmin.JCAdminRunner@4a83a74a]" started-at="2022-10-04T15:39:51 WIB" name="runScenario" description="Runs Cucumber Scenarios" data-provider="scenarios" finished-at="2022-10-04T15:40:03 WIB" duration-ms="12397" status="PASS">
          <params>
            <param index="0">
              <value>
                <![CDATA["Mengedit nama peserta di data pertama"]]>
              </value>
            </param>
            <param index="1">
              <value>
                <![CDATA["Edit Testimonial"]]>
              </value>
            </param>
          </params>
          <reporter-output>
          </reporter-output>
        </test-method> <!-- runScenario -->
        <test-method signature="runScenario(io.cucumber.testng.PickleWrapper,io.cucumber.testng.FeatureWrapper)[pri:0, instance:cucumber.framework.runner.jcadmin.JCAdminRunner@4a83a74a]" started-at="2022-10-04T15:40:03 WIB" name="runScenario" description="Runs Cucumber Scenarios" data-provider="scenarios" finished-at="2022-10-04T15:40:16 WIB" duration-ms="12635" status="PASS">
          <params>
            <param index="0">
              <value>
                <![CDATA["Mengedit isi testimonial"]]>
              </value>
            </param>
            <param index="1">
              <value>
                <![CDATA["Edit Testimonial"]]>
              </value>
            </param>
          </params>
          <reporter-output>
          </reporter-output>
        </test-method> <!-- runScenario -->
        <test-method signature="runScenario(io.cucumber.testng.PickleWrapper,io.cucumber.testng.FeatureWrapper)[pri:0, instance:cucumber.framework.runner.jcadmin.JCAdminRunner@4a83a74a]" started-at="2022-10-04T15:40:16 WIB" name="runScenario" description="Runs Cucumber Scenarios" data-provider="scenarios" finished-at="2022-10-04T15:40:30 WIB" duration-ms="13817" status="PASS">
          <params>
            <param index="0">
              <value>
                <![CDATA["Mengedit active no active"]]>
              </value>
            </param>
            <param index="1">
              <value>
                <![CDATA["Edit Testimonial"]]>
              </value>
            </param>
          </params>
          <reporter-output>
          </reporter-output>
        </test-method> <!-- runScenario -->
        <test-method signature="runScenario(io.cucumber.testng.PickleWrapper,io.cucumber.testng.FeatureWrapper)[pri:0, instance:cucumber.framework.runner.jcadmin.JCAdminRunner@4a83a74a]" started-at="2022-10-04T15:40:30 WIB" name="runScenario" description="Runs Cucumber Scenarios" data-provider="scenarios" finished-at="2022-10-04T15:40:43 WIB" duration-ms="13099" status="PASS">
          <params>
            <param index="0">
              <value>
                <![CDATA["Mengedit no active active"]]>
              </value>
            </param>
            <param index="1">
              <value>
                <![CDATA["Edit Testimonial"]]>
              </value>
            </param>
          </params>
          <reporter-output>
          </reporter-output>
        </test-method> <!-- runScenario -->
        <test-method signature="runScenario(io.cucumber.testng.PickleWrapper,io.cucumber.testng.FeatureWrapper)[pri:0, instance:cucumber.framework.runner.jcadmin.JCAdminRunner@4a83a74a]" started-at="2022-10-04T15:40:43 WIB" name="runScenario" description="Runs Cucumber Scenarios" data-provider="scenarios" finished-at="2022-10-04T15:40:49 WIB" duration-ms="6669" status="FAIL">
          <params>
            <param index="0">
              <value>
                <![CDATA["Mencari nama peserta"]]>
              </value>
            </param>
            <param index="1">
              <value>
                <![CDATA["Search Testimonial"]]>
              </value>
            </param>
          </params>
          <exception class="java.lang.AssertionError">
            <message>
              <![CDATA[expected [true] but found [false]]]>
            </message>
            <full-stacktrace>
              <![CDATA[java.lang.AssertionError: expected [true] but found [false]
at org.testng.Assert.fail(Assert.java:110)
at org.testng.Assert.failNotEquals(Assert.java:1413)
at org.testng.Assert.assertTrue(Assert.java:56)
at org.testng.Assert.assertTrue(Assert.java:66)
at cucumber.framework.runner.jcadmin.JCSearchTestimonialImpl.te050p_data_ditemukan(JCSearchTestimonialImpl.java:52)
at ✽.TE050P Data ditemukan(file:///C:/Users/NEXSOFT/Documents/Nexsoft/TA-NISA/TA-NISA/src/main/resources/jcadmin/002Testimonial003Search.feature:8)
]]>
            </full-stacktrace>
          </exception> <!-- java.lang.AssertionError -->
          <reporter-output>
          </reporter-output>
        </test-method> <!-- runScenario -->
        <test-method signature="runScenario(io.cucumber.testng.PickleWrapper,io.cucumber.testng.FeatureWrapper)[pri:0, instance:cucumber.framework.runner.jcadmin.JCAdminRunner@4a83a74a]" started-at="2022-10-04T15:40:49 WIB" name="runScenario" description="Runs Cucumber Scenarios" data-provider="scenarios" finished-at="2022-10-04T15:41:07 WIB" duration-ms="17436" status="PASS">
          <params>
            <param index="0">
              <value>
                <![CDATA["Mencari dan edit gambar"]]>
              </value>
            </param>
            <param index="1">
              <value>
                <![CDATA["Search Edit Testimonial"]]>
              </value>
            </param>
          </params>
          <reporter-output>
          </reporter-output>
        </test-method> <!-- runScenario -->
        <test-method signature="runScenario(io.cucumber.testng.PickleWrapper,io.cucumber.testng.FeatureWrapper)[pri:0, instance:cucumber.framework.runner.jcadmin.JCAdminRunner@4a83a74a]" started-at="2022-10-04T15:41:07 WIB" name="runScenario" description="Runs Cucumber Scenarios" data-provider="scenarios" finished-at="2022-10-04T15:41:19 WIB" duration-ms="12301" status="PASS">
          <params>
            <param index="0">
              <value>
                <![CDATA["Mencari dan edit nama"]]>
              </value>
            </param>
            <param index="1">
              <value>
                <![CDATA["Search Edit Testimonial"]]>
              </value>
            </param>
          </params>
          <reporter-output>
          </reporter-output>
        </test-method> <!-- runScenario -->
        <test-method signature="runScenario(io.cucumber.testng.PickleWrapper,io.cucumber.testng.FeatureWrapper)[pri:0, instance:cucumber.framework.runner.jcadmin.JCAdminRunner@4a83a74a]" started-at="2022-10-04T15:41:19 WIB" name="runScenario" description="Runs Cucumber Scenarios" data-provider="scenarios" finished-at="2022-10-04T15:41:31 WIB" duration-ms="12086" status="PASS">
          <params>
            <param index="0">
              <value>
                <![CDATA["Mencari dan edit isi"]]>
              </value>
            </param>
            <param index="1">
              <value>
                <![CDATA["Search Edit Testimonial"]]>
              </value>
            </param>
          </params>
          <reporter-output>
          </reporter-output>
        </test-method> <!-- runScenario -->
        <test-method is-config="true" signature="tearDownClass()[pri:0, instance:cucumber.framework.runner.jcadmin.JCAdminRunner@4a83a74a]" started-at="2022-10-04T15:41:31 WIB" name="tearDownClass" finished-at="2022-10-04T15:41:34 WIB" duration-ms="2565" status="PASS">
          <reporter-output>
          </reporter-output>
        </test-method> <!-- tearDownClass -->
      </class> <!-- cucumber.framework.runner.jcadmin.JCAdminRunner -->
    </test> <!-- Default test -->
  </suite> <!-- Default suite -->
</testng-results>
