<?xml version="1.0" encoding="UTF-8"?>
<testng-results ignored="0" total="125" passed="119" failed="6" skipped="0">
  <reporter-output>
  </reporter-output>
  <suite started-at="2022-10-07T13:54:05 WIB" name="Default suite" finished-at="2022-10-07T14:40:01 WIB" duration-ms="2755471">
    <groups>
      <group name="cucumber">
        <method signature="AbstractTestNGCucumberTests.runScenario(io.cucumber.testng.PickleWrapper,io.cucumber.testng.FeatureWrapper)[pri:0, instance:cucumber.framework.runner.jcadmin.JCAdminRunner@4a83a74a]" name="runScenario" class="io.cucumber.testng.AbstractTestNGCucumberTests"/>
      </group> <!-- cucumber -->
    </groups>
    <test started-at="2022-10-07T13:54:05 WIB" name="Default test" finished-at="2022-10-07T14:40:01 WIB" duration-ms="2755471">
      <class name="cucumber.framework.runner.jcadmin.JCAdminRunner">
        <test-method is-config="true" signature="setUpClass(org.testng.ITestContext)[pri:0, instance:cucumber.framework.runner.jcadmin.JCAdminRunner@4a83a74a]" started-at="2022-10-07T13:54:05 WIB" name="setUpClass" finished-at="2022-10-07T13:54:06 WIB" duration-ms="670" status="PASS">
          <params>
            <param index="0">
              <value>
                <![CDATA[org.testng.TestRunner@529e6aa5]]>
              </value>
            </param>
          </params>
          <reporter-output>
          </reporter-output>
        </test-method> <!-- setUpClass -->
        <test-method signature="runScenario(io.cucumber.testng.PickleWrapper,io.cucumber.testng.FeatureWrapper)[pri:0, instance:cucumber.framework.runner.jcadmin.JCAdminRunner@4a83a74a]" started-at="2022-10-07T13:54:06 WIB" name="runScenario" description="Runs Cucumber Scenarios" data-provider="scenarios" finished-at="2022-10-07T13:54:15 WIB" duration-ms="8500" status="PASS">
          <params>
            <param index="0">
              <value>
                <![CDATA["User valid login Outlinee"]]>
              </value>
            </param>
            <param index="1">
              <value>
                <![CDATA["Login Valid"]]>
              </value>
            </param>
          </params>
          <reporter-output>
          </reporter-output>
        </test-method> <!-- runScenario -->
        <test-method signature="runScenario(io.cucumber.testng.PickleWrapper,io.cucumber.testng.FeatureWrapper)[pri:0, instance:cucumber.framework.runner.jcadmin.JCAdminRunner@4a83a74a]" started-at="2022-10-07T13:54:15 WIB" name="runScenario" description="Runs Cucumber Scenarios" data-provider="scenarios" finished-at="2022-10-07T13:54:18 WIB" duration-ms="2978" status="PASS">
          <params>
            <param index="0">
              <value>
                <![CDATA["User valid login uppercase user Outlinee"]]>
              </value>
            </param>
            <param index="1">
              <value>
                <![CDATA["Login Valid"]]>
              </value>
            </param>
          </params>
          <reporter-output>
          </reporter-output>
        </test-method> <!-- runScenario -->
        <test-method signature="runScenario(io.cucumber.testng.PickleWrapper,io.cucumber.testng.FeatureWrapper)[pri:0, instance:cucumber.framework.runner.jcadmin.JCAdminRunner@4a83a74a]" started-at="2022-10-07T13:54:18 WIB" name="runScenario" description="Runs Cucumber Scenarios" data-provider="scenarios" finished-at="2022-10-07T13:54:20 WIB" duration-ms="2936" status="PASS">
          <params>
            <param index="0">
              <value>
                <![CDATA["User valid login uppercase email Outlinee"]]>
              </value>
            </param>
            <param index="1">
              <value>
                <![CDATA["Login Valid"]]>
              </value>
            </param>
          </params>
          <reporter-output>
          </reporter-output>
        </test-method> <!-- runScenario -->
        <test-method signature="runScenario(io.cucumber.testng.PickleWrapper,io.cucumber.testng.FeatureWrapper)[pri:0, instance:cucumber.framework.runner.jcadmin.JCAdminRunner@4a83a74a]" started-at="2022-10-07T13:54:20 WIB" name="runScenario" description="Runs Cucumber Scenarios" data-provider="scenarios" finished-at="2022-10-07T13:54:24 WIB" duration-ms="3224" status="PASS">
          <params>
            <param index="0">
              <value>
                <![CDATA["User valid login uppercase Outlinee"]]>
              </value>
            </param>
            <param index="1">
              <value>
                <![CDATA["Login Valid"]]>
              </value>
            </param>
          </params>
          <reporter-output>
          </reporter-output>
        </test-method> <!-- runScenario -->
        <test-method signature="runScenario(io.cucumber.testng.PickleWrapper,io.cucumber.testng.FeatureWrapper)[pri:0, instance:cucumber.framework.runner.jcadmin.JCAdminRunner@4a83a74a]" started-at="2022-10-07T13:54:24 WIB" name="runScenario" description="Runs Cucumber Scenarios" data-provider="scenarios" finished-at="2022-10-07T13:54:27 WIB" duration-ms="3310" status="PASS">
          <params>
            <param index="0">
              <value>
                <![CDATA["User valid login upperlower case user Outlinee"]]>
              </value>
            </param>
            <param index="1">
              <value>
                <![CDATA["Login Valid"]]>
              </value>
            </param>
          </params>
          <reporter-output>
          </reporter-output>
        </test-method> <!-- runScenario -->
        <test-method signature="runScenario(io.cucumber.testng.PickleWrapper,io.cucumber.testng.FeatureWrapper)[pri:0, instance:cucumber.framework.runner.jcadmin.JCAdminRunner@4a83a74a]" started-at="2022-10-07T13:54:27 WIB" name="runScenario" description="Runs Cucumber Scenarios" data-provider="scenarios" finished-at="2022-10-07T13:54:30 WIB" duration-ms="2960" status="PASS">
          <params>
            <param index="0">
              <value>
                <![CDATA["User valid login upperlower case email Outlinee"]]>
              </value>
            </param>
            <param index="1">
              <value>
                <![CDATA["Login Valid"]]>
              </value>
            </param>
          </params>
          <reporter-output>
          </reporter-output>
        </test-method> <!-- runScenario -->
        <test-method signature="runScenario(io.cucumber.testng.PickleWrapper,io.cucumber.testng.FeatureWrapper)[pri:0, instance:cucumber.framework.runner.jcadmin.JCAdminRunner@4a83a74a]" started-at="2022-10-07T13:54:30 WIB" name="runScenario" description="Runs Cucumber Scenarios" data-provider="scenarios" finished-at="2022-10-07T13:54:33 WIB" duration-ms="2819" status="PASS">
          <params>
            <param index="0">
              <value>
                <![CDATA["User valid login upperlower case Outlinee"]]>
              </value>
            </param>
            <param index="1">
              <value>
                <![CDATA["Login Valid"]]>
              </value>
            </param>
          </params>
          <reporter-output>
          </reporter-output>
        </test-method> <!-- runScenario -->
        <test-method signature="runScenario(io.cucumber.testng.PickleWrapper,io.cucumber.testng.FeatureWrapper)[pri:0, instance:cucumber.framework.runner.jcadmin.JCAdminRunner@4a83a74a]" started-at="2022-10-07T13:54:33 WIB" name="runScenario" description="Runs Cucumber Scenarios" data-provider="scenarios" finished-at="2022-10-07T13:54:33 WIB" duration-ms="380" status="PASS">
          <params>
            <param index="0">
              <value>
                <![CDATA["Admin invalid login simpan"]]>
              </value>
            </param>
            <param index="1">
              <value>
                <![CDATA["Login Invalid"]]>
              </value>
            </param>
          </params>
          <reporter-output>
          </reporter-output>
        </test-method> <!-- runScenario -->
        <test-method signature="runScenario(io.cucumber.testng.PickleWrapper,io.cucumber.testng.FeatureWrapper)[pri:0, instance:cucumber.framework.runner.jcadmin.JCAdminRunner@4a83a74a]" started-at="2022-10-07T13:54:33 WIB" name="runScenario" description="Runs Cucumber Scenarios" data-provider="scenarios" finished-at="2022-10-07T13:54:36 WIB" duration-ms="2505" status="PASS">
          <params>
            <param index="0">
              <value>
                <![CDATA["Admin invalid login klik submit"]]>
              </value>
            </param>
            <param index="1">
              <value>
                <![CDATA["Login Invalid"]]>
              </value>
            </param>
          </params>
          <reporter-output>
          </reporter-output>
        </test-method> <!-- runScenario -->
        <test-method signature="runScenario(io.cucumber.testng.PickleWrapper,io.cucumber.testng.FeatureWrapper)[pri:0, instance:cucumber.framework.runner.jcadmin.JCAdminRunner@4a83a74a]" started-at="2022-10-07T13:54:36 WIB" name="runScenario" description="Runs Cucumber Scenarios" data-provider="scenarios" finished-at="2022-10-07T13:54:37 WIB" duration-ms="1553" status="PASS">
          <params>
            <param index="0">
              <value>
                <![CDATA["Admin invalid login input username"]]>
              </value>
            </param>
            <param index="1">
              <value>
                <![CDATA["Login Invalid"]]>
              </value>
            </param>
          </params>
          <reporter-output>
          </reporter-output>
        </test-method> <!-- runScenario -->
        <test-method signature="runScenario(io.cucumber.testng.PickleWrapper,io.cucumber.testng.FeatureWrapper)[pri:0, instance:cucumber.framework.runner.jcadmin.JCAdminRunner@4a83a74a]" started-at="2022-10-07T13:54:37 WIB" name="runScenario" description="Runs Cucumber Scenarios" data-provider="scenarios" finished-at="2022-10-07T13:54:39 WIB" duration-ms="1368" status="PASS">
          <params>
            <param index="0">
              <value>
                <![CDATA["Admin invalid login input password"]]>
              </value>
            </param>
            <param index="1">
              <value>
                <![CDATA["Login Invalid"]]>
              </value>
            </param>
          </params>
          <reporter-output>
          </reporter-output>
        </test-method> <!-- runScenario -->
        <test-method signature="runScenario(io.cucumber.testng.PickleWrapper,io.cucumber.testng.FeatureWrapper)[pri:0, instance:cucumber.framework.runner.jcadmin.JCAdminRunner@4a83a74a]" started-at="2022-10-07T13:54:39 WIB" name="runScenario" description="Runs Cucumber Scenarios" data-provider="scenarios" finished-at="2022-10-07T13:54:41 WIB" duration-ms="2623" status="PASS">
          <params>
            <param index="0">
              <value>
                <![CDATA["Admin invalid login input password uppercase"]]>
              </value>
            </param>
            <param index="1">
              <value>
                <![CDATA["Login Invalid"]]>
              </value>
            </param>
          </params>
          <reporter-output>
          </reporter-output>
        </test-method> <!-- runScenario -->
        <test-method signature="runScenario(io.cucumber.testng.PickleWrapper,io.cucumber.testng.FeatureWrapper)[pri:0, instance:cucumber.framework.runner.jcadmin.JCAdminRunner@4a83a74a]" started-at="2022-10-07T13:54:41 WIB" name="runScenario" description="Runs Cucumber Scenarios" data-provider="scenarios" finished-at="2022-10-07T13:54:44 WIB" duration-ms="2623" status="PASS">
          <params>
            <param index="0">
              <value>
                <![CDATA["Admin invalid login upper"]]>
              </value>
            </param>
            <param index="1">
              <value>
                <![CDATA["Login Invalid"]]>
              </value>
            </param>
          </params>
          <reporter-output>
          </reporter-output>
        </test-method> <!-- runScenario -->
        <test-method signature="runScenario(io.cucumber.testng.PickleWrapper,io.cucumber.testng.FeatureWrapper)[pri:0, instance:cucumber.framework.runner.jcadmin.JCAdminRunner@4a83a74a]" started-at="2022-10-07T13:54:44 WIB" name="runScenario" description="Runs Cucumber Scenarios" data-provider="scenarios" finished-at="2022-10-07T13:54:46 WIB" duration-ms="2651" status="PASS">
          <params>
            <param index="0">
              <value>
                <![CDATA["Admin invalid login input spasi"]]>
              </value>
            </param>
            <param index="1">
              <value>
                <![CDATA["Login Invalid"]]>
              </value>
            </param>
          </params>
          <reporter-output>
          </reporter-output>
        </test-method> <!-- runScenario -->
        <test-method signature="runScenario(io.cucumber.testng.PickleWrapper,io.cucumber.testng.FeatureWrapper)[pri:0, instance:cucumber.framework.runner.jcadmin.JCAdminRunner@4a83a74a]" started-at="2022-10-07T13:54:47 WIB" name="runScenario" description="Runs Cucumber Scenarios" data-provider="scenarios" finished-at="2022-10-07T13:54:49 WIB" duration-ms="2573" status="PASS">
          <params>
            <param index="0">
              <value>
                <![CDATA["Admin invalid login user tanpa format email"]]>
              </value>
            </param>
            <param index="1">
              <value>
                <![CDATA["Login Invalid"]]>
              </value>
            </param>
          </params>
          <reporter-output>
          </reporter-output>
        </test-method> <!-- runScenario -->
        <test-method signature="runScenario(io.cucumber.testng.PickleWrapper,io.cucumber.testng.FeatureWrapper)[pri:0, instance:cucumber.framework.runner.jcadmin.JCAdminRunner@4a83a74a]" started-at="2022-10-07T13:54:49 WIB" name="runScenario" description="Runs Cucumber Scenarios" data-provider="scenarios" finished-at="2022-10-07T13:55:20 WIB" duration-ms="30483" status="PASS">
          <params>
            <param index="0">
              <value>
                <![CDATA["Menambah daftar testimonial active"]]>
              </value>
            </param>
            <param index="1">
              <value>
                <![CDATA["Tambah Testimonial"]]>
              </value>
            </param>
          </params>
          <reporter-output>
          </reporter-output>
        </test-method> <!-- runScenario -->
        <test-method signature="runScenario(io.cucumber.testng.PickleWrapper,io.cucumber.testng.FeatureWrapper)[pri:0, instance:cucumber.framework.runner.jcadmin.JCAdminRunner@4a83a74a]" started-at="2022-10-07T13:55:20 WIB" name="runScenario" description="Runs Cucumber Scenarios" data-provider="scenarios" finished-at="2022-10-07T13:55:47 WIB" duration-ms="26964" status="PASS">
          <params>
            <param index="0">
              <value>
                <![CDATA["Menambah daftar testimonial active"]]>
              </value>
            </param>
            <param index="1">
              <value>
                <![CDATA["Tambah Testimonial"]]>
              </value>
            </param>
          </params>
          <reporter-output>
          </reporter-output>
        </test-method> <!-- runScenario -->
        <test-method signature="runScenario(io.cucumber.testng.PickleWrapper,io.cucumber.testng.FeatureWrapper)[pri:0, instance:cucumber.framework.runner.jcadmin.JCAdminRunner@4a83a74a]" started-at="2022-10-07T13:55:47 WIB" name="runScenario" description="Runs Cucumber Scenarios" data-provider="scenarios" finished-at="2022-10-07T13:56:13 WIB" duration-ms="26193" status="PASS">
          <params>
            <param index="0">
              <value>
                <![CDATA["Menambah daftar testimonial active"]]>
              </value>
            </param>
            <param index="1">
              <value>
                <![CDATA["Tambah Testimonial"]]>
              </value>
            </param>
          </params>
          <reporter-output>
          </reporter-output>
        </test-method> <!-- runScenario -->
        <test-method signature="runScenario(io.cucumber.testng.PickleWrapper,io.cucumber.testng.FeatureWrapper)[pri:0, instance:cucumber.framework.runner.jcadmin.JCAdminRunner@4a83a74a]" started-at="2022-10-07T13:56:13 WIB" name="runScenario" description="Runs Cucumber Scenarios" data-provider="scenarios" finished-at="2022-10-07T13:56:39 WIB" duration-ms="26128" status="PASS">
          <params>
            <param index="0">
              <value>
                <![CDATA["Menambah daftar testimonial active"]]>
              </value>
            </param>
            <param index="1">
              <value>
                <![CDATA["Tambah Testimonial"]]>
              </value>
            </param>
          </params>
          <reporter-output>
          </reporter-output>
        </test-method> <!-- runScenario -->
        <test-method signature="runScenario(io.cucumber.testng.PickleWrapper,io.cucumber.testng.FeatureWrapper)[pri:0, instance:cucumber.framework.runner.jcadmin.JCAdminRunner@4a83a74a]" started-at="2022-10-07T13:56:39 WIB" name="runScenario" description="Runs Cucumber Scenarios" data-provider="scenarios" finished-at="2022-10-07T13:57:05 WIB" duration-ms="26117" status="PASS">
          <params>
            <param index="0">
              <value>
                <![CDATA["Menambah daftar testimonial active"]]>
              </value>
            </param>
            <param index="1">
              <value>
                <![CDATA["Tambah Testimonial"]]>
              </value>
            </param>
          </params>
          <reporter-output>
          </reporter-output>
        </test-method> <!-- runScenario -->
        <test-method signature="runScenario(io.cucumber.testng.PickleWrapper,io.cucumber.testng.FeatureWrapper)[pri:0, instance:cucumber.framework.runner.jcadmin.JCAdminRunner@4a83a74a]" started-at="2022-10-07T13:57:05 WIB" name="runScenario" description="Runs Cucumber Scenarios" data-provider="scenarios" finished-at="2022-10-07T13:57:31 WIB" duration-ms="26171" status="PASS">
          <params>
            <param index="0">
              <value>
                <![CDATA["Menambah daftar testimonial active"]]>
              </value>
            </param>
            <param index="1">
              <value>
                <![CDATA["Tambah Testimonial"]]>
              </value>
            </param>
          </params>
          <reporter-output>
          </reporter-output>
        </test-method> <!-- runScenario -->
        <test-method signature="runScenario(io.cucumber.testng.PickleWrapper,io.cucumber.testng.FeatureWrapper)[pri:0, instance:cucumber.framework.runner.jcadmin.JCAdminRunner@4a83a74a]" started-at="2022-10-07T13:57:31 WIB" name="runScenario" description="Runs Cucumber Scenarios" data-provider="scenarios" finished-at="2022-10-07T13:57:58 WIB" duration-ms="26558" status="PASS">
          <params>
            <param index="0">
              <value>
                <![CDATA["Menambah daftar testimonial noactive"]]>
              </value>
            </param>
            <param index="1">
              <value>
                <![CDATA["Tambah Testimonial"]]>
              </value>
            </param>
          </params>
          <reporter-output>
          </reporter-output>
        </test-method> <!-- runScenario -->
        <test-method signature="runScenario(io.cucumber.testng.PickleWrapper,io.cucumber.testng.FeatureWrapper)[pri:0, instance:cucumber.framework.runner.jcadmin.JCAdminRunner@4a83a74a]" started-at="2022-10-07T13:57:58 WIB" name="runScenario" description="Runs Cucumber Scenarios" data-provider="scenarios" finished-at="2022-10-07T13:58:24 WIB" duration-ms="26375" status="PASS">
          <params>
            <param index="0">
              <value>
                <![CDATA["Menambah daftar testimonial noactive"]]>
              </value>
            </param>
            <param index="1">
              <value>
                <![CDATA["Tambah Testimonial"]]>
              </value>
            </param>
          </params>
          <reporter-output>
          </reporter-output>
        </test-method> <!-- runScenario -->
        <test-method signature="runScenario(io.cucumber.testng.PickleWrapper,io.cucumber.testng.FeatureWrapper)[pri:0, instance:cucumber.framework.runner.jcadmin.JCAdminRunner@4a83a74a]" started-at="2022-10-07T13:58:24 WIB" name="runScenario" description="Runs Cucumber Scenarios" data-provider="scenarios" finished-at="2022-10-07T13:58:51 WIB" duration-ms="26607" status="PASS">
          <params>
            <param index="0">
              <value>
                <![CDATA["Menambah daftar testimonial noactive"]]>
              </value>
            </param>
            <param index="1">
              <value>
                <![CDATA["Tambah Testimonial"]]>
              </value>
            </param>
          </params>
          <reporter-output>
          </reporter-output>
        </test-method> <!-- runScenario -->
        <test-method signature="runScenario(io.cucumber.testng.PickleWrapper,io.cucumber.testng.FeatureWrapper)[pri:0, instance:cucumber.framework.runner.jcadmin.JCAdminRunner@4a83a74a]" started-at="2022-10-07T13:58:51 WIB" name="runScenario" description="Runs Cucumber Scenarios" data-provider="scenarios" finished-at="2022-10-07T13:59:17 WIB" duration-ms="26310" status="PASS">
          <params>
            <param index="0">
              <value>
                <![CDATA["Menambah daftar testimonial noactive"]]>
              </value>
            </param>
            <param index="1">
              <value>
                <![CDATA["Tambah Testimonial"]]>
              </value>
            </param>
          </params>
          <reporter-output>
          </reporter-output>
        </test-method> <!-- runScenario -->
        <test-method signature="runScenario(io.cucumber.testng.PickleWrapper,io.cucumber.testng.FeatureWrapper)[pri:0, instance:cucumber.framework.runner.jcadmin.JCAdminRunner@4a83a74a]" started-at="2022-10-07T13:59:17 WIB" name="runScenario" description="Runs Cucumber Scenarios" data-provider="scenarios" finished-at="2022-10-07T13:59:44 WIB" duration-ms="26799" status="PASS">
          <params>
            <param index="0">
              <value>
                <![CDATA["Menambah daftar testimonial noactive"]]>
              </value>
            </param>
            <param index="1">
              <value>
                <![CDATA["Tambah Testimonial"]]>
              </value>
            </param>
          </params>
          <reporter-output>
          </reporter-output>
        </test-method> <!-- runScenario -->
        <test-method signature="runScenario(io.cucumber.testng.PickleWrapper,io.cucumber.testng.FeatureWrapper)[pri:0, instance:cucumber.framework.runner.jcadmin.JCAdminRunner@4a83a74a]" started-at="2022-10-07T13:59:44 WIB" name="runScenario" description="Runs Cucumber Scenarios" data-provider="scenarios" finished-at="2022-10-07T14:00:10 WIB" duration-ms="26001" status="PASS">
          <params>
            <param index="0">
              <value>
                <![CDATA["Menambah daftar testimonial noactive"]]>
              </value>
            </param>
            <param index="1">
              <value>
                <![CDATA["Tambah Testimonial"]]>
              </value>
            </param>
          </params>
          <reporter-output>
          </reporter-output>
        </test-method> <!-- runScenario -->
        <test-method signature="runScenario(io.cucumber.testng.PickleWrapper,io.cucumber.testng.FeatureWrapper)[pri:0, instance:cucumber.framework.runner.jcadmin.JCAdminRunner@4a83a74a]" started-at="2022-10-07T14:00:10 WIB" name="runScenario" description="Runs Cucumber Scenarios" data-provider="scenarios" finished-at="2022-10-07T14:00:36 WIB" duration-ms="25885" status="PASS">
          <params>
            <param index="0">
              <value>
                <![CDATA["Menambah daftar testimonial active format gambar"]]>
              </value>
            </param>
            <param index="1">
              <value>
                <![CDATA["Tambah Testimonial"]]>
              </value>
            </param>
          </params>
          <reporter-output>
          </reporter-output>
        </test-method> <!-- runScenario -->
        <test-method signature="runScenario(io.cucumber.testng.PickleWrapper,io.cucumber.testng.FeatureWrapper)[pri:0, instance:cucumber.framework.runner.jcadmin.JCAdminRunner@4a83a74a]" started-at="2022-10-07T14:00:36 WIB" name="runScenario" description="Runs Cucumber Scenarios" data-provider="scenarios" finished-at="2022-10-07T14:01:02 WIB" duration-ms="26183" status="PASS">
          <params>
            <param index="0">
              <value>
                <![CDATA["Menambah daftar testimonial active format gambar"]]>
              </value>
            </param>
            <param index="1">
              <value>
                <![CDATA["Tambah Testimonial"]]>
              </value>
            </param>
          </params>
          <reporter-output>
          </reporter-output>
        </test-method> <!-- runScenario -->
        <test-method signature="runScenario(io.cucumber.testng.PickleWrapper,io.cucumber.testng.FeatureWrapper)[pri:0, instance:cucumber.framework.runner.jcadmin.JCAdminRunner@4a83a74a]" started-at="2022-10-07T14:01:02 WIB" name="runScenario" description="Runs Cucumber Scenarios" data-provider="scenarios" finished-at="2022-10-07T14:01:28 WIB" duration-ms="26278" status="PASS">
          <params>
            <param index="0">
              <value>
                <![CDATA["Menambah daftar testimonial active format gambar"]]>
              </value>
            </param>
            <param index="1">
              <value>
                <![CDATA["Tambah Testimonial"]]>
              </value>
            </param>
          </params>
          <reporter-output>
          </reporter-output>
        </test-method> <!-- runScenario -->
        <test-method signature="runScenario(io.cucumber.testng.PickleWrapper,io.cucumber.testng.FeatureWrapper)[pri:0, instance:cucumber.framework.runner.jcadmin.JCAdminRunner@4a83a74a]" started-at="2022-10-07T14:01:28 WIB" name="runScenario" description="Runs Cucumber Scenarios" data-provider="scenarios" finished-at="2022-10-07T14:01:54 WIB" duration-ms="26248" status="PASS">
          <params>
            <param index="0">
              <value>
                <![CDATA["Menambah daftar testimonial active format gambar"]]>
              </value>
            </param>
            <param index="1">
              <value>
                <![CDATA["Tambah Testimonial"]]>
              </value>
            </param>
          </params>
          <reporter-output>
          </reporter-output>
        </test-method> <!-- runScenario -->
        <test-method signature="runScenario(io.cucumber.testng.PickleWrapper,io.cucumber.testng.FeatureWrapper)[pri:0, instance:cucumber.framework.runner.jcadmin.JCAdminRunner@4a83a74a]" started-at="2022-10-07T14:01:54 WIB" name="runScenario" description="Runs Cucumber Scenarios" data-provider="scenarios" finished-at="2022-10-07T14:02:21 WIB" duration-ms="26113" status="PASS">
          <params>
            <param index="0">
              <value>
                <![CDATA["Menambah daftar testimonial active format gambar"]]>
              </value>
            </param>
            <param index="1">
              <value>
                <![CDATA["Tambah Testimonial"]]>
              </value>
            </param>
          </params>
          <reporter-output>
          </reporter-output>
        </test-method> <!-- runScenario -->
        <test-method signature="runScenario(io.cucumber.testng.PickleWrapper,io.cucumber.testng.FeatureWrapper)[pri:0, instance:cucumber.framework.runner.jcadmin.JCAdminRunner@4a83a74a]" started-at="2022-10-07T14:02:21 WIB" name="runScenario" description="Runs Cucumber Scenarios" data-provider="scenarios" finished-at="2022-10-07T14:02:47 WIB" duration-ms="26235" status="PASS">
          <params>
            <param index="0">
              <value>
                <![CDATA["Menambah daftar testimonial active format gambar"]]>
              </value>
            </param>
            <param index="1">
              <value>
                <![CDATA["Tambah Testimonial"]]>
              </value>
            </param>
          </params>
          <reporter-output>
          </reporter-output>
        </test-method> <!-- runScenario -->
        <test-method signature="runScenario(io.cucumber.testng.PickleWrapper,io.cucumber.testng.FeatureWrapper)[pri:0, instance:cucumber.framework.runner.jcadmin.JCAdminRunner@4a83a74a]" started-at="2022-10-07T14:02:47 WIB" name="runScenario" description="Runs Cucumber Scenarios" data-provider="scenarios" finished-at="2022-10-07T14:03:13 WIB" duration-ms="25798" status="PASS">
          <params>
            <param index="0">
              <value>
                <![CDATA["Menambah testimonial no active format gambar"]]>
              </value>
            </param>
            <param index="1">
              <value>
                <![CDATA["Tambah Testimonial"]]>
              </value>
            </param>
          </params>
          <reporter-output>
          </reporter-output>
        </test-method> <!-- runScenario -->
        <test-method signature="runScenario(io.cucumber.testng.PickleWrapper,io.cucumber.testng.FeatureWrapper)[pri:0, instance:cucumber.framework.runner.jcadmin.JCAdminRunner@4a83a74a]" started-at="2022-10-07T14:03:13 WIB" name="runScenario" description="Runs Cucumber Scenarios" data-provider="scenarios" finished-at="2022-10-07T14:03:39 WIB" duration-ms="26047" status="PASS">
          <params>
            <param index="0">
              <value>
                <![CDATA["Menambah testimonial no active format gambar"]]>
              </value>
            </param>
            <param index="1">
              <value>
                <![CDATA["Tambah Testimonial"]]>
              </value>
            </param>
          </params>
          <reporter-output>
          </reporter-output>
        </test-method> <!-- runScenario -->
        <test-method signature="runScenario(io.cucumber.testng.PickleWrapper,io.cucumber.testng.FeatureWrapper)[pri:0, instance:cucumber.framework.runner.jcadmin.JCAdminRunner@4a83a74a]" started-at="2022-10-07T14:03:39 WIB" name="runScenario" description="Runs Cucumber Scenarios" data-provider="scenarios" finished-at="2022-10-07T14:04:05 WIB" duration-ms="26400" status="PASS">
          <params>
            <param index="0">
              <value>
                <![CDATA["Menambah testimonial no active format gambar"]]>
              </value>
            </param>
            <param index="1">
              <value>
                <![CDATA["Tambah Testimonial"]]>
              </value>
            </param>
          </params>
          <reporter-output>
          </reporter-output>
        </test-method> <!-- runScenario -->
        <test-method signature="runScenario(io.cucumber.testng.PickleWrapper,io.cucumber.testng.FeatureWrapper)[pri:0, instance:cucumber.framework.runner.jcadmin.JCAdminRunner@4a83a74a]" started-at="2022-10-07T14:04:05 WIB" name="runScenario" description="Runs Cucumber Scenarios" data-provider="scenarios" finished-at="2022-10-07T14:04:31 WIB" duration-ms="26093" status="PASS">
          <params>
            <param index="0">
              <value>
                <![CDATA["Menambah testimonial no active format gambar"]]>
              </value>
            </param>
            <param index="1">
              <value>
                <![CDATA["Tambah Testimonial"]]>
              </value>
            </param>
          </params>
          <reporter-output>
          </reporter-output>
        </test-method> <!-- runScenario -->
        <test-method signature="runScenario(io.cucumber.testng.PickleWrapper,io.cucumber.testng.FeatureWrapper)[pri:0, instance:cucumber.framework.runner.jcadmin.JCAdminRunner@4a83a74a]" started-at="2022-10-07T14:04:31 WIB" name="runScenario" description="Runs Cucumber Scenarios" data-provider="scenarios" finished-at="2022-10-07T14:04:57 WIB" duration-ms="25864" status="PASS">
          <params>
            <param index="0">
              <value>
                <![CDATA["Menambah testimonial no active format gambar"]]>
              </value>
            </param>
            <param index="1">
              <value>
                <![CDATA["Tambah Testimonial"]]>
              </value>
            </param>
          </params>
          <reporter-output>
          </reporter-output>
        </test-method> <!-- runScenario -->
        <test-method signature="runScenario(io.cucumber.testng.PickleWrapper,io.cucumber.testng.FeatureWrapper)[pri:0, instance:cucumber.framework.runner.jcadmin.JCAdminRunner@4a83a74a]" started-at="2022-10-07T14:04:57 WIB" name="runScenario" description="Runs Cucumber Scenarios" data-provider="scenarios" finished-at="2022-10-07T14:05:23 WIB" duration-ms="26447" status="PASS">
          <params>
            <param index="0">
              <value>
                <![CDATA["Menambah testimonial no active format gambar"]]>
              </value>
            </param>
            <param index="1">
              <value>
                <![CDATA["Tambah Testimonial"]]>
              </value>
            </param>
          </params>
          <reporter-output>
          </reporter-output>
        </test-method> <!-- runScenario -->
        <test-method signature="runScenario(io.cucumber.testng.PickleWrapper,io.cucumber.testng.FeatureWrapper)[pri:0, instance:cucumber.framework.runner.jcadmin.JCAdminRunner@4a83a74a]" started-at="2022-10-07T14:05:23 WIB" name="runScenario" description="Runs Cucumber Scenarios" data-provider="scenarios" finished-at="2022-10-07T14:05:49 WIB" duration-ms="26034" status="PASS">
          <params>
            <param index="0">
              <value>
                <![CDATA["Menambah testi active karakter beda"]]>
              </value>
            </param>
            <param index="1">
              <value>
                <![CDATA["Tambah Testimonial"]]>
              </value>
            </param>
          </params>
          <reporter-output>
          </reporter-output>
        </test-method> <!-- runScenario -->
        <test-method signature="runScenario(io.cucumber.testng.PickleWrapper,io.cucumber.testng.FeatureWrapper)[pri:0, instance:cucumber.framework.runner.jcadmin.JCAdminRunner@4a83a74a]" started-at="2022-10-07T14:05:49 WIB" name="runScenario" description="Runs Cucumber Scenarios" data-provider="scenarios" finished-at="2022-10-07T14:06:15 WIB" duration-ms="25995" status="PASS">
          <params>
            <param index="0">
              <value>
                <![CDATA["Menambah testi active karakter beda"]]>
              </value>
            </param>
            <param index="1">
              <value>
                <![CDATA["Tambah Testimonial"]]>
              </value>
            </param>
          </params>
          <reporter-output>
          </reporter-output>
        </test-method> <!-- runScenario -->
        <test-method signature="runScenario(io.cucumber.testng.PickleWrapper,io.cucumber.testng.FeatureWrapper)[pri:0, instance:cucumber.framework.runner.jcadmin.JCAdminRunner@4a83a74a]" started-at="2022-10-07T14:06:15 WIB" name="runScenario" description="Runs Cucumber Scenarios" data-provider="scenarios" finished-at="2022-10-07T14:06:41 WIB" duration-ms="25941" status="PASS">
          <params>
            <param index="0">
              <value>
                <![CDATA["Menambah testi active karakter beda"]]>
              </value>
            </param>
            <param index="1">
              <value>
                <![CDATA["Tambah Testimonial"]]>
              </value>
            </param>
          </params>
          <reporter-output>
          </reporter-output>
        </test-method> <!-- runScenario -->
        <test-method signature="runScenario(io.cucumber.testng.PickleWrapper,io.cucumber.testng.FeatureWrapper)[pri:0, instance:cucumber.framework.runner.jcadmin.JCAdminRunner@4a83a74a]" started-at="2022-10-07T14:06:41 WIB" name="runScenario" description="Runs Cucumber Scenarios" data-provider="scenarios" finished-at="2022-10-07T14:07:08 WIB" duration-ms="26643" status="PASS">
          <params>
            <param index="0">
              <value>
                <![CDATA["Menambah testi active karakter beda"]]>
              </value>
            </param>
            <param index="1">
              <value>
                <![CDATA["Tambah Testimonial"]]>
              </value>
            </param>
          </params>
          <reporter-output>
          </reporter-output>
        </test-method> <!-- runScenario -->
        <test-method signature="runScenario(io.cucumber.testng.PickleWrapper,io.cucumber.testng.FeatureWrapper)[pri:0, instance:cucumber.framework.runner.jcadmin.JCAdminRunner@4a83a74a]" started-at="2022-10-07T14:07:08 WIB" name="runScenario" description="Runs Cucumber Scenarios" data-provider="scenarios" finished-at="2022-10-07T14:07:34 WIB" duration-ms="26074" status="PASS">
          <params>
            <param index="0">
              <value>
                <![CDATA["Menambah testi active karakter beda"]]>
              </value>
            </param>
            <param index="1">
              <value>
                <![CDATA["Tambah Testimonial"]]>
              </value>
            </param>
          </params>
          <reporter-output>
          </reporter-output>
        </test-method> <!-- runScenario -->
        <test-method signature="runScenario(io.cucumber.testng.PickleWrapper,io.cucumber.testng.FeatureWrapper)[pri:0, instance:cucumber.framework.runner.jcadmin.JCAdminRunner@4a83a74a]" started-at="2022-10-07T14:07:34 WIB" name="runScenario" description="Runs Cucumber Scenarios" data-provider="scenarios" finished-at="2022-10-07T14:08:00 WIB" duration-ms="26347" status="PASS">
          <params>
            <param index="0">
              <value>
                <![CDATA["Menambah testi active karakter beda"]]>
              </value>
            </param>
            <param index="1">
              <value>
                <![CDATA["Tambah Testimonial"]]>
              </value>
            </param>
          </params>
          <reporter-output>
          </reporter-output>
        </test-method> <!-- runScenario -->
        <test-method signature="runScenario(io.cucumber.testng.PickleWrapper,io.cucumber.testng.FeatureWrapper)[pri:0, instance:cucumber.framework.runner.jcadmin.JCAdminRunner@4a83a74a]" started-at="2022-10-07T14:08:00 WIB" name="runScenario" description="Runs Cucumber Scenarios" data-provider="scenarios" finished-at="2022-10-07T14:08:27 WIB" duration-ms="26268" status="PASS">
          <params>
            <param index="0">
              <value>
                <![CDATA["Menambah testi no active format karakter beda"]]>
              </value>
            </param>
            <param index="1">
              <value>
                <![CDATA["Tambah Testimonial"]]>
              </value>
            </param>
          </params>
          <reporter-output>
          </reporter-output>
        </test-method> <!-- runScenario -->
        <test-method signature="runScenario(io.cucumber.testng.PickleWrapper,io.cucumber.testng.FeatureWrapper)[pri:0, instance:cucumber.framework.runner.jcadmin.JCAdminRunner@4a83a74a]" started-at="2022-10-07T14:08:27 WIB" name="runScenario" description="Runs Cucumber Scenarios" data-provider="scenarios" finished-at="2022-10-07T14:08:53 WIB" duration-ms="26653" status="PASS">
          <params>
            <param index="0">
              <value>
                <![CDATA["Menambah testi no active format karakter beda"]]>
              </value>
            </param>
            <param index="1">
              <value>
                <![CDATA["Tambah Testimonial"]]>
              </value>
            </param>
          </params>
          <reporter-output>
          </reporter-output>
        </test-method> <!-- runScenario -->
        <test-method signature="runScenario(io.cucumber.testng.PickleWrapper,io.cucumber.testng.FeatureWrapper)[pri:0, instance:cucumber.framework.runner.jcadmin.JCAdminRunner@4a83a74a]" started-at="2022-10-07T14:08:53 WIB" name="runScenario" description="Runs Cucumber Scenarios" data-provider="scenarios" finished-at="2022-10-07T14:09:20 WIB" duration-ms="26788" status="PASS">
          <params>
            <param index="0">
              <value>
                <![CDATA["Menambah testi no active format karakter beda"]]>
              </value>
            </param>
            <param index="1">
              <value>
                <![CDATA["Tambah Testimonial"]]>
              </value>
            </param>
          </params>
          <reporter-output>
          </reporter-output>
        </test-method> <!-- runScenario -->
        <test-method signature="runScenario(io.cucumber.testng.PickleWrapper,io.cucumber.testng.FeatureWrapper)[pri:0, instance:cucumber.framework.runner.jcadmin.JCAdminRunner@4a83a74a]" started-at="2022-10-07T14:09:20 WIB" name="runScenario" description="Runs Cucumber Scenarios" data-provider="scenarios" finished-at="2022-10-07T14:09:47 WIB" duration-ms="26364" status="PASS">
          <params>
            <param index="0">
              <value>
                <![CDATA["Menambah testi no active format karakter beda"]]>
              </value>
            </param>
            <param index="1">
              <value>
                <![CDATA["Tambah Testimonial"]]>
              </value>
            </param>
          </params>
          <reporter-output>
          </reporter-output>
        </test-method> <!-- runScenario -->
        <test-method signature="runScenario(io.cucumber.testng.PickleWrapper,io.cucumber.testng.FeatureWrapper)[pri:0, instance:cucumber.framework.runner.jcadmin.JCAdminRunner@4a83a74a]" started-at="2022-10-07T14:09:47 WIB" name="runScenario" description="Runs Cucumber Scenarios" data-provider="scenarios" finished-at="2022-10-07T14:10:13 WIB" duration-ms="26695" status="PASS">
          <params>
            <param index="0">
              <value>
                <![CDATA["Menambah testi no active format karakter beda"]]>
              </value>
            </param>
            <param index="1">
              <value>
                <![CDATA["Tambah Testimonial"]]>
              </value>
            </param>
          </params>
          <reporter-output>
          </reporter-output>
        </test-method> <!-- runScenario -->
        <test-method signature="runScenario(io.cucumber.testng.PickleWrapper,io.cucumber.testng.FeatureWrapper)[pri:0, instance:cucumber.framework.runner.jcadmin.JCAdminRunner@4a83a74a]" started-at="2022-10-07T14:10:13 WIB" name="runScenario" description="Runs Cucumber Scenarios" data-provider="scenarios" finished-at="2022-10-07T14:10:40 WIB" duration-ms="26293" status="PASS">
          <params>
            <param index="0">
              <value>
                <![CDATA["Menambah testi no active format karakter beda"]]>
              </value>
            </param>
            <param index="1">
              <value>
                <![CDATA["Tambah Testimonial"]]>
              </value>
            </param>
          </params>
          <reporter-output>
          </reporter-output>
        </test-method> <!-- runScenario -->
        <test-method signature="runScenario(io.cucumber.testng.PickleWrapper,io.cucumber.testng.FeatureWrapper)[pri:0, instance:cucumber.framework.runner.jcadmin.JCAdminRunner@4a83a74a]" started-at="2022-10-07T14:10:40 WIB" name="runScenario" description="Runs Cucumber Scenarios" data-provider="scenarios" finished-at="2022-10-07T14:11:03 WIB" duration-ms="22973" status="PASS">
          <params>
            <param index="0">
              <value>
                <![CDATA["Menambah daftar negative testimonial active"]]>
              </value>
            </param>
            <param index="1">
              <value>
                <![CDATA["Tambah Testimonial Negative"]]>
              </value>
            </param>
          </params>
          <reporter-output>
          </reporter-output>
        </test-method> <!-- runScenario -->
        <test-method signature="runScenario(io.cucumber.testng.PickleWrapper,io.cucumber.testng.FeatureWrapper)[pri:0, instance:cucumber.framework.runner.jcadmin.JCAdminRunner@4a83a74a]" started-at="2022-10-07T14:11:03 WIB" name="runScenario" description="Runs Cucumber Scenarios" data-provider="scenarios" finished-at="2022-10-07T14:11:25 WIB" duration-ms="22929" status="PASS">
          <params>
            <param index="0">
              <value>
                <![CDATA["Menambah daftar negative testimonial active"]]>
              </value>
            </param>
            <param index="1">
              <value>
                <![CDATA["Tambah Testimonial Negative"]]>
              </value>
            </param>
          </params>
          <reporter-output>
          </reporter-output>
        </test-method> <!-- runScenario -->
        <test-method signature="runScenario(io.cucumber.testng.PickleWrapper,io.cucumber.testng.FeatureWrapper)[pri:0, instance:cucumber.framework.runner.jcadmin.JCAdminRunner@4a83a74a]" started-at="2022-10-07T14:11:25 WIB" name="runScenario" description="Runs Cucumber Scenarios" data-provider="scenarios" finished-at="2022-10-07T14:11:49 WIB" duration-ms="23768" status="PASS">
          <params>
            <param index="0">
              <value>
                <![CDATA["Menambah daftar negative testimonial active"]]>
              </value>
            </param>
            <param index="1">
              <value>
                <![CDATA["Tambah Testimonial Negative"]]>
              </value>
            </param>
          </params>
          <reporter-output>
          </reporter-output>
        </test-method> <!-- runScenario -->
        <test-method signature="runScenario(io.cucumber.testng.PickleWrapper,io.cucumber.testng.FeatureWrapper)[pri:0, instance:cucumber.framework.runner.jcadmin.JCAdminRunner@4a83a74a]" started-at="2022-10-07T14:11:49 WIB" name="runScenario" description="Runs Cucumber Scenarios" data-provider="scenarios" finished-at="2022-10-07T14:12:12 WIB" duration-ms="22881" status="PASS">
          <params>
            <param index="0">
              <value>
                <![CDATA["Menambah daftar negative testimonial active"]]>
              </value>
            </param>
            <param index="1">
              <value>
                <![CDATA["Tambah Testimonial Negative"]]>
              </value>
            </param>
          </params>
          <reporter-output>
          </reporter-output>
        </test-method> <!-- runScenario -->
        <test-method signature="runScenario(io.cucumber.testng.PickleWrapper,io.cucumber.testng.FeatureWrapper)[pri:0, instance:cucumber.framework.runner.jcadmin.JCAdminRunner@4a83a74a]" started-at="2022-10-07T14:12:12 WIB" name="runScenario" description="Runs Cucumber Scenarios" data-provider="scenarios" finished-at="2022-10-07T14:12:35 WIB" duration-ms="22891" status="PASS">
          <params>
            <param index="0">
              <value>
                <![CDATA["Menambah daftar negative testimonial active"]]>
              </value>
            </param>
            <param index="1">
              <value>
                <![CDATA["Tambah Testimonial Negative"]]>
              </value>
            </param>
          </params>
          <reporter-output>
          </reporter-output>
        </test-method> <!-- runScenario -->
        <test-method signature="runScenario(io.cucumber.testng.PickleWrapper,io.cucumber.testng.FeatureWrapper)[pri:0, instance:cucumber.framework.runner.jcadmin.JCAdminRunner@4a83a74a]" started-at="2022-10-07T14:12:35 WIB" name="runScenario" description="Runs Cucumber Scenarios" data-provider="scenarios" finished-at="2022-10-07T14:12:58 WIB" duration-ms="22856" status="PASS">
          <params>
            <param index="0">
              <value>
                <![CDATA["Menambah daftar negative testimonial active"]]>
              </value>
            </param>
            <param index="1">
              <value>
                <![CDATA["Tambah Testimonial Negative"]]>
              </value>
            </param>
          </params>
          <reporter-output>
          </reporter-output>
        </test-method> <!-- runScenario -->
        <test-method signature="runScenario(io.cucumber.testng.PickleWrapper,io.cucumber.testng.FeatureWrapper)[pri:0, instance:cucumber.framework.runner.jcadmin.JCAdminRunner@4a83a74a]" started-at="2022-10-07T14:12:58 WIB" name="runScenario" description="Runs Cucumber Scenarios" data-provider="scenarios" finished-at="2022-10-07T14:13:22 WIB" duration-ms="23834" status="PASS">
          <params>
            <param index="0">
              <value>
                <![CDATA["Menambah daftar negative testimonial no active"]]>
              </value>
            </param>
            <param index="1">
              <value>
                <![CDATA["Tambah Testimonial Negative"]]>
              </value>
            </param>
          </params>
          <reporter-output>
          </reporter-output>
        </test-method> <!-- runScenario -->
        <test-method signature="runScenario(io.cucumber.testng.PickleWrapper,io.cucumber.testng.FeatureWrapper)[pri:0, instance:cucumber.framework.runner.jcadmin.JCAdminRunner@4a83a74a]" started-at="2022-10-07T14:13:22 WIB" name="runScenario" description="Runs Cucumber Scenarios" data-provider="scenarios" finished-at="2022-10-07T14:13:48 WIB" duration-ms="25983" status="PASS">
          <params>
            <param index="0">
              <value>
                <![CDATA["Menambah daftar negative testimonial no active"]]>
              </value>
            </param>
            <param index="1">
              <value>
                <![CDATA["Tambah Testimonial Negative"]]>
              </value>
            </param>
          </params>
          <reporter-output>
          </reporter-output>
        </test-method> <!-- runScenario -->
        <test-method signature="runScenario(io.cucumber.testng.PickleWrapper,io.cucumber.testng.FeatureWrapper)[pri:0, instance:cucumber.framework.runner.jcadmin.JCAdminRunner@4a83a74a]" started-at="2022-10-07T14:13:48 WIB" name="runScenario" description="Runs Cucumber Scenarios" data-provider="scenarios" finished-at="2022-10-07T14:14:12 WIB" duration-ms="24640" status="PASS">
          <params>
            <param index="0">
              <value>
                <![CDATA["Menambah daftar negative testimonial no active"]]>
              </value>
            </param>
            <param index="1">
              <value>
                <![CDATA["Tambah Testimonial Negative"]]>
              </value>
            </param>
          </params>
          <reporter-output>
          </reporter-output>
        </test-method> <!-- runScenario -->
        <test-method signature="runScenario(io.cucumber.testng.PickleWrapper,io.cucumber.testng.FeatureWrapper)[pri:0, instance:cucumber.framework.runner.jcadmin.JCAdminRunner@4a83a74a]" started-at="2022-10-07T14:14:12 WIB" name="runScenario" description="Runs Cucumber Scenarios" data-provider="scenarios" finished-at="2022-10-07T14:14:36 WIB" duration-ms="23232" status="PASS">
          <params>
            <param index="0">
              <value>
                <![CDATA["Menambah daftar negative testimonial no active"]]>
              </value>
            </param>
            <param index="1">
              <value>
                <![CDATA["Tambah Testimonial Negative"]]>
              </value>
            </param>
          </params>
          <reporter-output>
          </reporter-output>
        </test-method> <!-- runScenario -->
        <test-method signature="runScenario(io.cucumber.testng.PickleWrapper,io.cucumber.testng.FeatureWrapper)[pri:0, instance:cucumber.framework.runner.jcadmin.JCAdminRunner@4a83a74a]" started-at="2022-10-07T14:14:36 WIB" name="runScenario" description="Runs Cucumber Scenarios" data-provider="scenarios" finished-at="2022-10-07T14:15:00 WIB" duration-ms="24513" status="PASS">
          <params>
            <param index="0">
              <value>
                <![CDATA["Menambah daftar negative testimonial no active"]]>
              </value>
            </param>
            <param index="1">
              <value>
                <![CDATA["Tambah Testimonial Negative"]]>
              </value>
            </param>
          </params>
          <reporter-output>
          </reporter-output>
        </test-method> <!-- runScenario -->
        <test-method signature="runScenario(io.cucumber.testng.PickleWrapper,io.cucumber.testng.FeatureWrapper)[pri:0, instance:cucumber.framework.runner.jcadmin.JCAdminRunner@4a83a74a]" started-at="2022-10-07T14:15:00 WIB" name="runScenario" description="Runs Cucumber Scenarios" data-provider="scenarios" finished-at="2022-10-07T14:15:23 WIB" duration-ms="23418" status="PASS">
          <params>
            <param index="0">
              <value>
                <![CDATA["Menambah daftar negative testimonial no active"]]>
              </value>
            </param>
            <param index="1">
              <value>
                <![CDATA["Tambah Testimonial Negative"]]>
              </value>
            </param>
          </params>
          <reporter-output>
          </reporter-output>
        </test-method> <!-- runScenario -->
        <test-method signature="runScenario(io.cucumber.testng.PickleWrapper,io.cucumber.testng.FeatureWrapper)[pri:0, instance:cucumber.framework.runner.jcadmin.JCAdminRunner@4a83a74a]" started-at="2022-10-07T14:15:23 WIB" name="runScenario" description="Runs Cucumber Scenarios" data-provider="scenarios" finished-at="2022-10-07T14:15:46 WIB" duration-ms="22479" status="PASS">
          <params>
            <param index="0">
              <value>
                <![CDATA["Menambah daftar negative testimonial kosong isi active"]]>
              </value>
            </param>
            <param index="1">
              <value>
                <![CDATA["Tambah Testimonial Negative"]]>
              </value>
            </param>
          </params>
          <reporter-output>
          </reporter-output>
        </test-method> <!-- runScenario -->
        <test-method signature="runScenario(io.cucumber.testng.PickleWrapper,io.cucumber.testng.FeatureWrapper)[pri:0, instance:cucumber.framework.runner.jcadmin.JCAdminRunner@4a83a74a]" started-at="2022-10-07T14:15:46 WIB" name="runScenario" description="Runs Cucumber Scenarios" data-provider="scenarios" finished-at="2022-10-07T14:16:09 WIB" duration-ms="22757" status="PASS">
          <params>
            <param index="0">
              <value>
                <![CDATA["Menambah daftar negative testimonial kosong isi active"]]>
              </value>
            </param>
            <param index="1">
              <value>
                <![CDATA["Tambah Testimonial Negative"]]>
              </value>
            </param>
          </params>
          <reporter-output>
          </reporter-output>
        </test-method> <!-- runScenario -->
        <test-method signature="runScenario(io.cucumber.testng.PickleWrapper,io.cucumber.testng.FeatureWrapper)[pri:0, instance:cucumber.framework.runner.jcadmin.JCAdminRunner@4a83a74a]" started-at="2022-10-07T14:16:09 WIB" name="runScenario" description="Runs Cucumber Scenarios" data-provider="scenarios" finished-at="2022-10-07T14:16:33 WIB" duration-ms="23902" status="PASS">
          <params>
            <param index="0">
              <value>
                <![CDATA["Menambah daftar negative testimonial kosong isi active"]]>
              </value>
            </param>
            <param index="1">
              <value>
                <![CDATA["Tambah Testimonial Negative"]]>
              </value>
            </param>
          </params>
          <reporter-output>
          </reporter-output>
        </test-method> <!-- runScenario -->
        <test-method signature="runScenario(io.cucumber.testng.PickleWrapper,io.cucumber.testng.FeatureWrapper)[pri:0, instance:cucumber.framework.runner.jcadmin.JCAdminRunner@4a83a74a]" started-at="2022-10-07T14:16:33 WIB" name="runScenario" description="Runs Cucumber Scenarios" data-provider="scenarios" finished-at="2022-10-07T14:16:56 WIB" duration-ms="23036" status="PASS">
          <params>
            <param index="0">
              <value>
                <![CDATA["Menambah daftar negative testimonial kosong isi active"]]>
              </value>
            </param>
            <param index="1">
              <value>
                <![CDATA["Tambah Testimonial Negative"]]>
              </value>
            </param>
          </params>
          <reporter-output>
          </reporter-output>
        </test-method> <!-- runScenario -->
        <test-method signature="runScenario(io.cucumber.testng.PickleWrapper,io.cucumber.testng.FeatureWrapper)[pri:0, instance:cucumber.framework.runner.jcadmin.JCAdminRunner@4a83a74a]" started-at="2022-10-07T14:16:56 WIB" name="runScenario" description="Runs Cucumber Scenarios" data-provider="scenarios" finished-at="2022-10-07T14:17:19 WIB" duration-ms="23158" status="PASS">
          <params>
            <param index="0">
              <value>
                <![CDATA["Menambah daftar negative testimonial kosong isi active"]]>
              </value>
            </param>
            <param index="1">
              <value>
                <![CDATA["Tambah Testimonial Negative"]]>
              </value>
            </param>
          </params>
          <reporter-output>
          </reporter-output>
        </test-method> <!-- runScenario -->
        <test-method signature="runScenario(io.cucumber.testng.PickleWrapper,io.cucumber.testng.FeatureWrapper)[pri:0, instance:cucumber.framework.runner.jcadmin.JCAdminRunner@4a83a74a]" started-at="2022-10-07T14:17:19 WIB" name="runScenario" description="Runs Cucumber Scenarios" data-provider="scenarios" finished-at="2022-10-07T14:17:42 WIB" duration-ms="22766" status="PASS">
          <params>
            <param index="0">
              <value>
                <![CDATA["Menambah daftar negative testimonial kosong isi active"]]>
              </value>
            </param>
            <param index="1">
              <value>
                <![CDATA["Tambah Testimonial Negative"]]>
              </value>
            </param>
          </params>
          <reporter-output>
          </reporter-output>
        </test-method> <!-- runScenario -->
        <test-method signature="runScenario(io.cucumber.testng.PickleWrapper,io.cucumber.testng.FeatureWrapper)[pri:0, instance:cucumber.framework.runner.jcadmin.JCAdminRunner@4a83a74a]" started-at="2022-10-07T14:17:42 WIB" name="runScenario" description="Runs Cucumber Scenarios" data-provider="scenarios" finished-at="2022-10-07T14:18:05 WIB" duration-ms="22939" status="PASS">
          <params>
            <param index="0">
              <value>
                <![CDATA["Menambah daftar negative testimonial kosong isi no active"]]>
              </value>
            </param>
            <param index="1">
              <value>
                <![CDATA["Tambah Testimonial Negative"]]>
              </value>
            </param>
          </params>
          <reporter-output>
          </reporter-output>
        </test-method> <!-- runScenario -->
        <test-method signature="runScenario(io.cucumber.testng.PickleWrapper,io.cucumber.testng.FeatureWrapper)[pri:0, instance:cucumber.framework.runner.jcadmin.JCAdminRunner@4a83a74a]" started-at="2022-10-07T14:18:05 WIB" name="runScenario" description="Runs Cucumber Scenarios" data-provider="scenarios" finished-at="2022-10-07T14:18:29 WIB" duration-ms="24196" status="PASS">
          <params>
            <param index="0">
              <value>
                <![CDATA["Menambah daftar negative testimonial kosong isi no active"]]>
              </value>
            </param>
            <param index="1">
              <value>
                <![CDATA["Tambah Testimonial Negative"]]>
              </value>
            </param>
          </params>
          <reporter-output>
          </reporter-output>
        </test-method> <!-- runScenario -->
        <test-method signature="runScenario(io.cucumber.testng.PickleWrapper,io.cucumber.testng.FeatureWrapper)[pri:0, instance:cucumber.framework.runner.jcadmin.JCAdminRunner@4a83a74a]" started-at="2022-10-07T14:18:29 WIB" name="runScenario" description="Runs Cucumber Scenarios" data-provider="scenarios" finished-at="2022-10-07T14:18:52 WIB" duration-ms="23252" status="PASS">
          <params>
            <param index="0">
              <value>
                <![CDATA["Menambah daftar negative testimonial kosong isi no active"]]>
              </value>
            </param>
            <param index="1">
              <value>
                <![CDATA["Tambah Testimonial Negative"]]>
              </value>
            </param>
          </params>
          <reporter-output>
          </reporter-output>
        </test-method> <!-- runScenario -->
        <test-method signature="runScenario(io.cucumber.testng.PickleWrapper,io.cucumber.testng.FeatureWrapper)[pri:0, instance:cucumber.framework.runner.jcadmin.JCAdminRunner@4a83a74a]" started-at="2022-10-07T14:18:52 WIB" name="runScenario" description="Runs Cucumber Scenarios" data-provider="scenarios" finished-at="2022-10-07T14:19:16 WIB" duration-ms="23677" status="PASS">
          <params>
            <param index="0">
              <value>
                <![CDATA["Menambah daftar negative testimonial kosong isi no active"]]>
              </value>
            </param>
            <param index="1">
              <value>
                <![CDATA["Tambah Testimonial Negative"]]>
              </value>
            </param>
          </params>
          <reporter-output>
          </reporter-output>
        </test-method> <!-- runScenario -->
        <test-method signature="runScenario(io.cucumber.testng.PickleWrapper,io.cucumber.testng.FeatureWrapper)[pri:0, instance:cucumber.framework.runner.jcadmin.JCAdminRunner@4a83a74a]" started-at="2022-10-07T14:19:16 WIB" name="runScenario" description="Runs Cucumber Scenarios" data-provider="scenarios" finished-at="2022-10-07T14:19:39 WIB" duration-ms="23123" status="PASS">
          <params>
            <param index="0">
              <value>
                <![CDATA["Menambah daftar negative testimonial kosong isi no active"]]>
              </value>
            </param>
            <param index="1">
              <value>
                <![CDATA["Tambah Testimonial Negative"]]>
              </value>
            </param>
          </params>
          <reporter-output>
          </reporter-output>
        </test-method> <!-- runScenario -->
        <test-method signature="runScenario(io.cucumber.testng.PickleWrapper,io.cucumber.testng.FeatureWrapper)[pri:0, instance:cucumber.framework.runner.jcadmin.JCAdminRunner@4a83a74a]" started-at="2022-10-07T14:19:39 WIB" name="runScenario" description="Runs Cucumber Scenarios" data-provider="scenarios" finished-at="2022-10-07T14:20:04 WIB" duration-ms="25037" status="PASS">
          <params>
            <param index="0">
              <value>
                <![CDATA["Menambah daftar negative testimonial kosong isi no active"]]>
              </value>
            </param>
            <param index="1">
              <value>
                <![CDATA["Tambah Testimonial Negative"]]>
              </value>
            </param>
          </params>
          <reporter-output>
          </reporter-output>
        </test-method> <!-- runScenario -->
        <test-method signature="runScenario(io.cucumber.testng.PickleWrapper,io.cucumber.testng.FeatureWrapper)[pri:0, instance:cucumber.framework.runner.jcadmin.JCAdminRunner@4a83a74a]" started-at="2022-10-07T14:20:04 WIB" name="runScenario" description="Runs Cucumber Scenarios" data-provider="scenarios" finished-at="2022-10-07T14:20:31 WIB" duration-ms="27509" status="PASS">
          <params>
            <param index="0">
              <value>
                <![CDATA["Menambah daftar negative testimonial panjang karakter active"]]>
              </value>
            </param>
            <param index="1">
              <value>
                <![CDATA["Tambah Testimonial Negative"]]>
              </value>
            </param>
          </params>
          <reporter-output>
          </reporter-output>
        </test-method> <!-- runScenario -->
        <test-method signature="runScenario(io.cucumber.testng.PickleWrapper,io.cucumber.testng.FeatureWrapper)[pri:0, instance:cucumber.framework.runner.jcadmin.JCAdminRunner@4a83a74a]" started-at="2022-10-07T14:20:31 WIB" name="runScenario" description="Runs Cucumber Scenarios" data-provider="scenarios" finished-at="2022-10-07T14:20:59 WIB" duration-ms="27508" status="PASS">
          <params>
            <param index="0">
              <value>
                <![CDATA["Menambah daftar negative testimonial panjang karakter active"]]>
              </value>
            </param>
            <param index="1">
              <value>
                <![CDATA["Tambah Testimonial Negative"]]>
              </value>
            </param>
          </params>
          <reporter-output>
          </reporter-output>
        </test-method> <!-- runScenario -->
        <test-method signature="runScenario(io.cucumber.testng.PickleWrapper,io.cucumber.testng.FeatureWrapper)[pri:0, instance:cucumber.framework.runner.jcadmin.JCAdminRunner@4a83a74a]" started-at="2022-10-07T14:20:59 WIB" name="runScenario" description="Runs Cucumber Scenarios" data-provider="scenarios" finished-at="2022-10-07T14:21:26 WIB" duration-ms="26871" status="PASS">
          <params>
            <param index="0">
              <value>
                <![CDATA["Menambah daftar negative testimonial panjang karakter active"]]>
              </value>
            </param>
            <param index="1">
              <value>
                <![CDATA["Tambah Testimonial Negative"]]>
              </value>
            </param>
          </params>
          <reporter-output>
          </reporter-output>
        </test-method> <!-- runScenario -->
        <test-method signature="runScenario(io.cucumber.testng.PickleWrapper,io.cucumber.testng.FeatureWrapper)[pri:0, instance:cucumber.framework.runner.jcadmin.JCAdminRunner@4a83a74a]" started-at="2022-10-07T14:21:26 WIB" name="runScenario" description="Runs Cucumber Scenarios" data-provider="scenarios" finished-at="2022-10-07T14:21:52 WIB" duration-ms="26655" status="PASS">
          <params>
            <param index="0">
              <value>
                <![CDATA["Menambah daftar negative testimonial panjang karakter active"]]>
              </value>
            </param>
            <param index="1">
              <value>
                <![CDATA["Tambah Testimonial Negative"]]>
              </value>
            </param>
          </params>
          <reporter-output>
          </reporter-output>
        </test-method> <!-- runScenario -->
        <test-method signature="runScenario(io.cucumber.testng.PickleWrapper,io.cucumber.testng.FeatureWrapper)[pri:0, instance:cucumber.framework.runner.jcadmin.JCAdminRunner@4a83a74a]" started-at="2022-10-07T14:21:52 WIB" name="runScenario" description="Runs Cucumber Scenarios" data-provider="scenarios" finished-at="2022-10-07T14:22:19 WIB" duration-ms="26736" status="PASS">
          <params>
            <param index="0">
              <value>
                <![CDATA["Menambah daftar negative testimonial panjang karakter active"]]>
              </value>
            </param>
            <param index="1">
              <value>
                <![CDATA["Tambah Testimonial Negative"]]>
              </value>
            </param>
          </params>
          <reporter-output>
          </reporter-output>
        </test-method> <!-- runScenario -->
        <test-method signature="runScenario(io.cucumber.testng.PickleWrapper,io.cucumber.testng.FeatureWrapper)[pri:0, instance:cucumber.framework.runner.jcadmin.JCAdminRunner@4a83a74a]" started-at="2022-10-07T14:22:19 WIB" name="runScenario" description="Runs Cucumber Scenarios" data-provider="scenarios" finished-at="2022-10-07T14:22:47 WIB" duration-ms="27661" status="PASS">
          <params>
            <param index="0">
              <value>
                <![CDATA["Menambah daftar negative testimonial panjang karakter active"]]>
              </value>
            </param>
            <param index="1">
              <value>
                <![CDATA["Tambah Testimonial Negative"]]>
              </value>
            </param>
          </params>
          <reporter-output>
          </reporter-output>
        </test-method> <!-- runScenario -->
        <test-method signature="runScenario(io.cucumber.testng.PickleWrapper,io.cucumber.testng.FeatureWrapper)[pri:0, instance:cucumber.framework.runner.jcadmin.JCAdminRunner@4a83a74a]" started-at="2022-10-07T14:22:47 WIB" name="runScenario" description="Runs Cucumber Scenarios" data-provider="scenarios" finished-at="2022-10-07T14:23:14 WIB" duration-ms="27087" status="PASS">
          <params>
            <param index="0">
              <value>
                <![CDATA["Menambah data negative testimonial karakter no active"]]>
              </value>
            </param>
            <param index="1">
              <value>
                <![CDATA["Tambah Testimonial Negative"]]>
              </value>
            </param>
          </params>
          <reporter-output>
          </reporter-output>
        </test-method> <!-- runScenario -->
        <test-method signature="runScenario(io.cucumber.testng.PickleWrapper,io.cucumber.testng.FeatureWrapper)[pri:0, instance:cucumber.framework.runner.jcadmin.JCAdminRunner@4a83a74a]" started-at="2022-10-07T14:23:14 WIB" name="runScenario" description="Runs Cucumber Scenarios" data-provider="scenarios" finished-at="2022-10-07T14:23:41 WIB" duration-ms="27275" status="PASS">
          <params>
            <param index="0">
              <value>
                <![CDATA["Menambah data negative testimonial karakter no active"]]>
              </value>
            </param>
            <param index="1">
              <value>
                <![CDATA["Tambah Testimonial Negative"]]>
              </value>
            </param>
          </params>
          <reporter-output>
          </reporter-output>
        </test-method> <!-- runScenario -->
        <test-method signature="runScenario(io.cucumber.testng.PickleWrapper,io.cucumber.testng.FeatureWrapper)[pri:0, instance:cucumber.framework.runner.jcadmin.JCAdminRunner@4a83a74a]" started-at="2022-10-07T14:23:41 WIB" name="runScenario" description="Runs Cucumber Scenarios" data-provider="scenarios" finished-at="2022-10-07T14:24:09 WIB" duration-ms="28337" status="PASS">
          <params>
            <param index="0">
              <value>
                <![CDATA["Menambah data negative testimonial karakter no active"]]>
              </value>
            </param>
            <param index="1">
              <value>
                <![CDATA["Tambah Testimonial Negative"]]>
              </value>
            </param>
          </params>
          <reporter-output>
          </reporter-output>
        </test-method> <!-- runScenario -->
        <test-method signature="runScenario(io.cucumber.testng.PickleWrapper,io.cucumber.testng.FeatureWrapper)[pri:0, instance:cucumber.framework.runner.jcadmin.JCAdminRunner@4a83a74a]" started-at="2022-10-07T14:24:09 WIB" name="runScenario" description="Runs Cucumber Scenarios" data-provider="scenarios" finished-at="2022-10-07T14:24:37 WIB" duration-ms="27991" status="PASS">
          <params>
            <param index="0">
              <value>
                <![CDATA["Menambah data negative testimonial karakter no active"]]>
              </value>
            </param>
            <param index="1">
              <value>
                <![CDATA["Tambah Testimonial Negative"]]>
              </value>
            </param>
          </params>
          <reporter-output>
          </reporter-output>
        </test-method> <!-- runScenario -->
        <test-method signature="runScenario(io.cucumber.testng.PickleWrapper,io.cucumber.testng.FeatureWrapper)[pri:0, instance:cucumber.framework.runner.jcadmin.JCAdminRunner@4a83a74a]" started-at="2022-10-07T14:24:37 WIB" name="runScenario" description="Runs Cucumber Scenarios" data-provider="scenarios" finished-at="2022-10-07T14:25:05 WIB" duration-ms="27803" status="PASS">
          <params>
            <param index="0">
              <value>
                <![CDATA["Menambah data negative testimonial karakter no active"]]>
              </value>
            </param>
            <param index="1">
              <value>
                <![CDATA["Tambah Testimonial Negative"]]>
              </value>
            </param>
          </params>
          <reporter-output>
          </reporter-output>
        </test-method> <!-- runScenario -->
        <test-method signature="runScenario(io.cucumber.testng.PickleWrapper,io.cucumber.testng.FeatureWrapper)[pri:0, instance:cucumber.framework.runner.jcadmin.JCAdminRunner@4a83a74a]" started-at="2022-10-07T14:25:05 WIB" name="runScenario" description="Runs Cucumber Scenarios" data-provider="scenarios" finished-at="2022-10-07T14:25:32 WIB" duration-ms="27013" status="PASS">
          <params>
            <param index="0">
              <value>
                <![CDATA["Menambah data negative testimonial karakter no active"]]>
              </value>
            </param>
            <param index="1">
              <value>
                <![CDATA["Tambah Testimonial Negative"]]>
              </value>
            </param>
          </params>
          <reporter-output>
          </reporter-output>
        </test-method> <!-- runScenario -->
        <test-method signature="runScenario(io.cucumber.testng.PickleWrapper,io.cucumber.testng.FeatureWrapper)[pri:0, instance:cucumber.framework.runner.jcadmin.JCAdminRunner@4a83a74a]" started-at="2022-10-07T14:25:32 WIB" name="runScenario" description="Runs Cucumber Scenarios" data-provider="scenarios" finished-at="2022-10-07T14:26:01 WIB" duration-ms="28372" status="PASS">
          <params>
            <param index="0">
              <value>
                <![CDATA["Menambah daftar negative testimonial nama kecuali active"]]>
              </value>
            </param>
            <param index="1">
              <value>
                <![CDATA["Tambah Testimonial Negative"]]>
              </value>
            </param>
          </params>
          <reporter-output>
          </reporter-output>
        </test-method> <!-- runScenario -->
        <test-method signature="runScenario(io.cucumber.testng.PickleWrapper,io.cucumber.testng.FeatureWrapper)[pri:0, instance:cucumber.framework.runner.jcadmin.JCAdminRunner@4a83a74a]" started-at="2022-10-07T14:26:01 WIB" name="runScenario" description="Runs Cucumber Scenarios" data-provider="scenarios" finished-at="2022-10-07T14:26:27 WIB" duration-ms="26547" status="PASS">
          <params>
            <param index="0">
              <value>
                <![CDATA["Menambah daftar negative testimonial nama kecuali active"]]>
              </value>
            </param>
            <param index="1">
              <value>
                <![CDATA["Tambah Testimonial Negative"]]>
              </value>
            </param>
          </params>
          <reporter-output>
          </reporter-output>
        </test-method> <!-- runScenario -->
        <test-method signature="runScenario(io.cucumber.testng.PickleWrapper,io.cucumber.testng.FeatureWrapper)[pri:0, instance:cucumber.framework.runner.jcadmin.JCAdminRunner@4a83a74a]" started-at="2022-10-07T14:26:27 WIB" name="runScenario" description="Runs Cucumber Scenarios" data-provider="scenarios" finished-at="2022-10-07T14:26:58 WIB" duration-ms="30850" status="PASS">
          <params>
            <param index="0">
              <value>
                <![CDATA["Menambah daftar negative testimonial nama kecuali active"]]>
              </value>
            </param>
            <param index="1">
              <value>
                <![CDATA["Tambah Testimonial Negative"]]>
              </value>
            </param>
          </params>
          <reporter-output>
          </reporter-output>
        </test-method> <!-- runScenario -->
        <test-method signature="runScenario(io.cucumber.testng.PickleWrapper,io.cucumber.testng.FeatureWrapper)[pri:0, instance:cucumber.framework.runner.jcadmin.JCAdminRunner@4a83a74a]" started-at="2022-10-07T14:26:58 WIB" name="runScenario" description="Runs Cucumber Scenarios" data-provider="scenarios" finished-at="2022-10-07T14:27:25 WIB" duration-ms="27254" status="PASS">
          <params>
            <param index="0">
              <value>
                <![CDATA["Menambah daftar negative testimonial nama kecuali active"]]>
              </value>
            </param>
            <param index="1">
              <value>
                <![CDATA["Tambah Testimonial Negative"]]>
              </value>
            </param>
          </params>
          <reporter-output>
          </reporter-output>
        </test-method> <!-- runScenario -->
        <test-method signature="runScenario(io.cucumber.testng.PickleWrapper,io.cucumber.testng.FeatureWrapper)[pri:0, instance:cucumber.framework.runner.jcadmin.JCAdminRunner@4a83a74a]" started-at="2022-10-07T14:27:25 WIB" name="runScenario" description="Runs Cucumber Scenarios" data-provider="scenarios" finished-at="2022-10-07T14:27:53 WIB" duration-ms="27657" status="PASS">
          <params>
            <param index="0">
              <value>
                <![CDATA["Menambah daftar negative testimonial nama kecuali active"]]>
              </value>
            </param>
            <param index="1">
              <value>
                <![CDATA["Tambah Testimonial Negative"]]>
              </value>
            </param>
          </params>
          <reporter-output>
          </reporter-output>
        </test-method> <!-- runScenario -->
        <test-method signature="runScenario(io.cucumber.testng.PickleWrapper,io.cucumber.testng.FeatureWrapper)[pri:0, instance:cucumber.framework.runner.jcadmin.JCAdminRunner@4a83a74a]" started-at="2022-10-07T14:27:53 WIB" name="runScenario" description="Runs Cucumber Scenarios" data-provider="scenarios" finished-at="2022-10-07T14:28:19 WIB" duration-ms="26184" status="PASS">
          <params>
            <param index="0">
              <value>
                <![CDATA["Menambah daftar negative testimonial nama kecuali active"]]>
              </value>
            </param>
            <param index="1">
              <value>
                <![CDATA["Tambah Testimonial Negative"]]>
              </value>
            </param>
          </params>
          <reporter-output>
          </reporter-output>
        </test-method> <!-- runScenario -->
        <test-method signature="runScenario(io.cucumber.testng.PickleWrapper,io.cucumber.testng.FeatureWrapper)[pri:0, instance:cucumber.framework.runner.jcadmin.JCAdminRunner@4a83a74a]" started-at="2022-10-07T14:28:19 WIB" name="runScenario" description="Runs Cucumber Scenarios" data-provider="scenarios" finished-at="2022-10-07T14:29:17 WIB" duration-ms="57605" status="FAIL">
          <params>
[...]
          <params>
            <param index="0">
              <value>
                <![CDATA["Mengedit dropdown menu rating satu"]]>
              </value>
            </param>
            <param index="1">
              <value>
                <![CDATA["Edit Testimonial"]]>
              </value>
            </param>
          </params>
          <reporter-output>
          </reporter-output>
        </test-method> <!-- runScenario -->
        <test-method signature="runScenario(io.cucumber.testng.PickleWrapper,io.cucumber.testng.FeatureWrapper)[pri:0, instance:cucumber.framework.runner.jcadmin.JCAdminRunner@4a83a74a]" started-at="2022-10-07T14:34:48 WIB" name="runScenario" description="Runs Cucumber Scenarios" data-provider="scenarios" finished-at="2022-10-07T14:35:02 WIB" duration-ms="13952" status="PASS">
          <params>
            <param index="0">
              <value>
                <![CDATA["Mengedit menu dropdown rating dua"]]>
              </value>
            </param>
            <param index="1">
              <value>
                <![CDATA["Edit Testimonial"]]>
              </value>
            </param>
          </params>
          <reporter-output>
          </reporter-output>
        </test-method> <!-- runScenario -->
        <test-method signature="runScenario(io.cucumber.testng.PickleWrapper,io.cucumber.testng.FeatureWrapper)[pri:0, instance:cucumber.framework.runner.jcadmin.JCAdminRunner@4a83a74a]" started-at="2022-10-07T14:35:02 WIB" name="runScenario" description="Runs Cucumber Scenarios" data-provider="scenarios" finished-at="2022-10-07T14:35:16 WIB" duration-ms="13949" status="PASS">
          <params>
            <param index="0">
              <value>
                <![CDATA["Mengedit rating tiga dropdown"]]>
              </value>
            </param>
            <param index="1">
              <value>
                <![CDATA["Edit Testimonial"]]>
              </value>
            </param>
          </params>
          <reporter-output>
          </reporter-output>
        </test-method> <!-- runScenario -->
        <test-method signature="runScenario(io.cucumber.testng.PickleWrapper,io.cucumber.testng.FeatureWrapper)[pri:0, instance:cucumber.framework.runner.jcadmin.JCAdminRunner@4a83a74a]" started-at="2022-10-07T14:35:16 WIB" name="runScenario" description="Runs Cucumber Scenarios" data-provider="scenarios" finished-at="2022-10-07T14:35:30 WIB" duration-ms="13852" status="PASS">
          <params>
            <param index="0">
              <value>
                <![CDATA["Mengedit rating empat menu dropdown"]]>
              </value>
            </param>
            <param index="1">
              <value>
                <![CDATA["Edit Testimonial"]]>
              </value>
            </param>
          </params>
          <reporter-output>
          </reporter-output>
        </test-method> <!-- runScenario -->
        <test-method signature="runScenario(io.cucumber.testng.PickleWrapper,io.cucumber.testng.FeatureWrapper)[pri:0, instance:cucumber.framework.runner.jcadmin.JCAdminRunner@4a83a74a]" started-at="2022-10-07T14:35:30 WIB" name="runScenario" description="Runs Cucumber Scenarios" data-provider="scenarios" finished-at="2022-10-07T14:35:44 WIB" duration-ms="13697" status="PASS">
          <params>
            <param index="0">
              <value>
                <![CDATA["Mengedit rating lima dropdown menu"]]>
              </value>
            </param>
            <param index="1">
              <value>
                <![CDATA["Edit Testimonial"]]>
              </value>
            </param>
          </params>
          <reporter-output>
          </reporter-output>
        </test-method> <!-- runScenario -->
        <test-method signature="runScenario(io.cucumber.testng.PickleWrapper,io.cucumber.testng.FeatureWrapper)[pri:0, instance:cucumber.framework.runner.jcadmin.JCAdminRunner@4a83a74a]" started-at="2022-10-07T14:35:44 WIB" name="runScenario" description="Runs Cucumber Scenarios" data-provider="scenarios" finished-at="2022-10-07T14:35:57 WIB" duration-ms="12997" status="PASS">
          <params>
            <param index="0">
              <value>
                <![CDATA["Mengedit nama peserta di data pertama"]]>
              </value>
            </param>
            <param index="1">
              <value>
                <![CDATA["Edit Testimonial"]]>
              </value>
            </param>
          </params>
          <reporter-output>
          </reporter-output>
        </test-method> <!-- runScenario -->
        <test-method signature="runScenario(io.cucumber.testng.PickleWrapper,io.cucumber.testng.FeatureWrapper)[pri:0, instance:cucumber.framework.runner.jcadmin.JCAdminRunner@4a83a74a]" started-at="2022-10-07T14:35:57 WIB" name="runScenario" description="Runs Cucumber Scenarios" data-provider="scenarios" finished-at="2022-10-07T14:36:10 WIB" duration-ms="13083" status="PASS">
          <params>
            <param index="0">
              <value>
                <![CDATA["Mengedit isi testimonial"]]>
              </value>
            </param>
            <param index="1">
              <value>
                <![CDATA["Edit Testimonial"]]>
              </value>
            </param>
          </params>
          <reporter-output>
          </reporter-output>
        </test-method> <!-- runScenario -->
        <test-method signature="runScenario(io.cucumber.testng.PickleWrapper,io.cucumber.testng.FeatureWrapper)[pri:0, instance:cucumber.framework.runner.jcadmin.JCAdminRunner@4a83a74a]" started-at="2022-10-07T14:36:10 WIB" name="runScenario" description="Runs Cucumber Scenarios" data-provider="scenarios" finished-at="2022-10-07T14:36:24 WIB" duration-ms="14299" status="PASS">
          <params>
            <param index="0">
              <value>
                <![CDATA["Mengedit active no active"]]>
              </value>
            </param>
            <param index="1">
              <value>
                <![CDATA["Edit Testimonial"]]>
              </value>
            </param>
          </params>
          <reporter-output>
          </reporter-output>
        </test-method> <!-- runScenario -->
        <test-method signature="runScenario(io.cucumber.testng.PickleWrapper,io.cucumber.testng.FeatureWrapper)[pri:0, instance:cucumber.framework.runner.jcadmin.JCAdminRunner@4a83a74a]" started-at="2022-10-07T14:36:24 WIB" name="runScenario" description="Runs Cucumber Scenarios" data-provider="scenarios" finished-at="2022-10-07T14:36:39 WIB" duration-ms="14447" status="PASS">
          <params>
            <param index="0">
              <value>
                <![CDATA["Mengedit no active active"]]>
              </value>
            </param>
            <param index="1">
              <value>
                <![CDATA["Edit Testimonial"]]>
              </value>
            </param>
          </params>
          <reporter-output>
          </reporter-output>
        </test-method> <!-- runScenario -->
        <test-method signature="runScenario(io.cucumber.testng.PickleWrapper,io.cucumber.testng.FeatureWrapper)[pri:0, instance:cucumber.framework.runner.jcadmin.JCAdminRunner@4a83a74a]" started-at="2022-10-07T14:36:39 WIB" name="runScenario" description="Runs Cucumber Scenarios" data-provider="scenarios" finished-at="2022-10-07T14:36:50 WIB" duration-ms="11659" status="PASS">
          <params>
            <param index="0">
              <value>
                <![CDATA["Mengedit nama peserta dengan karakter dikecualikan pada data pertama"]]>
              </value>
            </param>
            <param index="1">
              <value>
                <![CDATA["Edit Testimonial Negatif"]]>
              </value>
            </param>
          </params>
          <reporter-output>
          </reporter-output>
        </test-method> <!-- runScenario -->
        <test-method signature="runScenario(io.cucumber.testng.PickleWrapper,io.cucumber.testng.FeatureWrapper)[pri:0, instance:cucumber.framework.runner.jcadmin.JCAdminRunner@4a83a74a]" started-at="2022-10-07T14:36:50 WIB" name="runScenario" description="Runs Cucumber Scenarios" data-provider="scenarios" finished-at="2022-10-07T14:37:04 WIB" duration-ms="13155" status="PASS">
          <params>
            <param index="0">
              <value>
                <![CDATA["Mengedit nama peserta full di data pertama"]]>
              </value>
            </param>
            <param index="1">
              <value>
                <![CDATA["Edit Testimonial Negatif"]]>
              </value>
            </param>
          </params>
          <reporter-output>
          </reporter-output>
        </test-method> <!-- runScenario -->
        <test-method signature="runScenario(io.cucumber.testng.PickleWrapper,io.cucumber.testng.FeatureWrapper)[pri:0, instance:cucumber.framework.runner.jcadmin.JCAdminRunner@4a83a74a]" started-at="2022-10-07T14:37:04 WIB" name="runScenario" description="Runs Cucumber Scenarios" data-provider="scenarios" finished-at="2022-10-07T14:37:17 WIB" duration-ms="13551" status="PASS">
          <params>
            <param index="0">
              <value>
                <![CDATA["Mengedit nama peserta full di data pertama"]]>
              </value>
            </param>
            <param index="1">
              <value>
                <![CDATA["Edit Testimonial Negatif"]]>
              </value>
            </param>
          </params>
          <reporter-output>
          </reporter-output>
        </test-method> <!-- runScenario -->
        <test-method signature="runScenario(io.cucumber.testng.PickleWrapper,io.cucumber.testng.FeatureWrapper)[pri:0, instance:cucumber.framework.runner.jcadmin.JCAdminRunner@4a83a74a]" started-at="2022-10-07T14:37:17 WIB" name="runScenario" description="Runs Cucumber Scenarios" data-provider="scenarios" finished-at="2022-10-07T14:37:26 WIB" duration-ms="8910" status="PASS">
          <params>
            <param index="0">
              <value>
                <![CDATA["Mencari nama peserta"]]>
              </value>
            </param>
            <param index="1">
              <value>
                <![CDATA["Search Testimonial"]]>
              </value>
            </param>
          </params>
          <reporter-output>
          </reporter-output>
        </test-method> <!-- runScenario -->
        <test-method signature="runScenario(io.cucumber.testng.PickleWrapper,io.cucumber.testng.FeatureWrapper)[pri:0, instance:cucumber.framework.runner.jcadmin.JCAdminRunner@4a83a74a]" started-at="2022-10-07T14:37:26 WIB" name="runScenario" description="Runs Cucumber Scenarios" data-provider="scenarios" finished-at="2022-10-07T14:37:33 WIB" duration-ms="6692" status="PASS">
          <params>
            <param index="0">
              <value>
                <![CDATA["Mencari nama peserta dengan karakter"]]>
              </value>
            </param>
            <param index="1">
              <value>
                <![CDATA["Search Testimonial Negative"]]>
              </value>
            </param>
          </params>
          <reporter-output>
          </reporter-output>
        </test-method> <!-- runScenario -->
        <test-method signature="runScenario(io.cucumber.testng.PickleWrapper,io.cucumber.testng.FeatureWrapper)[pri:0, instance:cucumber.framework.runner.jcadmin.JCAdminRunner@4a83a74a]" started-at="2022-10-07T14:37:33 WIB" name="runScenario" description="Runs Cucumber Scenarios" data-provider="scenarios" finished-at="2022-10-07T14:37:39 WIB" duration-ms="6478" status="PASS">
          <params>
            <param index="0">
              <value>
                <![CDATA["Mencari isi testimonial peserta"]]>
              </value>
            </param>
            <param index="1">
              <value>
                <![CDATA["Search Testimonial Negative"]]>
              </value>
            </param>
          </params>
          <reporter-output>
          </reporter-output>
        </test-method> <!-- runScenario -->
        <test-method signature="runScenario(io.cucumber.testng.PickleWrapper,io.cucumber.testng.FeatureWrapper)[pri:0, instance:cucumber.framework.runner.jcadmin.JCAdminRunner@4a83a74a]" started-at="2022-10-07T14:37:39 WIB" name="runScenario" description="Runs Cucumber Scenarios" data-provider="scenarios" finished-at="2022-10-07T14:37:57 WIB" duration-ms="18188" status="PASS">
          <params>
            <param index="0">
              <value>
                <![CDATA["Mencari dan edit gambar"]]>
              </value>
            </param>
            <param index="1">
              <value>
                <![CDATA["Search Edit Testimonial"]]>
              </value>
            </param>
          </params>
          <reporter-output>
          </reporter-output>
        </test-method> <!-- runScenario -->
        <test-method signature="runScenario(io.cucumber.testng.PickleWrapper,io.cucumber.testng.FeatureWrapper)[pri:0, instance:cucumber.framework.runner.jcadmin.JCAdminRunner@4a83a74a]" started-at="2022-10-07T14:37:57 WIB" name="runScenario" description="Runs Cucumber Scenarios" data-provider="scenarios" finished-at="2022-10-07T14:38:10 WIB" duration-ms="12822" status="PASS">
          <params>
            <param index="0">
              <value>
                <![CDATA["Mencari dan edit nama"]]>
              </value>
            </param>
            <param index="1">
              <value>
                <![CDATA["Search Edit Testimonial"]]>
              </value>
            </param>
          </params>
          <reporter-output>
          </reporter-output>
        </test-method> <!-- runScenario -->
        <test-method signature="runScenario(io.cucumber.testng.PickleWrapper,io.cucumber.testng.FeatureWrapper)[pri:0, instance:cucumber.framework.runner.jcadmin.JCAdminRunner@4a83a74a]" started-at="2022-10-07T14:38:10 WIB" name="runScenario" description="Runs Cucumber Scenarios" data-provider="scenarios" finished-at="2022-10-07T14:38:24 WIB" duration-ms="13736" status="PASS">
          <params>
            <param index="0">
              <value>
                <![CDATA["Mencari dan edit isi"]]>
              </value>
            </param>
            <param index="1">
              <value>
                <![CDATA["Search Edit Testimonial"]]>
              </value>
            </param>
          </params>
          <reporter-output>
          </reporter-output>
        </test-method> <!-- runScenario -->
        <test-method signature="runScenario(io.cucumber.testng.PickleWrapper,io.cucumber.testng.FeatureWrapper)[pri:0, instance:cucumber.framework.runner.jcadmin.JCAdminRunner@4a83a74a]" started-at="2022-10-07T14:38:24 WIB" name="runScenario" description="Runs Cucumber Scenarios" data-provider="scenarios" finished-at="2022-10-07T14:38:39 WIB" duration-ms="14854" status="PASS">
          <params>
            <param index="0">
              <value>
                <![CDATA["Mencari dan edit publish"]]>
              </value>
            </param>
            <param index="1">
              <value>
                <![CDATA["Search Edit Testimonial"]]>
              </value>
            </param>
          </params>
          <reporter-output>
          </reporter-output>
        </test-method> <!-- runScenario -->
        <test-method signature="runScenario(io.cucumber.testng.PickleWrapper,io.cucumber.testng.FeatureWrapper)[pri:0, instance:cucumber.framework.runner.jcadmin.JCAdminRunner@4a83a74a]" started-at="2022-10-07T14:38:39 WIB" name="runScenario" description="Runs Cucumber Scenarios" data-provider="scenarios" finished-at="2022-10-07T14:38:51 WIB" duration-ms="12251" status="PASS">
          <params>
            <param index="0">
              <value>
                <![CDATA["Mencari dan edit publish"]]>
              </value>
            </param>
            <param index="1">
              <value>
                <![CDATA["Search Edit Testimonial"]]>
              </value>
            </param>
          </params>
          <reporter-output>
          </reporter-output>
        </test-method> <!-- runScenario -->
        <test-method signature="runScenario(io.cucumber.testng.PickleWrapper,io.cucumber.testng.FeatureWrapper)[pri:0, instance:cucumber.framework.runner.jcadmin.JCAdminRunner@4a83a74a]" started-at="2022-10-07T14:38:51 WIB" name="runScenario" description="Runs Cucumber Scenarios" data-provider="scenarios" finished-at="2022-10-07T14:39:12 WIB" duration-ms="20788" status="PASS">
          <params>
            <param index="0">
              <value>
                <![CDATA["Melihat data dalam page list testimonials"]]>
              </value>
            </param>
            <param index="1">
              <value>
                <![CDATA["List Testimonial"]]>
              </value>
            </param>
          </params>
          <reporter-output>
          </reporter-output>
        </test-method> <!-- runScenario -->
        <test-method signature="runScenario(io.cucumber.testng.PickleWrapper,io.cucumber.testng.FeatureWrapper)[pri:0, instance:cucumber.framework.runner.jcadmin.JCAdminRunner@4a83a74a]" started-at="2022-10-07T14:39:12 WIB" name="runScenario" description="Runs Cucumber Scenarios" data-provider="scenarios" finished-at="2022-10-07T14:39:25 WIB" duration-ms="13444" status="PASS">
          <params>
            <param index="0">
              <value>
                <![CDATA["Memindahkan halaman pertama"]]>
              </value>
            </param>
            <param index="1">
              <value>
                <![CDATA["Slide Page Testimonial"]]>
              </value>
            </param>
          </params>
          <reporter-output>
          </reporter-output>
        </test-method> <!-- runScenario -->
        <test-method signature="runScenario(io.cucumber.testng.PickleWrapper,io.cucumber.testng.FeatureWrapper)[pri:0, instance:cucumber.framework.runner.jcadmin.JCAdminRunner@4a83a74a]" started-at="2022-10-07T14:39:25 WIB" name="runScenario" description="Runs Cucumber Scenarios" data-provider="scenarios" finished-at="2022-10-07T14:39:41 WIB" duration-ms="15298" status="PASS">
          <params>
            <param index="0">
              <value>
                <![CDATA["Memindahkan halaman kedua"]]>
              </value>
            </param>
            <param index="1">
              <value>
                <![CDATA["Slide Page Testimonial"]]>
              </value>
            </param>
          </params>
          <reporter-output>
          </reporter-output>
        </test-method> <!-- runScenario -->
        <test-method signature="runScenario(io.cucumber.testng.PickleWrapper,io.cucumber.testng.FeatureWrapper)[pri:0, instance:cucumber.framework.runner.jcadmin.JCAdminRunner@4a83a74a]" started-at="2022-10-07T14:39:41 WIB" name="runScenario" description="Runs Cucumber Scenarios" data-provider="scenarios" finished-at="2022-10-07T14:39:58 WIB" duration-ms="17449" status="PASS">
          <params>
            <param index="0">
              <value>
                <![CDATA["Memindahkan halaman ketiga"]]>
              </value>
            </param>
            <param index="1">
              <value>
                <![CDATA["Slide Page Testimonial"]]>
              </value>
            </param>
          </params>
          <reporter-output>
          </reporter-output>
        </test-method> <!-- runScenario -->
        <test-method is-config="true" signature="tearDownClass()[pri:0, instance:cucumber.framework.runner.jcadmin.JCAdminRunner@4a83a74a]" started-at="2022-10-07T14:39:58 WIB" name="tearDownClass" finished-at="2022-10-07T14:40:01 WIB" duration-ms="2801" status="PASS">
          <reporter-output>
          </reporter-output>
        </test-method> <!-- tearDownClass -->
      </class> <!-- cucumber.framework.runner.jcadmin.JCAdminRunner -->
    </test> <!-- Default test -->
  </suite> <!-- Default suite -->
</testng-results>
