<?xml version="1.0" encoding="UTF-8"?>
<testng-results ignored="0" total="2" passed="2" failed="0" skipped="0">
  <reporter-output>
  </reporter-output>
  <suite started-at="2022-10-03T13:59:32 WIB" name="Default suite" finished-at="2022-10-03T14:00:42 WIB" duration-ms="70136">
    <groups>
      <group name="cucumber">
        <method signature="AbstractTestNGCucumberTests.runScenario(io.cucumber.testng.PickleWrapper,io.cucumber.testng.FeatureWrapper)[pri:0, instance:cucumber.framework.runner.jcadmin.JCAdminRunner@4a83a74a]" name="runScenario" class="io.cucumber.testng.AbstractTestNGCucumberTests"/>
      </group> <!-- cucumber -->
    </groups>
    <test started-at="2022-10-03T13:59:32 WIB" name="Default test" finished-at="2022-10-03T14:00:42 WIB" duration-ms="70136">
      <class name="cucumber.framework.runner.jcadmin.JCAdminRunner">
        <test-method is-config="true" signature="setUpClass(org.testng.ITestContext)[pri:0, instance:cucumber.framework.runner.jcadmin.JCAdminRunner@4a83a74a]" started-at="2022-10-03T13:59:32 WIB" name="setUpClass" finished-at="2022-10-03T13:59:32 WIB" duration-ms="624" status="PASS">
          <params>
            <param index="0">
              <value>
                <![CDATA[org.testng.TestRunner@7ead1d80]]>
              </value>
            </param>
          </params>
          <reporter-output>
          </reporter-output>
        </test-method> <!-- setUpClass -->
        <test-method signature="runScenario(io.cucumber.testng.PickleWrapper,io.cucumber.testng.FeatureWrapper)[pri:0, instance:cucumber.framework.runner.jcadmin.JCAdminRunner@4a83a74a]" started-at="2022-10-03T13:59:32 WIB" name="runScenario" description="Runs Cucumber Scenarios" data-provider="scenarios" finished-at="2022-10-03T14:00:11 WIB" duration-ms="38944" status="PASS">
          <params>
            <param index="0">
              <value>
                <![CDATA["Menambah daftar testimonial active"]]>
              </value>
            </param>
            <param index="1">
              <value>
                <![CDATA["Tambah Testimonial"]]>
              </value>
            </param>
          </params>
          <reporter-output>
          </reporter-output>
        </test-method> <!-- runScenario -->
        <test-method signature="runScenario(io.cucumber.testng.PickleWrapper,io.cucumber.testng.FeatureWrapper)[pri:0, instance:cucumber.framework.runner.jcadmin.JCAdminRunner@4a83a74a]" started-at="2022-10-03T14:00:11 WIB" name="runScenario" description="Runs Cucumber Scenarios" data-provider="scenarios" finished-at="2022-10-03T14:00:39 WIB" duration-ms="28178" status="PASS">
          <params>
            <param index="0">
              <value>
                <![CDATA["Menambah daftar testimonial active"]]>
              </value>
            </param>
            <param index="1">
              <value>
                <![CDATA["Tambah Testimonial"]]>
              </value>
            </param>
          </params>
          <reporter-output>
          </reporter-output>
        </test-method> <!-- runScenario -->
        <test-method is-config="true" signature="tearDownClass()[pri:0, instance:cucumber.framework.runner.jcadmin.JCAdminRunner@4a83a74a]" started-at="2022-10-03T14:00:39 WIB" name="tearDownClass" finished-at="2022-10-03T14:00:42 WIB" duration-ms="2341" status="PASS">
          <reporter-output>
          </reporter-output>
        </test-method> <!-- tearDownClass -->
      </class> <!-- cucumber.framework.runner.jcadmin.JCAdminRunner -->
    </test> <!-- Default test -->
  </suite> <!-- Default suite -->
</testng-results>
