<html>
<head>
<title>TestNG:  Default test</title>
<link href="../testng.css" rel="stylesheet" type="text/css" />
<link href="../my-testng.css" rel="stylesheet" type="text/css" />

<style type="text/css">
.log { display: none;} 
.stack-trace { display: none;} 
</style>
<script type="text/javascript">
<!--
function flip(e) {
  current = e.style.display;
  if (current == 'block') {
    e.style.display = 'none';
    return 0;
  }
  else {
    e.style.display = 'block';
    return 1;
  }
}

function toggleBox(szDivId, elem, msg1, msg2)
{
  var res = -1;  if (document.getElementById) {
    res = flip(document.getElementById(szDivId));
  }
  else if (document.all) {
    // this is the way old msie versions work
    res = flip(document.all[szDivId]);
  }
  if(elem) {
    if(res == 0) elem.innerHTML = msg1; else elem.innerHTML = msg2;
  }

}

function toggleAllBoxes() {
  if (document.getElementsByTagName) {
    d = document.getElementsByTagName('div');
    for (i = 0; i < d.length; i++) {
      if (d[i].className == 'log') {
        flip(d[i]);
      }
    }
  }
}

// -->
</script>

</head>
<body>
<h2 align='center'>Default test</h2><table border='1' align="center">
<tr>
<td>Tests passed/Failed/Skipped:</td><td>119/6/0</td>
</tr><tr>
<td>Started on:</td><td>Fri Oct 07 13:54:05 WIB 2022</td>
</tr>
<tr><td>Total time:</td><td>2755 seconds (2755471 ms)</td>
</tr><tr>
<td>Included groups:</td><td></td>
</tr><tr>
<td>Excluded groups:</td><td></td>
</tr>
</table><p/>
<small><i>(Hover the method name to see the test class name)</i></small><p/>
<table width='100%' border='1' class='invocation-failed'>
<tr><td colspan='4' align='center'><b>FAILED TESTS</b></td></tr>
<tr><td><b>Test method</b></td>
<td><b>Attribute(s)</b></td>
<td width="30%"><b>Exception</b></td>
<td width="10%"><b>Time (seconds)</b></td>
<td><b>Instance</b></td>
</tr>
<tr>
<td title='cucumber.framework.runner.jcadmin.JCAdminRunner.runScenario()'><b>runScenario</b><br>Test class: cucumber.framework.runner.jcadmin.JCAdminRunner<br>Test method: Runs Cucumber Scenarios<br>Parameters: "Menambah daftar negative testimonial nama char no active", "Tambah Testimonial Negative"</td>
<td><div><pre>org.openqa.selenium.TimeoutException: Expected condition failed: waiting for visibility of Proxy element for: DefaultElementLocator &apos;By.xpath: //div[@class=&apos;invalid-feedback&apos;]&apos; (tried for 15 second(s) with 500 milliseconds interval)
	at org.openqa.selenium.support.ui.WebDriverWait.timeoutException(WebDriverWait.java:87)
	at org.openqa.selenium.support.ui.FluentWait.until(FluentWait.java:231)
	at cucumber.framework.page.jcadmin.JCAdminTestimonial.getTxtNama(JCAdminTestimonial.java:730)
	at cucumber.framework.runner.jcadmin.JCTambahNegatifTestimonialImpl.admin_add_testimonial_negative_no_active_invalid_nama_char(JCTambahNegatifTestimonialImpl.java:205)
	at ✽.TE045N Admin add testimonial negative no active invalid nama char(file:///C:/Users/NEXSOFT/Documents/Nexsoft/TA-NISA/TA-NISA/src/main/resources/jcadmin/002Testimonial002TambahNegatif.feature:107)
Caused by: org.openqa.selenium.NoSuchElementException: no such element: Unable to locate element: {&quot;method&quot;:&quot;xpath&quot;,&quot;selector&quot;:&quot;//div[@class=&apos;invalid-feedback&apos;]&quot;}
  (Session info: chrome=105.0.5195.127)
For documentation on this error, please visit: https://selenium.dev/exceptions/#no_such_element
Build info: version: &apos;4.4.0&apos;, revision: &apos;e5c75ed026a&apos;
System info: host: &apos;DESKTOP-402V9A7&apos;, ip: &apos;10.0.0.160&apos;, os.name: &apos;Windows 10&apos;, os.arch: &apos;amd64&apos;, os.version: &apos;10.0&apos;, java.version: &apos;18.0.2&apos;
Driver info: org.openqa.selenium.chrome.ChromeDriver
Command: [cea9555d011afc0d43be5971d6e4a1cb, findElement {using=xpath, value=//div[@class=&apos;invalid-feedback&apos;]}]
Capabilities {acceptInsecureCerts: false, browserName: chrome, browserVersion: 105.0.5195.127, chrome: {chromedriverVersion: 105.0.5195.52 (412c95e51883..., userDataDir: C:\Users\NEXSOFT\AppData\Lo...}, goog:chromeOptions: {debuggerAddress: localhost:59852}, networkConnectionEnabled: false, pageLoadStrategy: normal, platformName: WINDOWS, proxy: Proxy(), se:cdp: ws://localhost:59852/devtoo..., se:cdpVersion: 105.0.5195.127, setWindowRect: true, strictFileInteractability: false, timeouts: {implicit: 0, pageLoad: 300000, script: 30000}, unhandledPromptBehavior: dismiss and notify, webauthn:extension:credBlob: true, webauthn:extension:largeBlob: true, webauthn:virtualAuthenticators: true}
Session ID: cea9555d011afc0d43be5971d6e4a1cb
	at java.base/jdk.internal.reflect.DirectConstructorHandleAccessor.newInstance(DirectConstructorHandleAccessor.java:67)
	at java.base/java.lang.reflect.Constructor.newInstanceWithCaller(Constructor.java:499)
	at java.base/java.lang.reflect.Constructor.newInstance(Constructor.java:483)
	at org.openqa.selenium.remote.codec.w3c.W3CHttpResponseCodec.createException(W3CHttpResponseCodec.java:200)
	at org.openqa.selenium.remote.codec.w3c.W3CHttpResponseCodec.decode(W3CHttpResponseCodec.java:133)
	at org.openqa.selenium.remote.codec.w3c.W3CHttpResponseCodec.decode(W3CHttpResponseCodec.java:53)
	at org.openqa.selenium.remote.HttpCommandExecutor.execute(HttpCommandExecutor.java:184)
	at org.openqa.selenium.remote.service.DriverCommandExecutor.invokeExecute(DriverCommandExecutor.java:167)
	at org.openqa.selenium.remote.service.DriverCommandExecutor.execute(DriverCommandExecutor.java:142)
	at org.openqa.selenium.remote.RemoteWebDriver.execute(RemoteWebDriver.java:547)
	at org.openqa.selenium.remote.ElementLocation$ElementFinder$2.findElement(ElementLocation.java:162)
	at org.openqa.selenium.remote.ElementLocation.findElement(ElementLocation.java:60)
	at org.openqa.selenium.remote.RemoteWebDriver.findElement(RemoteWebDriver.java:365)
	at org.openqa.selenium.remote.RemoteWebDriver.findElement(RemoteWebDriver.java:357)
	at org.openqa.selenium.support.pagefactory.DefaultElementLocator.findElement(DefaultElementLocator.java:70)
	at org.openqa.selenium.support.pagefactory.internal.LocatingElementHandler.invoke(LocatingElementHandler.java:39)
	at jdk.proxy2/jdk.proxy2.$Proxy32.isDisplayed(Unknown Source)
	at org.openqa.selenium.support.ui.ExpectedConditions.elementIfVisible(ExpectedConditions.java:307)
	at org.openqa.selenium.support.ui.ExpectedConditions.access$000(ExpectedConditions.java:40)
	at org.openqa.selenium.support.ui.ExpectedConditions$10.apply(ExpectedConditions.java:293)
	at org.openqa.selenium.support.ui.ExpectedConditions$10.apply(ExpectedConditions.java:290)
	at org.openqa.selenium.support.ui.FluentWait.until(FluentWait.java:208)
	at cucumber.framework.page.jcadmin.JCAdminTestimonial.getTxtNama(JCAdminTestimonial.java:730)
	at cucumber.framework.runner.jcadmin.JCTambahNegatifTestimonialImpl.admin_add_testimonial_negative_no_active_invalid_nama_char(JCTambahNegatifTestimonialImpl.java:205)
	at java.base/jdk.internal.reflect.DirectMethodHandleAccessor.invoke(DirectMethodHandleAccessor.java:104)
	at java.base/java.lang.reflect.Method.invoke(Method.java:577)
	at io.cucumber.java.Invoker.doInvoke(Invoker.java:66)
	at io.cucumber.java.Invoker.invoke(Invoker.java:24)
	at io.cucumber.java.AbstractGlueDefinition.invokeMethod(AbstractGlueDefinition.java:47)
	at io.cucumber.java.JavaStepDefinition.execute(JavaStepDefinition.java:29)
	at io.cucumber.core.runner.CoreStepDefinition.execute(CoreStepDefinition.java:66)
	at io.cucumber.core.runner.PickleStepDefinitionMatch.runStep(PickleStepDefinitionMatch.java:63)
	at io.cucumber.core.runner.ExecutionMode$1.execute(ExecutionMode.java:10)
	at io.cucumber.core.runner.TestStep.executeStep(TestStep.java:85)
	at io.cucumber.core.runner.TestStep.run(TestStep.java:57)
	at io.cucumber.core.runner.PickleStepTestStep.run(PickleStepTestStep.java:51)
	at io.cucumber.core.runner.TestCase.run(TestCase.java:84)
	at io.cucumber.core.runner.Runner.runPickle(Runner.java:75)
	at io.cucumber.testng.TestNGCucumberRunner.lambda$runScenario$1(TestNGCucumberRunner.java:132)
	at io.cucumber.core.runtime.CucumberExecutionContext.lambda$runTestCase$5(CucumberExecutionContext.java:129)
	at io.cucumber.core.runtime.RethrowingThrowableCollector.executeAndThrow(RethrowingThrowableCollector.java:23)
	at io.cucumber.core.runtime.CucumberExecutionContext.runTestCase(CucumberExecutionContext.java:129)
	at io.cucumber.testng.TestNGCucumberRunner.runScenario(TestNGCucumberRunner.java:129)
	at io.cucumber.testng.AbstractTestNGCucumberTests.runScenario(AbstractTestNGCucumberTests.java:35)
	at java.base/jdk.internal.reflect.DirectMethodHandleAccessor.invoke(DirectMethodHandleAccessor.java:104)
	at java.base/java.lang.reflect.Method.invoke(Method.java:577)
	at org.testng.internal.invokers.MethodInvocationHelper.invokeMethod(MethodInvocationHelper.java:139)
	at org.testng.internal.invokers.TestInvoker.invokeMethod(TestInvoker.java:677)
	at org.testng.internal.invokers.TestInvoker.invokeTestMethod(TestInvoker.java:221)
	at org.testng.internal.invokers.MethodRunner.runInSequence(MethodRunner.java:50)
	at org.testng.internal.invokers.TestInvoker$MethodInvocationAgent.invoke(TestInvoker.java:962)
	at org.testng.internal.invokers.TestInvoker.invokeTestMethods(TestInvoker.java:194)
	at org.testng.internal.invokers.TestMethodWorker.invokeTestMethods(TestMethodWorker.java:148)
	at org.testng.internal.invokers.TestMethodWorker.run(TestMethodWorker.java:128)
	at java.base/java.util.ArrayList.forEach(ArrayList.java:1511)
	at org.testng.TestRunner.privateRun(TestRunner.java:806)
	at org.testng.TestRunner.run(TestRunner.java:601)
	at org.testng.SuiteRunner.runTest(SuiteRunner.java:433)
	at org.testng.SuiteRunner.runSequentially(SuiteRunner.java:427)
	at org.testng.SuiteRunner.privateRun(SuiteRunner.java:387)
	at org.testng.SuiteRunner.run(SuiteRunner.java:330)
	at org.testng.SuiteRunnerWorker.runSuite(SuiteRunnerWorker.java:52)
	at org.testng.SuiteRunnerWorker.run(SuiteRunnerWorker.java:95)
	at org.testng.TestNG.runSuitesSequentially(TestNG.java:1256)
	at org.testng.TestNG.runSuitesLocally(TestNG.java:1176)
	at org.testng.TestNG.runSuites(TestNG.java:1099)
	at org.testng.TestNG.run(TestNG.java:1067)
	at org.testng.remote.AbstractRemoteTestNG.run(AbstractRemoteTestNG.java:115)
	at org.testng.remote.RemoteTestNG.initAndRun(RemoteTestNG.java:251)
	at org.testng.remote.RemoteTestNG.main(RemoteTestNG.java:77)
</pre></div><a href='#' onClick='toggleBox("stack-trace1726922381", this, "Click to show all stack frames", "Click to hide stack frames")'>Click to show all stack frames</a>
<div class='stack-trace' id='stack-trace1726922381'><pre>org.openqa.selenium.TimeoutException: Expected condition failed: waiting for visibility of Proxy element for: DefaultElementLocator &apos;By.xpath: //div[@class=&apos;invalid-feedback&apos;]&apos; (tried for 15 second(s) with 500 milliseconds interval)
	at org.openqa.selenium.support.ui.WebDriverWait.timeoutException(WebDriverWait.java:87)
	at org.openqa.selenium.support.ui.FluentWait.until(FluentWait.java:231)
	at cucumber.framework.page.jcadmin.JCAdminTestimonial.getTxtNama(JCAdminTestimonial.java:730)
	at cucumber.framework.runner.jcadmin.JCTambahNegatifTestimonialImpl.admin_add_testimonial_negative_no_active_invalid_nama_char(JCTambahNegatifTestimonialImpl.java:205)
	at ✽.TE045N Admin add testimonial negative no active invalid nama char(file:///C:/Users/NEXSOFT/Documents/Nexsoft/TA-NISA/TA-NISA/src/main/resources/jcadmin/002Testimonial002TambahNegatif.feature:107)
Caused by: org.openqa.selenium.NoSuchElementException: no such element: Unable to locate element: {&quot;method&quot;:&quot;xpath&quot;,&quot;selector&quot;:&quot;//div[@class=&apos;invalid-feedback&apos;]&quot;}
  (Session info: chrome=105.0.5195.127)
For documentation on this error, please visit: https://selenium.dev/exceptions/#no_such_element
Build info: version: &apos;4.4.0&apos;, revision: &apos;e5c75ed026a&apos;
System info: host: &apos;DESKTOP-402V9A7&apos;, ip: &apos;10.0.0.160&apos;, os.name: &apos;Windows 10&apos;, os.arch: &apos;amd64&apos;, os.version: &apos;10.0&apos;, java.version: &apos;18.0.2&apos;
Driver info: org.openqa.selenium.chrome.ChromeDriver
Command: [cea9555d011afc0d43be5971d6e4a1cb, findElement {using=xpath, value=//div[@class=&apos;invalid-feedback&apos;]}]
Capabilities {acceptInsecureCerts: false, browserName: chrome, browserVersion: 105.0.5195.127, chrome: {chromedriverVersion: 105.0.5195.52 (412c95e51883..., userDataDir: C:\Users\NEXSOFT\AppData\Lo...}, goog:chromeOptions: {debuggerAddress: localhost:59852}, networkConnectionEnabled: false, pageLoadStrategy: normal, platformName: WINDOWS, proxy: Proxy(), se:cdp: ws://localhost:59852/devtoo..., se:cdpVersion: 105.0.5195.127, setWindowRect: true, strictFileInteractability: false, timeouts: {implicit: 0, pageLoad: 300000, script: 30000}, unhandledPromptBehavior: dismiss and notify, webauthn:extension:credBlob: true, webauthn:extension:largeBlob: true, webauthn:virtualAuthenticators: true}
Session ID: cea9555d011afc0d43be5971d6e4a1cb
	at java.base/jdk.internal.reflect.DirectConstructorHandleAccessor.newInstance(DirectConstructorHandleAccessor.java:67)
	at java.base/java.lang.reflect.Constructor.newInstanceWithCaller(Constructor.java:499)
	at java.base/java.lang.reflect.Constructor.newInstance(Constructor.java:483)
	at org.openqa.selenium.remote.codec.w3c.W3CHttpResponseCodec.createException(W3CHttpResponseCodec.java:200)
	at org.openqa.selenium.remote.codec.w3c.W3CHttpResponseCodec.decode(W3CHttpResponseCodec.java:133)
	at org.openqa.selenium.remote.codec.w3c.W3CHttpResponseCodec.decode(W3CHttpResponseCodec.java:53)
	at org.openqa.selenium.remote.HttpCommandExecutor.execute(HttpCommandExecutor.java:184)
	at org.openqa.selenium.remote.service.DriverCommandExecutor.invokeExecute(DriverCommandExecutor.java:167)
	at org.openqa.selenium.remote.service.DriverCommandExecutor.execute(DriverCommandExecutor.java:142)
	at org.openqa.selenium.remote.RemoteWebDriver.execute(RemoteWebDriver.java:547)
	at org.openqa.selenium.remote.ElementLocation$ElementFinder$2.findElement(ElementLocation.java:162)
	at org.openqa.selenium.remote.ElementLocation.findElement(ElementLocation.java:60)
	at org.openqa.selenium.remote.RemoteWebDriver.findElement(RemoteWebDriver.java:365)
	at org.openqa.selenium.remote.RemoteWebDriver.findElement(RemoteWebDriver.java:357)
	at org.openqa.selenium.support.pagefactory.DefaultElementLocator.findElement(DefaultElementLocator.java:70)
	at org.openqa.selenium.support.pagefactory.internal.LocatingElementHandler.invoke(LocatingElementHandler.java:39)
	at jdk.proxy2/jdk.proxy2.$Proxy32.isDisplayed(Unknown Source)
	at org.openqa.selenium.support.ui.ExpectedConditions.elementIfVisible(ExpectedConditions.java:307)
	at org.openqa.selenium.support.ui.ExpectedConditions.access$000(ExpectedConditions.java:40)
	at org.openqa.selenium.support.ui.ExpectedConditions$10.apply(ExpectedConditions.java:293)
	at org.openqa.selenium.support.ui.ExpectedConditions$10.apply(ExpectedConditions.java:290)
	at org.openqa.selenium.support.ui.FluentWait.until(FluentWait.java:208)
	at cucumber.framework.page.jcadmin.JCAdminTestimonial.getTxtNama(JCAdminTestimonial.java:730)
	at cucumber.framework.runner.jcadmin.JCTambahNegatifTestimonialImpl.admin_add_testimonial_negative_no_active_invalid_nama_char(JCTambahNegatifTestimonialImpl.java:205)
	at java.base/jdk.internal.reflect.DirectMethodHandleAccessor.invoke(DirectMethodHandleAccessor.java:104)
	at java.base/java.lang.reflect.Method.invoke(Method.java:577)
	at io.cucumber.java.Invoker.doInvoke(Invoker.java:66)
	at io.cucumber.java.Invoker.invoke(Invoker.java:24)
	at io.cucumber.java.AbstractGlueDefinition.invokeMethod(AbstractGlueDefinition.java:47)
	at io.cucumber.java.JavaStepDefinition.execute(JavaStepDefinition.java:29)
	at io.cucumber.core.runner.CoreStepDefinition.execute(CoreStepDefinition.java:66)
	at io.cucumber.core.runner.PickleStepDefinitionMatch.runStep(PickleStepDefinitionMatch.java:63)
	at io.cucumber.core.runner.ExecutionMode$1.execute(ExecutionMode.java:10)
	at io.cucumber.core.runner.TestStep.executeStep(TestStep.java:85)
	at io.cucumber.core.runner.TestStep.run(TestStep.java:57)
	at io.cucumber.core.runner.PickleStepTestStep.run(PickleStepTestStep.java:51)
	at io.cucumber.core.runner.TestCase.run(TestCase.java:84)
	at io.cucumber.core.runner.Runner.runPickle(Runner.java:75)
	at io.cucumber.testng.TestNGCucumberRunner.lambda$runScenario$1(TestNGCucumberRunner.java:132)
	at io.cucumber.core.runtime.CucumberExecutionContext.lambda$runTestCase$5(CucumberExecutionContext.java:129)
	at io.cucumber.core.runtime.RethrowingThrowableCollector.executeAndThrow(RethrowingThrowableCollector.java:23)
	at io.cucumber.core.runtime.CucumberExecutionContext.runTestCase(CucumberExecutionContext.java:129)
	at io.cucumber.testng.TestNGCucumberRunner.runScenario(TestNGCucumberRunner.java:129)
	at io.cucumber.testng.AbstractTestNGCucumberTests.runScenario(AbstractTestNGCucumberTests.java:35)
	at java.base/jdk.internal.reflect.DirectMethodHandleAccessor.invoke(DirectMethodHandleAccessor.java:104)
	at java.base/java.lang.reflect.Method.invoke(Method.java:577)
	at org.testng.internal.invokers.MethodInvocationHelper.invokeMethod(MethodInvocationHelper.java:139)
	at org.testng.internal.invokers.TestInvoker.invokeMethod(TestInvoker.java:677)
	at org.testng.internal.invokers.TestInvoker.invokeTestMethod(TestInvoker.java:221)
	at org.testng.internal.invokers.MethodRunner.runInSequence(MethodRunner.java:50)
	at org.testng.internal.invokers.TestInvoker$MethodInvocationAgent.invoke(TestInvoker.java:962)
	at org.testng.internal.invokers.TestInvoker.invokeTestMethods(TestInvoker.java:194)
	at org.testng.internal.invokers.TestMethodWorker.invokeTestMethods(TestMethodWorker.java:148)
	at org.testng.internal.invokers.TestMethodWorker.run(TestMethodWorker.java:128)
	at java.base/java.util.ArrayList.forEach(ArrayList.java:1511)
	at org.testng.TestRunner.privateRun(TestRunner.java:806)
	at org.testng.TestRunner.run(TestRunner.java:601)
	at org.testng.SuiteRunner.runTest(SuiteRunner.java:433)
	at org.testng.SuiteRunner.runSequentially(SuiteRunner.java:427)
	at org.testng.SuiteRunner.privateRun(SuiteRunner.java:387)
	at org.testng.SuiteRunner.run(SuiteRunner.java:330)
	at org.testng.SuiteRunnerWorker.runSuite(SuiteRunnerWorker.java:52)
	at org.testng.SuiteRunnerWorker.run(SuiteRunnerWorker.java:95)
	at org.testng.TestNG.runSuitesSequentially(TestNG.java:1256)
	at org.testng.TestNG.runSuitesLocally(TestNG.java:1176)
	at org.testng.TestNG.runSuites(TestNG.java:1099)
	at org.testng.TestNG.run(TestNG.java:1067)
	at org.testng.remote.AbstractRemoteTestNG.run(AbstractRemoteTestNG.java:115)
	at org.testng.remote.RemoteTestNG.initAndRun(RemoteTestNG.java:251)
	at org.testng.remote.RemoteTestNG.main(RemoteTestNG.java:77)
</pre></div></td>
<td>57</td>
<td>cucumber.framework.runner.jcadmin.JCAdminRunner@4a83a74a</td></tr>
<tr>
<td title='cucumber.framework.runner.jcadmin.JCAdminRunner.runScenario()'><b>runScenario</b><br>Test class: cucumber.framework.runner.jcadmin.JCAdminRunner<br>Test method: Runs Cucumber Scenarios<br>Parameters: "Menambah daftar negative testimonial nama char no active", "Tambah Testimonial Negative"</td>
<td><div><pre>org.openqa.selenium.TimeoutException: Expected condition failed: waiting for visibility of Proxy element for: DefaultElementLocator &apos;By.xpath: //div[@class=&apos;invalid-feedback&apos;]&apos; (tried for 15 second(s) with 500 milliseconds interval)
	at org.openqa.selenium.support.ui.WebDriverWait.timeoutException(WebDriverWait.java:87)
	at org.openqa.selenium.support.ui.FluentWait.until(FluentWait.java:231)
	at cucumber.framework.page.jcadmin.JCAdminTestimonial.getTxtNama(JCAdminTestimonial.java:730)
	at cucumber.framework.runner.jcadmin.JCTambahNegatifTestimonialImpl.admin_add_testimonial_negative_no_active_invalid_nama_char(JCTambahNegatifTestimonialImpl.java:205)
	at ✽.TE047N Admin add testimonial negative no active invalid nama char(file:///C:/Users/NEXSOFT/Documents/Nexsoft/TA-NISA/TA-NISA/src/main/resources/jcadmin/002Testimonial002TambahNegatif.feature:107)
Caused by: org.openqa.selenium.NoSuchElementException: no such element: Unable to locate element: {&quot;method&quot;:&quot;xpath&quot;,&quot;selector&quot;:&quot;//div[@class=&apos;invalid-feedback&apos;]&quot;}
  (Session info: chrome=105.0.5195.127)
For documentation on this error, please visit: https://selenium.dev/exceptions/#no_such_element
Build info: version: &apos;4.4.0&apos;, revision: &apos;e5c75ed026a&apos;
System info: host: &apos;DESKTOP-402V9A7&apos;, ip: &apos;10.0.0.160&apos;, os.name: &apos;Windows 10&apos;, os.arch: &apos;amd64&apos;, os.version: &apos;10.0&apos;, java.version: &apos;18.0.2&apos;
Driver info: org.openqa.selenium.chrome.ChromeDriver
Command: [cea9555d011afc0d43be5971d6e4a1cb, findElement {using=xpath, value=//div[@class=&apos;invalid-feedback&apos;]}]
Capabilities {acceptInsecureCerts: false, browserName: chrome, browserVersion: 105.0.5195.127, chrome: {chromedriverVersion: 105.0.5195.52 (412c95e51883..., userDataDir: C:\Users\NEXSOFT\AppData\Lo...}, goog:chromeOptions: {debuggerAddress: localhost:59852}, networkConnectionEnabled: false, pageLoadStrategy: normal, platformName: WINDOWS, proxy: Proxy(), se:cdp: ws://localhost:59852/devtoo..., se:cdpVersion: 105.0.5195.127, setWindowRect: true, strictFileInteractability: false, timeouts: {implicit: 0, pageLoad: 300000, script: 30000}, unhandledPromptBehavior: dismiss and notify, webauthn:extension:credBlob: true, webauthn:extension:largeBlob: true, webauthn:virtualAuthenticators: true}
Session ID: cea9555d011afc0d43be5971d6e4a1cb
	at java.base/jdk.internal.reflect.DirectConstructorHandleAccessor.newInstance(DirectConstructorHandleAccessor.java:67)
	at java.base/java.lang.reflect.Constructor.newInstanceWithCaller(Constructor.java:499)
	at java.base/java.lang.reflect.Constructor.newInstance(Constructor.java:483)
	at org.openqa.selenium.remote.codec.w3c.W3CHttpResponseCodec.createException(W3CHttpResponseCodec.java:200)
	at org.openqa.selenium.remote.codec.w3c.W3CHttpResponseCodec.decode(W3CHttpResponseCodec.java:133)
	at org.openqa.selenium.remote.codec.w3c.W3CHttpResponseCodec.decode(W3CHttpResponseCodec.java:53)
	at org.openqa.selenium.remote.HttpCommandExecutor.execute(HttpCommandExecutor.java:184)
	at org.openqa.selenium.remote.service.DriverCommandExecutor.invokeExecute(DriverCommandExecutor.java:167)
	at org.openqa.selenium.remote.service.DriverCommandExecutor.execute(DriverCommandExecutor.java:142)
	at org.openqa.selenium.remote.RemoteWebDriver.execute(RemoteWebDriver.java:547)
	at org.openqa.selenium.remote.ElementLocation$ElementFinder$2.findElement(ElementLocation.java:162)
	at org.openqa.selenium.remote.ElementLocation.findElement(ElementLocation.java:60)
	at org.openqa.selenium.remote.RemoteWebDriver.findElement(RemoteWebDriver.java:365)
	at org.openqa.selenium.remote.RemoteWebDriver.findElement(RemoteWebDriver.java:357)
	at org.openqa.selenium.support.pagefactory.DefaultElementLocator.findElement(DefaultElementLocator.java:70)
	at org.openqa.selenium.support.pagefactory.internal.LocatingElementHandler.invoke(LocatingElementHandler.java:39)
	at jdk.proxy2/jdk.proxy2.$Proxy32.isDisplayed(Unknown Source)
	at org.openqa.selenium.support.ui.ExpectedConditions.elementIfVisible(ExpectedConditions.java:307)
	at org.openqa.selenium.support.ui.ExpectedConditions.access$000(ExpectedConditions.java:40)
	at org.openqa.selenium.support.ui.ExpectedConditions$10.apply(ExpectedConditions.java:293)
	at org.openqa.selenium.support.ui.ExpectedConditions$10.apply(ExpectedConditions.java:290)
	at org.openqa.selenium.support.ui.FluentWait.until(FluentWait.java:208)
	at cucumber.framework.page.jcadmin.JCAdminTestimonial.getTxtNama(JCAdminTestimonial.java:730)
	at cucumber.framework.runner.jcadmin.JCTambahNegatifTestimonialImpl.admin_add_testimonial_negative_no_active_invalid_nama_char(JCTambahNegatifTestimonialImpl.java:205)
	at java.base/jdk.internal.reflect.DirectMethodHandleAccessor.invoke(DirectMethodHandleAccessor.java:104)
	at java.base/java.lang.reflect.Method.invoke(Method.java:577)
	at io.cucumber.java.Invoker.doInvoke(Invoker.java:66)
	at io.cucumber.java.Invoker.invoke(Invoker.java:24)
	at io.cucumber.java.AbstractGlueDefinition.invokeMethod(AbstractGlueDefinition.java:47)
	at io.cucumber.java.JavaStepDefinition.execute(JavaStepDefinition.java:29)
	at io.cucumber.core.runner.CoreStepDefinition.execute(CoreStepDefinition.java:66)
	at io.cucumber.core.runner.PickleStepDefinitionMatch.runStep(PickleStepDefinitionMatch.java:63)
	at io.cucumber.core.runner.ExecutionMode$1.execute(ExecutionMode.java:10)
	at io.cucumber.core.runner.TestStep.executeStep(TestStep.java:85)
	at io.cucumber.core.runner.TestStep.run(TestStep.java:57)
	at io.cucumber.core.runner.PickleStepTestStep.run(PickleStepTestStep.java:51)
	at io.cucumber.core.runner.TestCase.run(TestCase.java:84)
	at io.cucumber.core.runner.Runner.runPickle(Runner.java:75)
	at io.cucumber.testng.TestNGCucumberRunner.lambda$runScenario$1(TestNGCucumberRunner.java:132)
	at io.cucumber.core.runtime.CucumberExecutionContext.lambda$runTestCase$5(CucumberExecutionContext.java:129)
	at io.cucumber.core.runtime.RethrowingThrowableCollector.executeAndThrow(RethrowingThrowableCollector.java:23)
	at io.cucumber.core.runtime.CucumberExecutionContext.runTestCase(CucumberExecutionContext.java:129)
	at io.cucumber.testng.TestNGCucumberRunner.runScenario(TestNGCucumberRunner.java:129)
	at io.cucumber.testng.AbstractTestNGCucumberTests.runScenario(AbstractTestNGCucumberTests.java:35)
	at java.base/jdk.internal.reflect.DirectMethodHandleAccessor.invoke(DirectMethodHandleAccessor.java:104)
	at java.base/java.lang.reflect.Method.invoke(Method.java:577)
	at org.testng.internal.invokers.MethodInvocationHelper.invokeMethod(MethodInvocationHelper.java:139)
	at org.testng.internal.invokers.TestInvoker.invokeMethod(TestInvoker.java:677)
	at org.testng.internal.invokers.TestInvoker.invokeTestMethod(TestInvoker.java:221)
	at org.testng.internal.invokers.MethodRunner.runInSequence(MethodRunner.java:50)
	at org.testng.internal.invokers.TestInvoker$MethodInvocationAgent.invoke(TestInvoker.java:962)
	at org.testng.internal.invokers.TestInvoker.invokeTestMethods(TestInvoker.java:194)
	at org.testng.internal.invokers.TestMethodWorker.invokeTestMethods(TestMethodWorker.java:148)
	at org.testng.internal.invokers.TestMethodWorker.run(TestMethodWorker.java:128)
	at java.base/java.util.ArrayList.forEach(ArrayList.java:1511)
	at org.testng.TestRunner.privateRun(TestRunner.java:806)
	at org.testng.TestRunner.run(TestRunner.java:601)
	at org.testng.SuiteRunner.runTest(SuiteRunner.java:433)
	at org.testng.SuiteRunner.runSequentially(SuiteRunner.java:427)
	at org.testng.SuiteRunner.privateRun(SuiteRunner.java:387)
	at org.testng.SuiteRunner.run(SuiteRunner.java:330)
	at org.testng.SuiteRunnerWorker.runSuite(SuiteRunnerWorker.java:52)
	at org.testng.SuiteRunnerWorker.run(SuiteRunnerWorker.java:95)
	at org.testng.TestNG.runSuitesSequentially(TestNG.java:1256)
	at org.testng.TestNG.runSuitesLocally(TestNG.java:1176)
	at org.testng.TestNG.runSuites(TestNG.java:1099)
	at org.testng.TestNG.run(TestNG.java:1067)
	at org.testng.remote.AbstractRemoteTestNG.run(AbstractRemoteTestNG.java:115)
	at org.testng.remote.RemoteTestNG.initAndRun(RemoteTestNG.java:251)
	at org.testng.remote.RemoteTestNG.main(RemoteTestNG.java:77)
</pre></div><a href='#' onClick='toggleBox("stack-trace403360313", this, "Click to show all stack frames", "Click to hide stack frames")'>Click to show all stack frames</a>
<div class='stack-trace' id='stack-trace403360313'><pre>org.openqa.selenium.TimeoutException: Expected condition failed: waiting for visibility of Proxy element for: DefaultElementLocator &apos;By.xpath: //div[@class=&apos;invalid-feedback&apos;]&apos; (tried for 15 second(s) with 500 milliseconds interval)
	at org.openqa.selenium.support.ui.WebDriverWait.timeoutException(WebDriverWait.java:87)
	at org.openqa.selenium.support.ui.FluentWait.until(FluentWait.java:231)
	at cucumber.framework.page.jcadmin.JCAdminTestimonial.getTxtNama(JCAdminTestimonial.java:730)
	at cucumber.framework.runner.jcadmin.JCTambahNegatifTestimonialImpl.admin_add_testimonial_negative_no_active_invalid_nama_char(JCTambahNegatifTestimonialImpl.java:205)
	at ✽.TE047N Admin add testimonial negative no active invalid nama char(file:///C:/Users/NEXSOFT/Documents/Nexsoft/TA-NISA/TA-NISA/src/main/resources/jcadmin/002Testimonial002TambahNegatif.feature:107)
Caused by: org.openqa.selenium.NoSuchElementException: no such element: Unable to locate element: {&quot;method&quot;:&quot;xpath&quot;,&quot;selector&quot;:&quot;//div[@class=&apos;invalid-feedback&apos;]&quot;}
  (Session info: chrome=105.0.5195.127)
For documentation on this error, please visit: https://selenium.dev/exceptions/#no_such_element
Build info: version: &apos;4.4.0&apos;, revision: &apos;e5c75ed026a&apos;
System info: host: &apos;DESKTOP-402V9A7&apos;, ip: &apos;10.0.0.160&apos;, os.name: &apos;Windows 10&apos;, os.arch: &apos;amd64&apos;, os.version: &apos;10.0&apos;, java.version: &apos;18.0.2&apos;
Driver info: org.openqa.selenium.chrome.ChromeDriver
Command: [cea9555d011afc0d43be5971d6e4a1cb, findElement {using=xpath, value=//div[@class=&apos;invalid-feedback&apos;]}]
Capabilities {acceptInsecureCerts: false, browserName: chrome, browserVersion: 105.0.5195.127, chrome: {chromedriverVersion: 105.0.5195.52 (412c95e51883..., userDataDir: C:\Users\NEXSOFT\AppData\Lo...}, goog:chromeOptions: {debuggerAddress: localhost:59852}, networkConnectionEnabled: false, pageLoadStrategy: normal, platformName: WINDOWS, proxy: Proxy(), se:cdp: ws://localhost:59852/devtoo..., se:cdpVersion: 105.0.5195.127, setWindowRect: true, strictFileInteractability: false, timeouts: {implicit: 0, pageLoad: 300000, script: 30000}, unhandledPromptBehavior: dismiss and notify, webauthn:extension:credBlob: true, webauthn:extension:largeBlob: true, webauthn:virtualAuthenticators: true}
Session ID: cea9555d011afc0d43be5971d6e4a1cb
	at java.base/jdk.internal.reflect.DirectConstructorHandleAccessor.newInstance(DirectConstructorHandleAccessor.java:67)
	at java.base/java.lang.reflect.Constructor.newInstanceWithCaller(Constructor.java:499)
	at java.base/java.lang.reflect.Constructor.newInstance(Constructor.java:483)
	at org.openqa.selenium.remote.codec.w3c.W3CHttpResponseCodec.createException(W3CHttpResponseCodec.java:200)
	at org.openqa.selenium.remote.codec.w3c.W3CHttpResponseCodec.decode(W3CHttpResponseCodec.java:133)
	at org.openqa.selenium.remote.codec.w3c.W3CHttpResponseCodec.decode(W3CHttpResponseCodec.java:53)
	at org.openqa.selenium.remote.HttpCommandExecutor.execute(HttpCommandExecutor.java:184)
	at org.openqa.selenium.remote.service.DriverCommandExecutor.invokeExecute(DriverCommandExecutor.java:167)
	at org.openqa.selenium.remote.service.DriverCommandExecutor.execute(DriverCommandExecutor.java:142)
	at org.openqa.selenium.remote.RemoteWebDriver.execute(RemoteWebDriver.java:547)
	at org.openqa.selenium.remote.ElementLocation$ElementFinder$2.findElement(ElementLocation.java:162)
	at org.openqa.selenium.remote.ElementLocation.findElement(ElementLocation.java:60)
	at org.openqa.selenium.remote.RemoteWebDriver.findElement(RemoteWebDriver.java:365)
	at org.openqa.selenium.remote.RemoteWebDriver.findElement(RemoteWebDriver.java:357)
	at org.openqa.selenium.support.pagefactory.DefaultElementLocator.findElement(DefaultElementLocator.java:70)
	at org.openqa.selenium.support.pagefactory.internal.LocatingElementHandler.invoke(LocatingElementHandler.java:39)
	at jdk.proxy2/jdk.proxy2.$Proxy32.isDisplayed(Unknown Source)
	at org.openqa.selenium.support.ui.ExpectedConditions.elementIfVisible(ExpectedConditions.java:307)
	at org.openqa.selenium.support.ui.ExpectedConditions.access$000(ExpectedConditions.java:40)
	at org.openqa.selenium.support.ui.ExpectedConditions$10.apply(ExpectedConditions.java:293)
	at org.openqa.selenium.support.ui.ExpectedConditions$10.apply(ExpectedConditions.java:290)
	at org.openqa.selenium.support.ui.FluentWait.until(FluentWait.java:208)
	at cucumber.framework.page.jcadmin.JCAdminTestimonial.getTxtNama(JCAdminTestimonial.java:730)
	at cucumber.framework.runner.jcadmin.JCTambahNegatifTestimonialImpl.admin_add_testimonial_negative_no_active_invalid_nama_char(JCTambahNegatifTestimonialImpl.java:205)
	at java.base/jdk.internal.reflect.DirectMethodHandleAccessor.invoke(DirectMethodHandleAccessor.java:104)
	at java.base/java.lang.reflect.Method.invoke(Method.java:577)
	at io.cucumber.java.Invoker.doInvoke(Invoker.java:66)
	at io.cucumber.java.Invoker.invoke(Invoker.java:24)
	at io.cucumber.java.AbstractGlueDefinition.invokeMethod(AbstractGlueDefinition.java:47)
	at io.cucumber.java.JavaStepDefinition.execute(JavaStepDefinition.java:29)
	at io.cucumber.core.runner.CoreStepDefinition.execute(CoreStepDefinition.java:66)
	at io.cucumber.core.runner.PickleStepDefinitionMatch.runStep(PickleStepDefinitionMatch.java:63)
	at io.cucumber.core.runner.ExecutionMode$1.execute(ExecutionMode.java:10)
	at io.cucumber.core.runner.TestStep.executeStep(TestStep.java:85)
	at io.cucumber.core.runner.TestStep.run(TestStep.java:57)
	at io.cucumber.core.runner.PickleStepTestStep.run(PickleStepTestStep.java:51)
	at io.cucumber.core.runner.TestCase.run(TestCase.java:84)
	at io.cucumber.core.runner.Runner.runPickle(Runner.java:75)
	at io.cucumber.testng.TestNGCucumberRunner.lambda$runScenario$1(TestNGCucumberRunner.java:132)
	at io.cucumber.core.runtime.CucumberExecutionContext.lambda$runTestCase$5(CucumberExecutionContext.java:129)
	at io.cucumber.core.runtime.RethrowingThrowableCollector.executeAndThrow(RethrowingThrowableCollector.java:23)
	at io.cucumber.core.runtime.CucumberExecutionContext.runTestCase(CucumberExecutionContext.java:129)
	at io.cucumber.testng.TestNGCucumberRunner.runScenario(TestNGCucumberRunner.java:129)
	at io.cucumber.testng.AbstractTestNGCucumberTests.runScenario(AbstractTestNGCucumberTests.java:35)
	at java.base/jdk.internal.reflect.DirectMethodHandleAccessor.invoke(DirectMethodHandleAccessor.java:104)
	at java.base/java.lang.reflect.Method.invoke(Method.java:577)
	at org.testng.internal.invokers.MethodInvocationHelper.invokeMethod(MethodInvocationHelper.java:139)
	at org.testng.internal.invokers.TestInvoker.invokeMethod(TestInvoker.java:677)
	at org.testng.internal.invokers.TestInvoker.invokeTestMethod(TestInvoker.java:221)
	at org.testng.internal.invokers.MethodRunner.runInSequence(MethodRunner.java:50)
	at org.testng.internal.invokers.TestInvoker$MethodInvocationAgent.invoke(TestInvoker.java:962)
	at org.testng.internal.invokers.TestInvoker.invokeTestMethods(TestInvoker.java:194)
	at org.testng.internal.invokers.TestMethodWorker.invokeTestMethods(TestMethodWorker.java:148)
	at org.testng.internal.invokers.TestMethodWorker.run(TestMethodWorker.java:128)
	at java.base/java.util.ArrayList.forEach(ArrayList.java:1511)
	at org.testng.TestRunner.privateRun(TestRunner.java:806)
	at org.testng.TestRunner.run(TestRunner.java:601)
	at org.testng.SuiteRunner.runTest(SuiteRunner.java:433)
	at org.testng.SuiteRunner.runSequentially(SuiteRunner.java:427)
	at org.testng.SuiteRunner.privateRun(SuiteRunner.java:387)
	at org.testng.SuiteRunner.run(SuiteRunner.java:330)
	at org.testng.SuiteRunnerWorker.runSuite(SuiteRunnerWorker.java:52)
	at org.testng.SuiteRunnerWorker.run(SuiteRunnerWorker.java:95)
	at org.testng.TestNG.runSuitesSequentially(TestNG.java:1256)
	at org.testng.TestNG.runSuitesLocally(TestNG.java:1176)
	at org.testng.TestNG.runSuites(TestNG.java:1099)
	at org.testng.TestNG.run(TestNG.java:1067)
	at org.testng.remote.AbstractRemoteTestNG.run(AbstractRemoteTestNG.java:115)
	at org.testng.remote.RemoteTestNG.initAndRun(RemoteTestNG.java:251)
	at org.testng.remote.RemoteTestNG.main(RemoteTestNG.java:77)
</pre></div></td>
<td>58</td>
<td>cucumber.framework.runner.jcadmin.JCAdminRunner@4a83a74a</td></tr>
<tr>
<td title='cucumber.framework.runner.jcadmin.JCAdminRunner.runScenario()'><b>runScenario</b><br>Test class: cucumber.framework.runner.jcadmin.JCAdminRunner<br>Test method: Runs Cucumber Scenarios<br>Parameters: "Menambah daftar negative testimonial nama char no active", "Tambah Testimonial Negative"</td>
<td><div><pre>org.openqa.selenium.TimeoutException: Expected condition failed: waiting for visibility of Proxy element for: DefaultElementLocator &apos;By.xpath: //div[@class=&apos;invalid-feedback&apos;]&apos; (tried for 15 second(s) with 500 milliseconds interval)
	at org.openqa.selenium.support.ui.WebDriverWait.timeoutException(WebDriverWait.java:87)
	at org.openqa.selenium.support.ui.FluentWait.until(FluentWait.java:231)
	at cucumber.framework.page.jcadmin.JCAdminTestimonial.getTxtNama(JCAdminTestimonial.java:730)
	at cucumber.framework.runner.jcadmin.JCTambahNegatifTestimonialImpl.admin_add_testimonial_negative_no_active_invalid_nama_char(JCTambahNegatifTestimonialImpl.java:205)
	at ✽.TE043N Admin add testimonial negative no active invalid nama char(file:///C:/Users/NEXSOFT/Documents/Nexsoft/TA-NISA/TA-NISA/src/main/resources/jcadmin/002Testimonial002TambahNegatif.feature:107)
Caused by: org.openqa.selenium.NoSuchElementException: no such element: Unable to locate element: {&quot;method&quot;:&quot;xpath&quot;,&quot;selector&quot;:&quot;//div[@class=&apos;invalid-feedback&apos;]&quot;}
  (Session info: chrome=105.0.5195.127)
For documentation on this error, please visit: https://selenium.dev/exceptions/#no_such_element
Build info: version: &apos;4.4.0&apos;, revision: &apos;e5c75ed026a&apos;
System info: host: &apos;DESKTOP-402V9A7&apos;, ip: &apos;10.0.0.160&apos;, os.name: &apos;Windows 10&apos;, os.arch: &apos;amd64&apos;, os.version: &apos;10.0&apos;, java.version: &apos;18.0.2&apos;
Driver info: org.openqa.selenium.chrome.ChromeDriver
Command: [cea9555d011afc0d43be5971d6e4a1cb, findElement {using=xpath, value=//div[@class=&apos;invalid-feedback&apos;]}]
Capabilities {acceptInsecureCerts: false, browserName: chrome, browserVersion: 105.0.5195.127, chrome: {chromedriverVersion: 105.0.5195.52 (412c95e51883..., userDataDir: C:\Users\NEXSOFT\AppData\Lo...}, goog:chromeOptions: {debuggerAddress: localhost:59852}, networkConnectionEnabled: false, pageLoadStrategy: normal, platformName: WINDOWS, proxy: Proxy(), se:cdp: ws://localhost:59852/devtoo..., se:cdpVersion: 105.0.5195.127, setWindowRect: true, strictFileInteractability: false, timeouts: {implicit: 0, pageLoad: 300000, script: 30000}, unhandledPromptBehavior: dismiss and notify, webauthn:extension:credBlob: true, webauthn:extension:largeBlob: true, webauthn:virtualAuthenticators: true}
Session ID: cea9555d011afc0d43be5971d6e4a1cb
	at java.base/jdk.internal.reflect.DirectConstructorHandleAccessor.newInstance(DirectConstructorHandleAccessor.java:67)
	at java.base/java.lang.reflect.Constructor.newInstanceWithCaller(Constructor.java:499)
	at java.base/java.lang.reflect.Constructor.newInstance(Constructor.java:483)
	at org.openqa.selenium.remote.codec.w3c.W3CHttpResponseCodec.createException(W3CHttpResponseCodec.java:200)
	at org.openqa.selenium.remote.codec.w3c.W3CHttpResponseCodec.decode(W3CHttpResponseCodec.java:133)
	at org.openqa.selenium.remote.codec.w3c.W3CHttpResponseCodec.decode(W3CHttpResponseCodec.java:53)
	at org.openqa.selenium.remote.HttpCommandExecutor.execute(HttpCommandExecutor.java:184)
	at org.openqa.selenium.remote.service.DriverCommandExecutor.invokeExecute(DriverCommandExecutor.java:167)
	at org.openqa.selenium.remote.service.DriverCommandExecutor.execute(DriverCommandExecutor.java:142)
	at org.openqa.selenium.remote.RemoteWebDriver.execute(RemoteWebDriver.java:547)
	at org.openqa.selenium.remote.ElementLocation$ElementFinder$2.findElement(ElementLocation.java:162)
	at org.openqa.selenium.remote.ElementLocation.findElement(ElementLocation.java:60)
	at org.openqa.selenium.remote.RemoteWebDriver.findElement(RemoteWebDriver.java:365)
	at org.openqa.selenium.remote.RemoteWebDriver.findElement(RemoteWebDriver.java:357)
	at org.openqa.selenium.support.pagefactory.DefaultElementLocator.findElement(DefaultElementLocator.java:70)
	at org.openqa.selenium.support.pagefactory.internal.LocatingElementHandler.invoke(LocatingElementHandler.java:39)
	at jdk.proxy2/jdk.proxy2.$Proxy32.isDisplayed(Unknown Source)
	at org.openqa.selenium.support.ui.ExpectedConditions.elementIfVisible(ExpectedConditions.java:307)
	at org.openqa.selenium.support.ui.ExpectedConditions.access$000(ExpectedConditions.java:40)
	at org.openqa.selenium.support.ui.ExpectedConditions$10.apply(ExpectedConditions.java:293)
	at org.openqa.selenium.support.ui.ExpectedConditions$10.apply(ExpectedConditions.java:290)
	at org.openqa.selenium.support.ui.FluentWait.until(FluentWait.java:208)
	at cucumber.framework.page.jcadmin.JCAdminTestimonial.getTxtNama(JCAdminTestimonial.java:730)
	at cucumber.framework.runner.jcadmin.JCTambahNegatifTestimonialImpl.admin_add_testimonial_negative_no_active_invalid_nama_char(JCTambahNegatifTestimonialImpl.java:205)
	at java.base/jdk.internal.reflect.DirectMethodHandleAccessor.invoke(DirectMethodHandleAccessor.java:104)
	at java.base/java.lang.reflect.Method.invoke(Method.java:577)
	at io.cucumber.java.Invoker.doInvoke(Invoker.java:66)
	at io.cucumber.java.Invoker.invoke(Invoker.java:24)
	at io.cucumber.java.AbstractGlueDefinition.invokeMethod(AbstractGlueDefinition.java:47)
	at io.cucumber.java.JavaStepDefinition.execute(JavaStepDefinition.java:29)
	at io.cucumber.core.runner.CoreStepDefinition.execute(CoreStepDefinition.java:66)
	at io.cucumber.core.runner.PickleStepDefinitionMatch.runStep(PickleStepDefinitionMatch.java:63)
	at io.cucumber.core.runner.ExecutionMode$1.execute(ExecutionMode.java:10)
	at io.cucumber.core.runner.TestStep.executeStep(TestStep.java:85)
	at io.cucumber.core.runner.TestStep.run(TestStep.java:57)
	at io.cucumber.core.runner.PickleStepTestStep.run(PickleStepTestStep.java:51)
	at io.cucumber.core.runner.TestCase.run(TestCase.java:84)
	at io.cucumber.core.runner.Runner.runPickle(Runner.java:75)
	at io.cucumber.testng.TestNGCucumberRunner.lambda$runScenario$1(TestNGCucumberRunner.java:132)
	at io.cucumber.core.runtime.CucumberExecutionContext.lambda$runTestCase$5(CucumberExecutionContext.java:129)
	at io.cucumber.core.runtime.RethrowingThrowableCollector.executeAndThrow(RethrowingThrowableCollector.java:23)
	at io.cucumber.core.runtime.CucumberExecutionContext.runTestCase(CucumberExecutionContext.java:129)
	at io.cucumber.testng.TestNGCucumberRunner.runScenario(TestNGCucumberRunner.java:129)
	at io.cucumber.testng.AbstractTestNGCucumberTests.runScenario(AbstractTestNGCucumberTests.java:35)
	at java.base/jdk.internal.reflect.DirectMethodHandleAccessor.invoke(DirectMethodHandleAccessor.java:104)
	at java.base/java.lang.reflect.Method.invoke(Method.java:577)
	at org.testng.internal.invokers.MethodInvocationHelper.invokeMethod(MethodInvocationHelper.java:139)
	at org.testng.internal.invokers.TestInvoker.invokeMethod(TestInvoker.java:677)
	at org.testng.internal.invokers.TestInvoker.invokeTestMethod(TestInvoker.java:221)
	at org.testng.internal.invokers.MethodRunner.runInSequence(MethodRunner.java:50)
	at org.testng.internal.invokers.TestInvoker$MethodInvocationAgent.invoke(TestInvoker.java:962)
	at org.testng.internal.invokers.TestInvoker.invokeTestMethods(TestInvoker.java:194)
	at org.testng.internal.invokers.TestMethodWorker.invokeTestMethods(TestMethodWorker.java:148)
	at org.testng.internal.invokers.TestMethodWorker.run(TestMethodWorker.java:128)
	at java.base/java.util.ArrayList.forEach(ArrayList.java:1511)
	at org.testng.TestRunner.privateRun(TestRunner.java:806)
	at org.testng.TestRunner.run(TestRunner.java:601)
	at org.testng.SuiteRunner.runTest(SuiteRunner.java:433)
	at org.testng.SuiteRunner.runSequentially(SuiteRunner.java:427)
	at org.testng.SuiteRunner.privateRun(SuiteRunner.java:387)
	at org.testng.SuiteRunner.run(SuiteRunner.java:330)
	at org.testng.SuiteRunnerWorker.runSuite(SuiteRunnerWorker.java:52)
	at org.testng.SuiteRunnerWorker.run(SuiteRunnerWorker.java:95)
	at org.testng.TestNG.runSuitesSequentially(TestNG.java:1256)
	at org.testng.TestNG.runSuitesLocally(TestNG.java:1176)
	at org.testng.TestNG.runSuites(TestNG.java:1099)
	at org.testng.TestNG.run(TestNG.java:1067)
	at org.testng.remote.AbstractRemoteTestNG.run(AbstractRemoteTestNG.java:115)
	at org.testng.remote.RemoteTestNG.initAndRun(RemoteTestNG.java:251)
	at org.testng.remote.RemoteTestNG.main(RemoteTestNG.java:77)
</pre></div><a href='#' onClick='toggleBox("stack-trace1290772730", this, "Click to show all stack frames", "Click to hide stack frames")'>Click to show all stack frames</a>
<div class='stack-trace' id='stack-trace1290772730'><pre>org.openqa.selenium.TimeoutException: Expected condition failed: waiting for visibility of Proxy element for: DefaultElementLocator &apos;By.xpath: //div[@class=&apos;invalid-feedback&apos;]&apos; (tried for 15 second(s) with 500 milliseconds interval)
	at org.openqa.selenium.support.ui.WebDriverWait.timeoutException(WebDriverWait.java:87)
	at org.openqa.selenium.support.ui.FluentWait.until(FluentWait.java:231)
	at cucumber.framework.page.jcadmin.JCAdminTestimonial.getTxtNama(JCAdminTestimonial.java:730)
	at cucumber.framework.runner.jcadmin.JCTambahNegatifTestimonialImpl.admin_add_testimonial_negative_no_active_invalid_nama_char(JCTambahNegatifTestimonialImpl.java:205)
	at ✽.TE043N Admin add testimonial negative no active invalid nama char(file:///C:/Users/NEXSOFT/Documents/Nexsoft/TA-NISA/TA-NISA/src/main/resources/jcadmin/002Testimonial002TambahNegatif.feature:107)
Caused by: org.openqa.selenium.NoSuchElementException: no such element: Unable to locate element: {&quot;method&quot;:&quot;xpath&quot;,&quot;selector&quot;:&quot;//div[@class=&apos;invalid-feedback&apos;]&quot;}
  (Session info: chrome=105.0.5195.127)
For documentation on this error, please visit: https://selenium.dev/exceptions/#no_such_element
Build info: version: &apos;4.4.0&apos;, revision: &apos;e5c75ed026a&apos;
System info: host: &apos;DESKTOP-402V9A7&apos;, ip: &apos;10.0.0.160&apos;, os.name: &apos;Windows 10&apos;, os.arch: &apos;amd64&apos;, os.version: &apos;10.0&apos;, java.version: &apos;18.0.2&apos;
Driver info: org.openqa.selenium.chrome.ChromeDriver
Command: [cea9555d011afc0d43be5971d6e4a1cb, findElement {using=xpath, value=//div[@class=&apos;invalid-feedback&apos;]}]
Capabilities {acceptInsecureCerts: false, browserName: chrome, browserVersion: 105.0.5195.127, chrome: {chromedriverVersion: 105.0.5195.52 (412c95e51883..., userDataDir: C:\Users\NEXSOFT\AppData\Lo...}, goog:chromeOptions: {debuggerAddress: localhost:59852}, networkConnectionEnabled: false, pageLoadStrategy: normal, platformName: WINDOWS, proxy: Proxy(), se:cdp: ws://localhost:59852/devtoo..., se:cdpVersion: 105.0.5195.127, setWindowRect: true, strictFileInteractability: false, timeouts: {implicit: 0, pageLoad: 300000, script: 30000}, unhandledPromptBehavior: dismiss and notify, webauthn:extension:credBlob: true, webauthn:extension:largeBlob: true, webauthn:virtualAuthenticators: true}
Session ID: cea9555d011afc0d43be5971d6e4a1cb
	at java.base/jdk.internal.reflect.DirectConstructorHandleAccessor.newInstance(DirectConstructorHandleAccessor.java:67)
	at java.base/java.lang.reflect.Constructor.newInstanceWithCaller(Constructor.java:499)
	at java.base/java.lang.reflect.Constructor.newInstance(Constructor.java:483)
	at org.openqa.selenium.remote.codec.w3c.W3CHttpResponseCodec.createException(W3CHttpResponseCodec.java:200)
	at org.openqa.selenium.remote.codec.w3c.W3CHttpResponseCodec.decode(W3CHttpResponseCodec.java:133)
	at org.openqa.selenium.remote.codec.w3c.W3CHttpResponseCodec.decode(W3CHttpResponseCodec.java:53)
	at org.openqa.selenium.remote.HttpCommandExecutor.execute(HttpCommandExecutor.java:184)
	at org.openqa.selenium.remote.service.DriverCommandExecutor.invokeExecute(DriverCommandExecutor.java:167)
	at org.openqa.selenium.remote.service.DriverCommandExecutor.execute(DriverCommandExecutor.java:142)
	at org.openqa.selenium.remote.RemoteWebDriver.execute(RemoteWebDriver.java:547)
	at org.openqa.selenium.remote.ElementLocation$ElementFinder$2.findElement(ElementLocation.java:162)
	at org.openqa.selenium.remote.ElementLocation.findElement(ElementLocation.java:60)
	at org.openqa.selenium.remote.RemoteWebDriver.findElement(RemoteWebDriver.java:365)
	at org.openqa.selenium.remote.RemoteWebDriver.findElement(RemoteWebDriver.java:357)
	at org.openqa.selenium.support.pagefactory.DefaultElementLocator.findElement(DefaultElementLocator.java:70)
	at org.openqa.selenium.support.pagefactory.internal.LocatingElementHandler.invoke(LocatingElementHandler.java:39)
	at jdk.proxy2/jdk.proxy2.$Proxy32.isDisplayed(Unknown Source)
	at org.openqa.selenium.support.ui.ExpectedConditions.elementIfVisible(ExpectedConditions.java:307)
	at org.openqa.selenium.support.ui.ExpectedConditions.access$000(ExpectedConditions.java:40)
	at org.openqa.selenium.support.ui.ExpectedConditions$10.apply(ExpectedConditions.java:293)
	at org.openqa.selenium.support.ui.ExpectedConditions$10.apply(ExpectedConditions.java:290)
	at org.openqa.selenium.support.ui.FluentWait.until(FluentWait.java:208)
	at cucumber.framework.page.jcadmin.JCAdminTestimonial.getTxtNama(JCAdminTestimonial.java:730)
	at cucumber.framework.runner.jcadmin.JCTambahNegatifTestimonialImpl.admin_add_testimonial_negative_no_active_invalid_nama_char(JCTambahNegatifTestimonialImpl.java:205)
	at java.base/jdk.internal.reflect.DirectMethodHandleAccessor.invoke(DirectMethodHandleAccessor.java:104)
	at java.base/java.lang.reflect.Method.invoke(Method.java:577)
	at io.cucumber.java.Invoker.doInvoke(Invoker.java:66)
	at io.cucumber.java.Invoker.invoke(Invoker.java:24)
	at io.cucumber.java.AbstractGlueDefinition.invokeMethod(AbstractGlueDefinition.java:47)
	at io.cucumber.java.JavaStepDefinition.execute(JavaStepDefinition.java:29)
	at io.cucumber.core.runner.CoreStepDefinition.execute(CoreStepDefinition.java:66)
	at io.cucumber.core.runner.PickleStepDefinitionMatch.runStep(PickleStepDefinitionMatch.java:63)
	at io.cucumber.core.runner.ExecutionMode$1.execute(ExecutionMode.java:10)
	at io.cucumber.core.runner.TestStep.executeStep(TestStep.java:85)
	at io.cucumber.core.runner.TestStep.run(TestStep.java:57)
	at io.cucumber.core.runner.PickleStepTestStep.run(PickleStepTestStep.java:51)
	at io.cucumber.core.runner.TestCase.run(TestCase.java:84)
	at io.cucumber.core.runner.Runner.runPickle(Runner.java:75)
	at io.cucumber.testng.TestNGCucumberRunner.lambda$runScenario$1(TestNGCucumberRunner.java:132)
	at io.cucumber.core.runtime.CucumberExecutionContext.lambda$runTestCase$5(CucumberExecutionContext.java:129)
	at io.cucumber.core.runtime.RethrowingThrowableCollector.executeAndThrow(RethrowingThrowableCollector.java:23)
	at io.cucumber.core.runtime.CucumberExecutionContext.runTestCase(CucumberExecutionContext.java:129)
	at io.cucumber.testng.TestNGCucumberRunner.runScenario(TestNGCucumberRunner.java:129)
	at io.cucumber.testng.AbstractTestNGCucumberTests.runScenario(AbstractTestNGCucumberTests.java:35)
	at java.base/jdk.internal.reflect.DirectMethodHandleAccessor.invoke(DirectMethodHandleAccessor.java:104)
	at java.base/java.lang.reflect.Method.invoke(Method.java:577)
	at org.testng.internal.invokers.MethodInvocationHelper.invokeMethod(MethodInvocationHelper.java:139)
	at org.testng.internal.invokers.TestInvoker.invokeMethod(TestInvoker.java:677)
	at org.testng.internal.invokers.TestInvoker.invokeTestMethod(TestInvoker.java:221)
	at org.testng.internal.invokers.MethodRunner.runInSequence(MethodRunner.java:50)
	at org.testng.internal.invokers.TestInvoker$MethodInvocationAgent.invoke(TestInvoker.java:962)
	at org.testng.internal.invokers.TestInvoker.invokeTestMethods(TestInvoker.java:194)
	at org.testng.internal.invokers.TestMethodWorker.invokeTestMethods(TestMethodWorker.java:148)
	at org.testng.internal.invokers.TestMethodWorker.run(TestMethodWorker.java:128)
	at java.base/java.util.ArrayList.forEach(ArrayList.java:1511)
	at org.testng.TestRunner.privateRun(TestRunner.java:806)
	at org.testng.TestRunner.run(TestRunner.java:601)
	at org.testng.SuiteRunner.runTest(SuiteRunner.java:433)
	at org.testng.SuiteRunner.runSequentially(SuiteRunner.java:427)
	at org.testng.SuiteRunner.privateRun(SuiteRunner.java:387)
	at org.testng.SuiteRunner.run(SuiteRunner.java:330)
	at org.testng.SuiteRunnerWorker.runSuite(SuiteRunnerWorker.java:52)
	at org.testng.SuiteRunnerWorker.run(SuiteRunnerWorker.java:95)
	at org.testng.TestNG.runSuitesSequentially(TestNG.java:1256)
	at org.testng.TestNG.runSuitesLocally(TestNG.java:1176)
	at org.testng.TestNG.runSuites(TestNG.java:1099)
	at org.testng.TestNG.run(TestNG.java:1067)
	at org.testng.remote.AbstractRemoteTestNG.run(AbstractRemoteTestNG.java:115)
	at org.testng.remote.RemoteTestNG.initAndRun(RemoteTestNG.java:251)
	at org.testng.remote.RemoteTestNG.main(RemoteTestNG.java:77)
</pre></div></td>
<td>57</td>
<td>cucumber.framework.runner.jcadmin.JCAdminRunner@4a83a74a</td></tr>
<tr>
<td title='cucumber.framework.runner.jcadmin.JCAdminRunner.runScenario()'><b>runScenario</b><br>Test class: cucumber.framework.runner.jcadmin.JCAdminRunner<br>Test method: Runs Cucumber Scenarios<br>Parameters: "Menambah daftar negative testimonial nama char no active", "Tambah Testimonial Negative"</td>
<td><div><pre>org.openqa.selenium.TimeoutException: Expected condition failed: waiting for visibility of Proxy element for: DefaultElementLocator &apos;By.xpath: //div[@class=&apos;invalid-feedback&apos;]&apos; (tried for 15 second(s) with 500 milliseconds interval)
	at org.openqa.selenium.support.ui.WebDriverWait.timeoutException(WebDriverWait.java:87)
	at org.openqa.selenium.support.ui.FluentWait.until(FluentWait.java:231)
	at cucumber.framework.page.jcadmin.JCAdminTestimonial.getTxtNama(JCAdminTestimonial.java:730)
	at cucumber.framework.runner.jcadmin.JCTambahNegatifTestimonialImpl.admin_add_testimonial_negative_no_active_invalid_nama_char(JCTambahNegatifTestimonialImpl.java:205)
	at ✽.TE046N Admin add testimonial negative no active invalid nama char(file:///C:/Users/NEXSOFT/Documents/Nexsoft/TA-NISA/TA-NISA/src/main/resources/jcadmin/002Testimonial002TambahNegatif.feature:107)
Caused by: org.openqa.selenium.NoSuchElementException: no such element: Unable to locate element: {&quot;method&quot;:&quot;xpath&quot;,&quot;selector&quot;:&quot;//div[@class=&apos;invalid-feedback&apos;]&quot;}
  (Session info: chrome=105.0.5195.127)
For documentation on this error, please visit: https://selenium.dev/exceptions/#no_such_element
Build info: version: &apos;4.4.0&apos;, revision: &apos;e5c75ed026a&apos;
System info: host: &apos;DESKTOP-402V9A7&apos;, ip: &apos;10.0.0.160&apos;, os.name: &apos;Windows 10&apos;, os.arch: &apos;amd64&apos;, os.version: &apos;10.0&apos;, java.version: &apos;18.0.2&apos;
Driver info: org.openqa.selenium.chrome.ChromeDriver
Command: [cea9555d011afc0d43be5971d6e4a1cb, findElement {using=xpath, value=//div[@class=&apos;invalid-feedback&apos;]}]
Capabilities {acceptInsecureCerts: false, browserName: chrome, browserVersion: 105.0.5195.127, chrome: {chromedriverVersion: 105.0.5195.52 (412c95e51883..., userDataDir: C:\Users\NEXSOFT\AppData\Lo...}, goog:chromeOptions: {debuggerAddress: localhost:59852}, networkConnectionEnabled: false, pageLoadStrategy: normal, platformName: WINDOWS, proxy: Proxy(), se:cdp: ws://localhost:59852/devtoo..., se:cdpVersion: 105.0.5195.127, setWindowRect: true, strictFileInteractability: false, timeouts: {implicit: 0, pageLoad: 300000, script: 30000}, unhandledPromptBehavior: dismiss and notify, webauthn:extension:credBlob: true, webauthn:extension:largeBlob: true, webauthn:virtualAuthenticators: true}
Session ID: cea9555d011afc0d43be5971d6e4a1cb
	at java.base/jdk.internal.reflect.DirectConstructorHandleAccessor.newInstance(DirectConstructorHandleAccessor.java:67)
	at java.base/java.lang.reflect.Constructor.newInstanceWithCaller(Constructor.java:499)
	at java.base/java.lang.reflect.Constructor.newInstance(Constructor.java:483)
	at org.openqa.selenium.remote.codec.w3c.W3CHttpResponseCodec.createException(W3CHttpResponseCodec.java:200)
	at org.openqa.selenium.remote.codec.w3c.W3CHttpResponseCodec.decode(W3CHttpResponseCodec.java:133)
	at org.openqa.selenium.remote.codec.w3c.W3CHttpResponseCodec.decode(W3CHttpResponseCodec.java:53)
	at org.openqa.selenium.remote.HttpCommandExecutor.execute(HttpCommandExecutor.java:184)
	at org.openqa.selenium.remote.service.DriverCommandExecutor.invokeExecute(DriverCommandExecutor.java:167)
	at org.openqa.selenium.remote.service.DriverCommandExecutor.execute(DriverCommandExecutor.java:142)
	at org.openqa.selenium.remote.RemoteWebDriver.execute(RemoteWebDriver.java:547)
	at org.openqa.selenium.remote.ElementLocation$ElementFinder$2.findElement(ElementLocation.java:162)
	at org.openqa.selenium.remote.ElementLocation.findElement(ElementLocation.java:60)
	at org.openqa.selenium.remote.RemoteWebDriver.findElement(RemoteWebDriver.java:365)
	at org.openqa.selenium.remote.RemoteWebDriver.findElement(RemoteWebDriver.java:357)
	at org.openqa.selenium.support.pagefactory.DefaultElementLocator.findElement(DefaultElementLocator.java:70)
	at org.openqa.selenium.support.pagefactory.internal.LocatingElementHandler.invoke(LocatingElementHandler.java:39)
	at jdk.proxy2/jdk.proxy2.$Proxy32.isDisplayed(Unknown Source)
	at org.openqa.selenium.support.ui.ExpectedConditions.elementIfVisible(ExpectedConditions.java:307)
	at org.openqa.selenium.support.ui.ExpectedConditions.access$000(ExpectedConditions.java:40)
	at org.openqa.selenium.support.ui.ExpectedConditions$10.apply(ExpectedConditions.java:293)
	at org.openqa.selenium.support.ui.ExpectedConditions$10.apply(ExpectedConditions.java:290)
	at org.openqa.selenium.support.ui.FluentWait.until(FluentWait.java:208)
	at cucumber.framework.page.jcadmin.JCAdminTestimonial.getTxtNama(JCAdminTestimonial.java:730)
	at cucumber.framework.runner.jcadmin.JCTambahNegatifTestimonialImpl.admin_add_testimonial_negative_no_active_invalid_nama_char(JCTambahNegatifTestimonialImpl.java:205)
	at java.base/jdk.internal.reflect.DirectMethodHandleAccessor.invoke(DirectMethodHandleAccessor.java:104)
	at java.base/java.lang.reflect.Method.invoke(Method.java:577)
	at io.cucumber.java.Invoker.doInvoke(Invoker.java:66)
	at io.cucumber.java.Invoker.invoke(Invoker.java:24)
	at io.cucumber.java.AbstractGlueDefinition.invokeMethod(AbstractGlueDefinition.java:47)
	at io.cucumber.java.JavaStepDefinition.execute(JavaStepDefinition.java:29)
	at io.cucumber.core.runner.CoreStepDefinition.execute(CoreStepDefinition.java:66)
	at io.cucumber.core.runner.PickleStepDefinitionMatch.runStep(PickleStepDefinitionMatch.java:63)
	at io.cucumber.core.runner.ExecutionMode$1.execute(ExecutionMode.java:10)
	at io.cucumber.core.runner.TestStep.executeStep(TestStep.java:85)
	at io.cucumber.core.runner.TestStep.run(TestStep.java:57)
	at io.cucumber.core.runner.PickleStepTestStep.run(PickleStepTestStep.java:51)
	at io.cucumber.core.runner.TestCase.run(TestCase.java:84)
	at io.cucumber.core.runner.Runner.runPickle(Runner.java:75)
	at io.cucumber.testng.TestNGCucumberRunner.lambda$runScenario$1(TestNGCucumberRunner.java:132)
	at io.cucumber.core.runtime.CucumberExecutionContext.lambda$runTestCase$5(CucumberExecutionContext.java:129)
	at io.cucumber.core.runtime.RethrowingThrowableCollector.executeAndThrow(RethrowingThrowableCollector.java:23)
	at io.cucumber.core.runtime.CucumberExecutionContext.runTestCase(CucumberExecutionContext.java:129)
	at io.cucumber.testng.TestNGCucumberRunner.runScenario(TestNGCucumberRunner.java:129)
	at io.cucumber.testng.AbstractTestNGCucumberTests.runScenario(AbstractTestNGCucumberTests.java:35)
	at java.base/jdk.internal.reflect.DirectMethodHandleAccessor.invoke(DirectMethodHandleAccessor.java:104)
	at java.base/java.lang.reflect.Method.invoke(Method.java:577)
	at org.testng.internal.invokers.MethodInvocationHelper.invokeMethod(MethodInvocationHelper.java:139)
	at org.testng.internal.invokers.TestInvoker.invokeMethod(TestInvoker.java:677)
	at org.testng.internal.invokers.TestInvoker.invokeTestMethod(TestInvoker.java:221)
	at org.testng.internal.invokers.MethodRunner.runInSequence(MethodRunner.java:50)
	at org.testng.internal.invokers.TestInvoker$MethodInvocationAgent.invoke(TestInvoker.java:962)
	at org.testng.internal.invokers.TestInvoker.invokeTestMethods(TestInvoker.java:194)
	at org.testng.internal.invokers.TestMethodWorker.invokeTestMethods(TestMethodWorker.java:148)
	at org.testng.internal.invokers.TestMethodWorker.run(TestMethodWorker.java:128)
	at java.base/java.util.ArrayList.forEach(ArrayList.java:1511)
	at org.testng.TestRunner.privateRun(TestRunner.java:806)
	at org.testng.TestRunner.run(TestRunner.java:601)
	at org.testng.SuiteRunner.runTest(SuiteRunner.java:433)
	at org.testng.SuiteRunner.runSequentially(SuiteRunner.java:427)
	at org.testng.SuiteRunner.privateRun(SuiteRunner.java:387)
	at org.testng.SuiteRunner.run(SuiteRunner.java:330)
	at org.testng.SuiteRunnerWorker.runSuite(SuiteRunnerWorker.java:52)
	at org.testng.SuiteRunnerWorker.run(SuiteRunnerWorker.java:95)
	at org.testng.TestNG.runSuitesSequentially(TestNG.java:1256)
	at org.testng.TestNG.runSuitesLocally(TestNG.java:1176)
	at org.testng.TestNG.runSuites(TestNG.java:1099)
	at org.testng.TestNG.run(TestNG.java:1067)
	at org.testng.remote.AbstractRemoteTestNG.run(AbstractRemoteTestNG.java:115)
	at org.testng.remote.RemoteTestNG.initAndRun(RemoteTestNG.java:251)
	at org.testng.remote.RemoteTestNG.main(RemoteTestNG.java:77)
</pre></div><a href='#' onClick='toggleBox("stack-trace308030933", this, "Click to show all stack frames", "Click to hide stack frames")'>Click to show all stack frames</a>
<div class='stack-trace' id='stack-trace308030933'><pre>org.openqa.selenium.TimeoutException: Expected condition failed: waiting for visibility of Proxy element for: DefaultElementLocator &apos;By.xpath: //div[@class=&apos;invalid-feedback&apos;]&apos; (tried for 15 second(s) with 500 milliseconds interval)
	at org.openqa.selenium.support.ui.WebDriverWait.timeoutException(WebDriverWait.java:87)
	at org.openqa.selenium.support.ui.FluentWait.until(FluentWait.java:231)
	at cucumber.framework.page.jcadmin.JCAdminTestimonial.getTxtNama(JCAdminTestimonial.java:730)
	at cucumber.framework.runner.jcadmin.JCTambahNegatifTestimonialImpl.admin_add_testimonial_negative_no_active_invalid_nama_char(JCTambahNegatifTestimonialImpl.java:205)
	at ✽.TE046N Admin add testimonial negative no active invalid nama char(file:///C:/Users/NEXSOFT/Documents/Nexsoft/TA-NISA/TA-NISA/src/main/resources/jcadmin/002Testimonial002TambahNegatif.feature:107)
Caused by: org.openqa.selenium.NoSuchElementException: no such element: Unable to locate element: {&quot;method&quot;:&quot;xpath&quot;,&quot;selector&quot;:&quot;//div[@class=&apos;invalid-feedback&apos;]&quot;}
  (Session info: chrome=105.0.5195.127)
For documentation on this error, please visit: https://selenium.dev/exceptions/#no_such_element
Build info: version: &apos;4.4.0&apos;, revision: &apos;e5c75ed026a&apos;
System info: host: &apos;DESKTOP-402V9A7&apos;, ip: &apos;10.0.0.160&apos;, os.name: &apos;Windows 10&apos;, os.arch: &apos;amd64&apos;, os.version: &apos;10.0&apos;, java.version: &apos;18.0.2&apos;
Driver info: org.openqa.selenium.chrome.ChromeDriver
Command: [cea9555d011afc0d43be5971d6e4a1cb, findElement {using=xpath, value=//div[@class=&apos;invalid-feedback&apos;]}]
Capabilities {acceptInsecureCerts: false, browserName: chrome, browserVersion: 105.0.5195.127, chrome: {chromedriverVersion: 105.0.5195.52 (412c95e51883..., userDataDir: C:\Users\NEXSOFT\AppData\Lo...}, goog:chromeOptions: {debuggerAddress: localhost:59852}, networkConnectionEnabled: false, pageLoadStrategy: normal, platformName: WINDOWS, proxy: Proxy(), se:cdp: ws://localhost:59852/devtoo..., se:cdpVersion: 105.0.5195.127, setWindowRect: true, strictFileInteractability: false, timeouts: {implicit: 0, pageLoad: 300000, script: 30000}, unhandledPromptBehavior: dismiss and notify, webauthn:extension:credBlob: true, webauthn:extension:largeBlob: true, webauthn:virtualAuthenticators: true}
Session ID: cea9555d011afc0d43be5971d6e4a1cb
	at java.base/jdk.internal.reflect.DirectConstructorHandleAccessor.newInstance(DirectConstructorHandleAccessor.java:67)
	at java.base/java.lang.reflect.Constructor.newInstanceWithCaller(Constructor.java:499)
	at java.base/java.lang.reflect.Constructor.newInstance(Constructor.java:483)
	at org.openqa.selenium.remote.codec.w3c.W3CHttpResponseCodec.createException(W3CHttpResponseCodec.java:200)
	at org.openqa.selenium.remote.codec.w3c.W3CHttpResponseCodec.decode(W3CHttpResponseCodec.java:133)
	at org.openqa.selenium.remote.codec.w3c.W3CHttpResponseCodec.decode(W3CHttpResponseCodec.java:53)
	at org.openqa.selenium.remote.HttpCommandExecutor.execute(HttpCommandExecutor.java:184)
	at org.openqa.selenium.remote.service.DriverCommandExecutor.invokeExecute(DriverCommandExecutor.java:167)
	at org.openqa.selenium.remote.service.DriverCommandExecutor.execute(DriverCommandExecutor.java:142)
	at org.openqa.selenium.remote.RemoteWebDriver.execute(RemoteWebDriver.java:547)
	at org.openqa.selenium.remote.ElementLocation$ElementFinder$2.findElement(ElementLocation.java:162)
	at org.openqa.selenium.remote.ElementLocation.findElement(ElementLocation.java:60)
	at org.openqa.selenium.remote.RemoteWebDriver.findElement(RemoteWebDriver.java:365)
	at org.openqa.selenium.remote.RemoteWebDriver.findElement(RemoteWebDriver.java:357)
	at org.openqa.selenium.support.pagefactory.DefaultElementLocator.findElement(DefaultElementLocator.java:70)
	at org.openqa.selenium.support.pagefactory.internal.LocatingElementHandler.invoke(LocatingElementHandler.java:39)
	at jdk.proxy2/jdk.proxy2.$Proxy32.isDisplayed(Unknown Source)
	at org.openqa.selenium.support.ui.ExpectedConditions.elementIfVisible(ExpectedConditions.java:307)
	at org.openqa.selenium.support.ui.ExpectedConditions.access$000(ExpectedConditions.java:40)
	at org.openqa.selenium.support.ui.ExpectedConditions$10.apply(ExpectedConditions.java:293)
	at org.openqa.selenium.support.ui.ExpectedConditions$10.apply(ExpectedConditions.java:290)
	at org.openqa.selenium.support.ui.FluentWait.until(FluentWait.java:208)
	at cucumber.framework.page.jcadmin.JCAdminTestimonial.getTxtNama(JCAdminTestimonial.java:730)
	at cucumber.framework.runner.jcadmin.JCTambahNegatifTestimonialImpl.admin_add_testimonial_negative_no_active_invalid_nama_char(JCTambahNegatifTestimonialImpl.java:205)
	at java.base/jdk.internal.reflect.DirectMethodHandleAccessor.invoke(DirectMethodHandleAccessor.java:104)
	at java.base/java.lang.reflect.Method.invoke(Method.java:577)
	at io.cucumber.java.Invoker.doInvoke(Invoker.java:66)
	at io.cucumber.java.Invoker.invoke(Invoker.java:24)
	at io.cucumber.java.AbstractGlueDefinition.invokeMethod(AbstractGlueDefinition.java:47)
	at io.cucumber.java.JavaStepDefinition.execute(JavaStepDefinition.java:29)
	at io.cucumber.core.runner.CoreStepDefinition.execute(CoreStepDefinition.java:66)
	at io.cucumber.core.runner.PickleStepDefinitionMatch.runStep(PickleStepDefinitionMatch.java:63)
	at io.cucumber.core.runner.ExecutionMode$1.execute(ExecutionMode.java:10)
	at io.cucumber.core.runner.TestStep.executeStep(TestStep.java:85)
	at io.cucumber.core.runner.TestStep.run(TestStep.java:57)
	at io.cucumber.core.runner.PickleStepTestStep.run(PickleStepTestStep.java:51)
	at io.cucumber.core.runner.TestCase.run(TestCase.java:84)
	at io.cucumber.core.runner.Runner.runPickle(Runner.java:75)
	at io.cucumber.testng.TestNGCucumberRunner.lambda$runScenario$1(TestNGCucumberRunner.java:132)
	at io.cucumber.core.runtime.CucumberExecutionContext.lambda$runTestCase$5(CucumberExecutionContext.java:129)
	at io.cucumber.core.runtime.RethrowingThrowableCollector.executeAndThrow(RethrowingThrowableCollector.java:23)
	at io.cucumber.core.runtime.CucumberExecutionContext.runTestCase(CucumberExecutionContext.java:129)
	at io.cucumber.testng.TestNGCucumberRunner.runScenario(TestNGCucumberRunner.java:129)
	at io.cucumber.testng.AbstractTestNGCucumberTests.runScenario(AbstractTestNGCucumberTests.java:35)
	at java.base/jdk.internal.reflect.DirectMethodHandleAccessor.invoke(DirectMethodHandleAccessor.java:104)
	at java.base/java.lang.reflect.Method.invoke(Method.java:577)
	at org.testng.internal.invokers.MethodInvocationHelper.invokeMethod(MethodInvocationHelper.java:139)
	at org.testng.internal.invokers.TestInvoker.invokeMethod(TestInvoker.java:677)
	at org.testng.internal.invokers.TestInvoker.invokeTestMethod(TestInvoker.java:221)
	at org.testng.internal.invokers.MethodRunner.runInSequence(MethodRunner.java:50)
	at org.testng.internal.invokers.TestInvoker$MethodInvocationAgent.invoke(TestInvoker.java:962)
	at org.testng.internal.invokers.TestInvoker.invokeTestMethods(TestInvoker.java:194)
	at org.testng.internal.invokers.TestMethodWorker.invokeTestMethods(TestMethodWorker.java:148)
	at org.testng.internal.invokers.TestMethodWorker.run(TestMethodWorker.java:128)
	at java.base/java.util.ArrayList.forEach(ArrayList.java:1511)
	at org.testng.TestRunner.privateRun(TestRunner.java:806)
	at org.testng.TestRunner.run(TestRunner.java:601)
	at org.testng.SuiteRunner.runTest(SuiteRunner.java:433)
	at org.testng.SuiteRunner.runSequentially(SuiteRunner.java:427)
	at org.testng.SuiteRunner.privateRun(SuiteRunner.java:387)
	at org.testng.SuiteRunner.run(SuiteRunner.java:330)
	at org.testng.SuiteRunnerWorker.runSuite(SuiteRunnerWorker.java:52)
	at org.testng.SuiteRunnerWorker.run(SuiteRunnerWorker.java:95)
	at org.testng.TestNG.runSuitesSequentially(TestNG.java:1256)
	at org.testng.TestNG.runSuitesLocally(TestNG.java:1176)
	at org.testng.TestNG.runSuites(TestNG.java:1099)
	at org.testng.TestNG.run(TestNG.java:1067)
	at org.testng.remote.AbstractRemoteTestNG.run(AbstractRemoteTestNG.java:115)
	at org.testng.remote.RemoteTestNG.initAndRun(RemoteTestNG.java:251)
	at org.testng.remote.RemoteTestNG.main(RemoteTestNG.java:77)
</pre></div></td>
<td>58</td>
<td>cucumber.framework.runner.jcadmin.JCAdminRunner@4a83a74a</td></tr>
<tr>
<td title='cucumber.framework.runner.jcadmin.JCAdminRunner.runScenario()'><b>runScenario</b><br>Test class: cucumber.framework.runner.jcadmin.JCAdminRunner<br>Test method: Runs Cucumber Scenarios<br>Parameters: "Menambah daftar negative testimonial nama char no active", "Tambah Testimonial Negative"</td>
<td><div><pre>org.openqa.selenium.TimeoutException: Expected condition failed: waiting for visibility of Proxy element for: DefaultElementLocator &apos;By.xpath: //div[@class=&apos;invalid-feedback&apos;]&apos; (tried for 15 second(s) with 500 milliseconds interval)
	at org.openqa.selenium.support.ui.WebDriverWait.timeoutException(WebDriverWait.java:87)
	at org.openqa.selenium.support.ui.FluentWait.until(FluentWait.java:231)
	at cucumber.framework.page.jcadmin.JCAdminTestimonial.getTxtNama(JCAdminTestimonial.java:730)
	at cucumber.framework.runner.jcadmin.JCTambahNegatifTestimonialImpl.admin_add_testimonial_negative_no_active_invalid_nama_char(JCTambahNegatifTestimonialImpl.java:205)
	at ✽.TE048N Admin add testimonial negative no active invalid nama char(file:///C:/Users/NEXSOFT/Documents/Nexsoft/TA-NISA/TA-NISA/src/main/resources/jcadmin/002Testimonial002TambahNegatif.feature:107)
Caused by: org.openqa.selenium.NoSuchElementException: no such element: Unable to locate element: {&quot;method&quot;:&quot;xpath&quot;,&quot;selector&quot;:&quot;//div[@class=&apos;invalid-feedback&apos;]&quot;}
  (Session info: chrome=105.0.5195.127)
For documentation on this error, please visit: https://selenium.dev/exceptions/#no_such_element
Build info: version: &apos;4.4.0&apos;, revision: &apos;e5c75ed026a&apos;
System info: host: &apos;DESKTOP-402V9A7&apos;, ip: &apos;10.0.0.160&apos;, os.name: &apos;Windows 10&apos;, os.arch: &apos;amd64&apos;, os.version: &apos;10.0&apos;, java.version: &apos;18.0.2&apos;
Driver info: org.openqa.selenium.chrome.ChromeDriver
Command: [cea9555d011afc0d43be5971d6e4a1cb, findElement {using=xpath, value=//div[@class=&apos;invalid-feedback&apos;]}]
Capabilities {acceptInsecureCerts: false, browserName: chrome, browserVersion: 105.0.5195.127, chrome: {chromedriverVersion: 105.0.5195.52 (412c95e51883..., userDataDir: C:\Users\NEXSOFT\AppData\Lo...}, goog:chromeOptions: {debuggerAddress: localhost:59852}, networkConnectionEnabled: false, pageLoadStrategy: normal, platformName: WINDOWS, proxy: Proxy(), se:cdp: ws://localhost:59852/devtoo..., se:cdpVersion: 105.0.5195.127, setWindowRect: true, strictFileInteractability: false, timeouts: {implicit: 0, pageLoad: 300000, script: 30000}, unhandledPromptBehavior: dismiss and notify, webauthn:extension:credBlob: true, webauthn:extension:largeBlob: true, webauthn:virtualAuthenticators: true}
Session ID: cea9555d011afc0d43be5971d6e4a1cb
	at java.base/jdk.internal.reflect.DirectConstructorHandleAccessor.newInstance(DirectConstructorHandleAccessor.java:67)
	at java.base/java.lang.reflect.Constructor.newInstanceWithCaller(Constructor.java:499)
	at java.base/java.lang.reflect.Constructor.newInstance(Constructor.java:483)
	at org.openqa.selenium.remote.codec.w3c.W3CHttpResponseCodec.createException(W3CHttpResponseCodec.java:200)
	at org.openqa.selenium.remote.codec.w3c.W3CHttpResponseCodec.decode(W3CHttpResponseCodec.java:133)
	at org.openqa.selenium.remote.codec.w3c.W3CHttpResponseCodec.decode(W3CHttpResponseCodec.java:53)
	at org.openqa.selenium.remote.HttpCommandExecutor.execute(HttpCommandExecutor.java:184)
	at org.openqa.selenium.remote.service.DriverCommandExecutor.invokeExecute(DriverCommandExecutor.java:167)
	at org.openqa.selenium.remote.service.DriverCommandExecutor.execute(DriverCommandExecutor.java:142)
	at org.openqa.selenium.remote.RemoteWebDriver.execute(RemoteWebDriver.java:547)
	at org.openqa.selenium.remote.ElementLocation$ElementFinder$2.findElement(ElementLocation.java:162)
	at org.openqa.selenium.remote.ElementLocation.findElement(ElementLocation.java:60)
	at org.openqa.selenium.remote.RemoteWebDriver.findElement(RemoteWebDriver.java:365)
	at org.openqa.selenium.remote.RemoteWebDriver.findElement(RemoteWebDriver.java:357)
	at org.openqa.selenium.support.pagefactory.DefaultElementLocator.findElement(DefaultElementLocator.java:70)
	at org.openqa.selenium.support.pagefactory.internal.LocatingElementHandler.invoke(LocatingElementHandler.java:39)
	at jdk.proxy2/jdk.proxy2.$Proxy32.isDisplayed(Unknown Source)
	at org.openqa.selenium.support.ui.ExpectedConditions.elementIfVisible(ExpectedConditions.java:307)
	at org.openqa.selenium.support.ui.ExpectedConditions.access$000(ExpectedConditions.java:40)
	at org.openqa.selenium.support.ui.ExpectedConditions$10.apply(ExpectedConditions.java:293)
	at org.openqa.selenium.support.ui.ExpectedConditions$10.apply(ExpectedConditions.java:290)
	at org.openqa.selenium.support.ui.FluentWait.until(FluentWait.java:208)
	at cucumber.framework.page.jcadmin.JCAdminTestimonial.getTxtNama(JCAdminTestimonial.java:730)
	at cucumber.framework.runner.jcadmin.JCTambahNegatifTestimonialImpl.admin_add_testimonial_negative_no_active_invalid_nama_char(JCTambahNegatifTestimonialImpl.java:205)
	at java.base/jdk.internal.reflect.DirectMethodHandleAccessor.invoke(DirectMethodHandleAccessor.java:104)
	at java.base/java.lang.reflect.Method.invoke(Method.java:577)
	at io.cucumber.java.Invoker.doInvoke(Invoker.java:66)
	at io.cucumber.java.Invoker.invoke(Invoker.java:24)
	at io.cucumber.java.AbstractGlueDefinition.invokeMethod(AbstractGlueDefinition.java:47)
	at io.cucumber.java.JavaStepDefinition.execute(JavaStepDefinition.java:29)
	at io.cucumber.core.runner.CoreStepDefinition.execute(CoreStepDefinition.java:66)
	at io.cucumber.core.runner.PickleStepDefinitionMatch.runStep(PickleStepDefinitionMatch.java:63)
	at io.cucumber.core.runner.ExecutionMode$1.execute(ExecutionMode.java:10)
	at io.cucumber.core.runner.TestStep.executeStep(TestStep.java:85)
	at io.cucumber.core.runner.TestStep.run(TestStep.java:57)
	at io.cucumber.core.runner.PickleStepTestStep.run(PickleStepTestStep.java:51)
	at io.cucumber.core.runner.TestCase.run(TestCase.java:84)
	at io.cucumber.core.runner.Runner.runPickle(Runner.java:75)
	at io.cucumber.testng.TestNGCucumberRunner.lambda$runScenario$1(TestNGCucumberRunner.java:132)
	at io.cucumber.core.runtime.CucumberExecutionContext.lambda$runTestCase$5(CucumberExecutionContext.java:129)
	at io.cucumber.core.runtime.RethrowingThrowableCollector.executeAndThrow(RethrowingThrowableCollector.java:23)
	at io.cucumber.core.runtime.CucumberExecutionContext.runTestCase(CucumberExecutionContext.java:129)
	at io.cucumber.testng.TestNGCucumberRunner.runScenario(TestNGCucumberRunner.java:129)
	at io.cucumber.testng.AbstractTestNGCucumberTests.runScenario(AbstractTestNGCucumberTests.java:35)
	at java.base/jdk.internal.reflect.DirectMethodHandleAccessor.invoke(DirectMethodHandleAccessor.java:104)
	at java.base/java.lang.reflect.Method.invoke(Method.java:577)
	at org.testng.internal.invokers.MethodInvocationHelper.invokeMethod(MethodInvocationHelper.java:139)
	at org.testng.internal.invokers.TestInvoker.invokeMethod(TestInvoker.java:677)
	at org.testng.internal.invokers.TestInvoker.invokeTestMethod(TestInvoker.java:221)
	at org.testng.internal.invokers.MethodRunner.runInSequence(MethodRunner.java:50)
	at org.testng.internal.invokers.TestInvoker$MethodInvocationAgent.invoke(TestInvoker.java:962)
	at org.testng.internal.invokers.TestInvoker.invokeTestMethods(TestInvoker.java:194)
	at org.testng.internal.invokers.TestMethodWorker.invokeTestMethods(TestMethodWorker.java:148)
	at org.testng.internal.invokers.TestMethodWorker.run(TestMethodWorker.java:128)
	at java.base/java.util.ArrayList.forEach(ArrayList.java:1511)
	at org.testng.TestRunner.privateRun(TestRunner.java:806)
	at org.testng.TestRunner.run(TestRunner.java:601)
	at org.testng.SuiteRunner.runTest(SuiteRunner.java:433)
	at org.testng.SuiteRunner.runSequentially(SuiteRunner.java:427)
	at org.testng.SuiteRunner.privateRun(SuiteRunner.java:387)
	at org.testng.SuiteRunner.run(SuiteRunner.java:330)
	at org.testng.SuiteRunnerWorker.runSuite(SuiteRunnerWorker.java:52)
	at org.testng.SuiteRunnerWorker.run(SuiteRunnerWorker.java:95)
	at org.testng.TestNG.runSuitesSequentially(TestNG.java:1256)
	at org.testng.TestNG.runSuitesLocally(TestNG.java:1176)
	at org.testng.TestNG.runSuites(TestNG.java:1099)
	at org.testng.TestNG.run(TestNG.java:1067)
	at org.testng.remote.AbstractRemoteTestNG.run(AbstractRemoteTestNG.java:115)
	at org.testng.remote.RemoteTestNG.initAndRun(RemoteTestNG.java:251)
	at org.testng.remote.RemoteTestNG.main(RemoteTestNG.java:77)
</pre></div><a href='#' onClick='toggleBox("stack-trace192145407", this, "Click to show all stack frames", "Click to hide stack frames")'>Click to show all stack frames</a>
<div class='stack-trace' id='stack-trace192145407'><pre>org.openqa.selenium.TimeoutException: Expected condition failed: waiting for visibility of Proxy element for: DefaultElementLocator &apos;By.xpath: //div[@class=&apos;invalid-feedback&apos;]&apos; (tried for 15 second(s) with 500 milliseconds interval)
	at org.openqa.selenium.support.ui.WebDriverWait.timeoutException(WebDriverWait.java:87)
	at org.openqa.selenium.support.ui.FluentWait.until(FluentWait.java:231)
	at cucumber.framework.page.jcadmin.JCAdminTestimonial.getTxtNama(JCAdminTestimonial.java:730)
	at cucumber.framework.runner.jcadmin.JCTambahNegatifTestimonialImpl.admin_add_testimonial_negative_no_active_invalid_nama_char(JCTambahNegatifTestimonialImpl.java:205)
	at ✽.TE048N Admin add testimonial negative no active invalid nama char(file:///C:/Users/NEXSOFT/Documents/Nexsoft/TA-NISA/TA-NISA/src/main/resources/jcadmin/002Testimonial002TambahNegatif.feature:107)
Caused by: org.openqa.selenium.NoSuchElementException: no such element: Unable to locate element: {&quot;method&quot;:&quot;xpath&quot;,&quot;selector&quot;:&quot;//div[@class=&apos;invalid-feedback&apos;]&quot;}
  (Session info: chrome=105.0.5195.127)
For documentation on this error, please visit: https://selenium.dev/exceptions/#no_such_element
Build info: version: &apos;4.4.0&apos;, revision: &apos;e5c75ed026a&apos;
System info: host: &apos;DESKTOP-402V9A7&apos;, ip: &apos;10.0.0.160&apos;, os.name: &apos;Windows 10&apos;, os.arch: &apos;amd64&apos;, os.version: &apos;10.0&apos;, java.version: &apos;18.0.2&apos;
Driver info: org.openqa.selenium.chrome.ChromeDriver
Command: [cea9555d011afc0d43be5971d6e4a1cb, findElement {using=xpath, value=//div[@class=&apos;invalid-feedback&apos;]}]
Capabilities {acceptInsecureCerts: false, browserName: chrome, browserVersion: 105.0.5195.127, chrome: {chromedriverVersion: 105.0.5195.52 (412c95e51883..., userDataDir: C:\Users\NEXSOFT\AppData\Lo...}, goog:chromeOptions: {debuggerAddress: localhost:59852}, networkConnectionEnabled: false, pageLoadStrategy: normal, platformName: WINDOWS, proxy: Proxy(), se:cdp: ws://localhost:59852/devtoo..., se:cdpVersion: 105.0.5195.127, setWindowRect: true, strictFileInteractability: false, timeouts: {implicit: 0, pageLoad: 300000, script: 30000}, unhandledPromptBehavior: dismiss and notify, webauthn:extension:credBlob: true, webauthn:extension:largeBlob: true, webauthn:virtualAuthenticators: true}
Session ID: cea9555d011afc0d43be5971d6e4a1cb
	at java.base/jdk.internal.reflect.DirectConstructorHandleAccessor.newInstance(DirectConstructorHandleAccessor.java:67)
	at java.base/java.lang.reflect.Constructor.newInstanceWithCaller(Constructor.java:499)
	at java.base/java.lang.reflect.Constructor.newInstance(Constructor.java:483)
	at org.openqa.selenium.remote.codec.w3c.W3CHttpResponseCodec.createException(W3CHttpResponseCodec.java:200)
	at org.openqa.selenium.remote.codec.w3c.W3CHttpResponseCodec.decode(W3CHttpResponseCodec.java:133)
	at org.openqa.selenium.remote.codec.w3c.W3CHttpResponseCodec.decode(W3CHttpResponseCodec.java:53)
	at org.openqa.selenium.remote.HttpCommandExecutor.execute(HttpCommandExecutor.java:184)
	at org.openqa.selenium.remote.service.DriverCommandExecutor.invokeExecute(DriverCommandExecutor.java:167)
	at org.openqa.selenium.remote.service.DriverCommandExecutor.execute(DriverCommandExecutor.java:142)
	at org.openqa.selenium.remote.RemoteWebDriver.execute(RemoteWebDriver.java:547)
	at org.openqa.selenium.remote.ElementLocation$ElementFinder$2.findElement(ElementLocation.java:162)
	at org.openqa.selenium.remote.ElementLocation.findElement(ElementLocation.java:60)
	at org.openqa.selenium.remote.RemoteWebDriver.findElement(RemoteWebDriver.java:365)
	at org.openqa.selenium.remote.RemoteWebDriver.findElement(RemoteWebDriver.java:357)
	at org.openqa.selenium.support.pagefactory.DefaultElementLocator.findElement(DefaultElementLocator.java:70)
	at org.openqa.selenium.support.pagefactory.internal.LocatingElementHandler.invoke(LocatingElementHandler.java:39)
	at jdk.proxy2/jdk.proxy2.$Proxy32.isDisplayed(Unknown Source)
	at org.openqa.selenium.support.ui.ExpectedConditions.elementIfVisible(ExpectedConditions.java:307)
	at org.openqa.selenium.support.ui.ExpectedConditions.access$000(ExpectedConditions.java:40)
	at org.openqa.selenium.support.ui.ExpectedConditions$10.apply(ExpectedConditions.java:293)
	at org.openqa.selenium.support.ui.ExpectedConditions$10.apply(ExpectedConditions.java:290)
	at org.openqa.selenium.support.ui.FluentWait.until(FluentWait.java:208)
	at cucumber.framework.page.jcadmin.JCAdminTestimonial.getTxtNama(JCAdminTestimonial.java:730)
	at cucumber.framework.runner.jcadmin.JCTambahNegatifTestimonialImpl.admin_add_testimonial_negative_no_active_invalid_nama_char(JCTambahNegatifTestimonialImpl.java:205)
	at java.base/jdk.internal.reflect.DirectMethodHandleAccessor.invoke(DirectMethodHandleAccessor.java:104)
	at java.base/java.lang.reflect.Method.invoke(Method.java:577)
	at io.cucumber.java.Invoker.doInvoke(Invoker.java:66)
	at io.cucumber.java.Invoker.invoke(Invoker.java:24)
	at io.cucumber.java.AbstractGlueDefinition.invokeMethod(AbstractGlueDefinition.java:47)
	at io.cucumber.java.JavaStepDefinition.execute(JavaStepDefinition.java:29)
	at io.cucumber.core.runner.CoreStepDefinition.execute(CoreStepDefinition.java:66)
	at io.cucumber.core.runner.PickleStepDefinitionMatch.runStep(PickleStepDefinitionMatch.java:63)
	at io.cucumber.core.runner.ExecutionMode$1.execute(ExecutionMode.java:10)
	at io.cucumber.core.runner.TestStep.executeStep(TestStep.java:85)
	at io.cucumber.core.runner.TestStep.run(TestStep.java:57)
	at io.cucumber.core.runner.PickleStepTestStep.run(PickleStepTestStep.java:51)
	at io.cucumber.core.runner.TestCase.run(TestCase.java:84)
	at io.cucumber.core.runner.Runner.runPickle(Runner.java:75)
	at io.cucumber.testng.TestNGCucumberRunner.lambda$runScenario$1(TestNGCucumberRunner.java:132)
	at io.cucumber.core.runtime.CucumberExecutionContext.lambda$runTestCase$5(CucumberExecutionContext.java:129)
	at io.cucumber.core.runtime.RethrowingThrowableCollector.executeAndThrow(RethrowingThrowableCollector.java:23)
	at io.cucumber.core.runtime.CucumberExecutionContext.runTestCase(CucumberExecutionContext.java:129)
	at io.cucumber.testng.TestNGCucumberRunner.runScenario(TestNGCucumberRunner.java:129)
	at io.cucumber.testng.AbstractTestNGCucumberTests.runScenario(AbstractTestNGCucumberTests.java:35)
	at java.base/jdk.internal.reflect.DirectMethodHandleAccessor.invoke(DirectMethodHandleAccessor.java:104)
	at java.base/java.lang.reflect.Method.invoke(Method.java:577)
	at org.testng.internal.invokers.MethodInvocationHelper.invokeMethod(MethodInvocationHelper.java:139)
	at org.testng.internal.invokers.TestInvoker.invokeMethod(TestInvoker.java:677)
	at org.testng.internal.invokers.TestInvoker.invokeTestMethod(TestInvoker.java:221)
	at org.testng.internal.invokers.MethodRunner.runInSequence(MethodRunner.java:50)
	at org.testng.internal.invokers.TestInvoker$MethodInvocationAgent.invoke(TestInvoker.java:962)
	at org.testng.internal.invokers.TestInvoker.invokeTestMethods(TestInvoker.java:194)
	at org.testng.internal.invokers.TestMethodWorker.invokeTestMethods(TestMethodWorker.java:148)
	at org.testng.internal.invokers.TestMethodWorker.run(TestMethodWorker.java:128)
	at java.base/java.util.ArrayList.forEach(ArrayList.java:1511)
	at org.testng.TestRunner.privateRun(TestRunner.java:806)
	at org.testng.TestRunner.run(TestRunner.java:601)
	at org.testng.SuiteRunner.runTest(SuiteRunner.java:433)
	at org.testng.SuiteRunner.runSequentially(SuiteRunner.java:427)
	at org.testng.SuiteRunner.privateRun(SuiteRunner.java:387)
	at org.testng.SuiteRunner.run(SuiteRunner.java:330)
	at org.testng.SuiteRunnerWorker.runSuite(SuiteRunnerWorker.java:52)
	at org.testng.SuiteRunnerWorker.run(SuiteRunnerWorker.java:95)
	at org.testng.TestNG.runSuitesSequentially(TestNG.java:1256)
	at org.testng.TestNG.runSuitesLocally(TestNG.java:1176)
	at org.testng.TestNG.runSuites(TestNG.java:1099)
	at org.testng.TestNG.run(TestNG.java:1067)
	at org.testng.remote.AbstractRemoteTestNG.run(AbstractRemoteTestNG.java:115)
	at org.testng.remote.RemoteTestNG.initAndRun(RemoteTestNG.java:251)
	at org.testng.remote.RemoteTestNG.main(RemoteTestNG.java:77)
</pre></div></td>
<td>57</td>
<td>cucumber.framework.runner.jcadmin.JCAdminRunner@4a83a74a</td></tr>
<tr>
<td title='cucumber.framework.runner.jcadmin.JCAdminRunner.runScenario()'><b>runScenario</b><br>Test class: cucumber.framework.runner.jcadmin.JCAdminRunner<br>Test method: Runs Cucumber Scenarios<br>Parameters: "Menambah daftar negative testimonial nama char no active", "Tambah Testimonial Negative"</td>
<td><div><pre>org.openqa.selenium.TimeoutException: Expected condition failed: waiting for visibility of Proxy element for: DefaultElementLocator &apos;By.xpath: //div[@class=&apos;invalid-feedback&apos;]&apos; (tried for 15 second(s) with 500 milliseconds interval)
	at org.openqa.selenium.support.ui.WebDriverWait.timeoutException(WebDriverWait.java:87)
	at org.openqa.selenium.support.ui.FluentWait.until(FluentWait.java:231)
	at cucumber.framework.page.jcadmin.JCAdminTestimonial.getTxtNama(JCAdminTestimonial.java:730)
	at cucumber.framework.runner.jcadmin.JCTambahNegatifTestimonialImpl.admin_add_testimonial_negative_no_active_invalid_nama_char(JCTambahNegatifTestimonialImpl.java:205)
	at ✽.TE044N Admin add testimonial negative no active invalid nama char(file:///C:/Users/NEXSOFT/Documents/Nexsoft/TA-NISA/TA-NISA/src/main/resources/jcadmin/002Testimonial002TambahNegatif.feature:107)
Caused by: org.openqa.selenium.NoSuchElementException: no such element: Unable to locate element: {&quot;method&quot;:&quot;xpath&quot;,&quot;selector&quot;:&quot;//div[@class=&apos;invalid-feedback&apos;]&quot;}
  (Session info: chrome=105.0.5195.127)
For documentation on this error, please visit: https://selenium.dev/exceptions/#no_such_element
Build info: version: &apos;4.4.0&apos;, revision: &apos;e5c75ed026a&apos;
System info: host: &apos;DESKTOP-402V9A7&apos;, ip: &apos;10.0.0.160&apos;, os.name: &apos;Windows 10&apos;, os.arch: &apos;amd64&apos;, os.version: &apos;10.0&apos;, java.version: &apos;18.0.2&apos;
Driver info: org.openqa.selenium.chrome.ChromeDriver
Command: [cea9555d011afc0d43be5971d6e4a1cb, findElement {using=xpath, value=//div[@class=&apos;invalid-feedback&apos;]}]
Capabilities {acceptInsecureCerts: false, browserName: chrome, browserVersion: 105.0.5195.127, chrome: {chromedriverVersion: 105.0.5195.52 (412c95e51883..., userDataDir: C:\Users\NEXSOFT\AppData\Lo...}, goog:chromeOptions: {debuggerAddress: localhost:59852}, networkConnectionEnabled: false, pageLoadStrategy: normal, platformName: WINDOWS, proxy: Proxy(), se:cdp: ws://localhost:59852/devtoo..., se:cdpVersion: 105.0.5195.127, setWindowRect: true, strictFileInteractability: false, timeouts: {implicit: 0, pageLoad: 300000, script: 30000}, unhandledPromptBehavior: dismiss and notify, webauthn:extension:credBlob: true, webauthn:extension:largeBlob: true, webauthn:virtualAuthenticators: true}
Session ID: cea9555d011afc0d43be5971d6e4a1cb
	at java.base/jdk.internal.reflect.DirectConstructorHandleAccessor.newInstance(DirectConstructorHandleAccessor.java:67)
	at java.base/java.lang.reflect.Constructor.newInstanceWithCaller(Constructor.java:499)
	at java.base/java.lang.reflect.Constructor.newInstance(Constructor.java:483)
	at org.openqa.selenium.remote.codec.w3c.W3CHttpResponseCodec.createException(W3CHttpResponseCodec.java:200)
	at org.openqa.selenium.remote.codec.w3c.W3CHttpResponseCodec.decode(W3CHttpResponseCodec.java:133)
	at org.openqa.selenium.remote.codec.w3c.W3CHttpResponseCodec.decode(W3CHttpResponseCodec.java:53)
	at org.openqa.selenium.remote.HttpCommandExecutor.execute(HttpCommandExecutor.java:184)
	at org.openqa.selenium.remote.service.DriverCommandExecutor.invokeExecute(DriverCommandExecutor.java:167)
	at org.openqa.selenium.remote.service.DriverCommandExecutor.execute(DriverCommandExecutor.java:142)
	at org.openqa.selenium.remote.RemoteWebDriver.execute(RemoteWebDriver.java:547)
	at org.openqa.selenium.remote.ElementLocation$ElementFinder$2.findElement(ElementLocation.java:162)
	at org.openqa.selenium.remote.ElementLocation.findElement(ElementLocation.java:60)
	at org.openqa.selenium.remote.RemoteWebDriver.findElement(RemoteWebDriver.java:365)
	at org.openqa.selenium.remote.RemoteWebDriver.findElement(RemoteWebDriver.java:357)
	at org.openqa.selenium.support.pagefactory.DefaultElementLocator.findElement(DefaultElementLocator.java:70)
	at org.openqa.selenium.support.pagefactory.internal.LocatingElementHandler.invoke(LocatingElementHandler.java:39)
	at jdk.proxy2/jdk.proxy2.$Proxy32.isDisplayed(Unknown Source)
	at org.openqa.selenium.support.ui.ExpectedConditions.elementIfVisible(ExpectedConditions.java:307)
	at org.openqa.selenium.support.ui.ExpectedConditions.access$000(ExpectedConditions.java:40)
	at org.openqa.selenium.support.ui.ExpectedConditions$10.apply(ExpectedConditions.java:293)
	at org.openqa.selenium.support.ui.ExpectedConditions$10.apply(ExpectedConditions.java:290)
	at org.openqa.selenium.support.ui.FluentWait.until(FluentWait.java:208)
	at cucumber.framework.page.jcadmin.JCAdminTestimonial.getTxtNama(JCAdminTestimonial.java:730)
	at cucumber.framework.runner.jcadmin.JCTambahNegatifTestimonialImpl.admin_add_testimonial_negative_no_active_invalid_nama_char(JCTambahNegatifTestimonialImpl.java:205)
	at java.base/jdk.internal.reflect.DirectMethodHandleAccessor.invoke(DirectMethodHandleAccessor.java:104)
	at java.base/java.lang.reflect.Method.invoke(Method.java:577)
	at io.cucumber.java.Invoker.doInvoke(Invoker.java:66)
	at io.cucumber.java.Invoker.invoke(Invoker.java:24)
	at io.cucumber.java.AbstractGlueDefinition.invokeMethod(AbstractGlueDefinition.java:47)
	at io.cucumber.java.JavaStepDefinition.execute(JavaStepDefinition.java:29)
	at io.cucumber.core.runner.CoreStepDefinition.execute(CoreStepDefinition.java:66)
	at io.cucumber.core.runner.PickleStepDefinitionMatch.runStep(PickleStepDefinitionMatch.java:63)
	at io.cucumber.core.runner.ExecutionMode$1.execute(ExecutionMode.java:10)
	at io.cucumber.core.runner.TestStep.executeStep(TestStep.java:85)
	at io.cucumber.core.runner.TestStep.run(TestStep.java:57)
	at io.cucumber.core.runner.PickleStepTestStep.run(PickleStepTestStep.java:51)
	at io.cucumber.core.runner.TestCase.run(TestCase.java:84)
	at io.cucumber.core.runner.Runner.runPickle(Runner.java:75)
	at io.cucumber.testng.TestNGCucumberRunner.lambda$runScenario$1(TestNGCucumberRunner.java:132)
	at io.cucumber.core.runtime.CucumberExecutionContext.lambda$runTestCase$5(CucumberExecutionContext.java:129)
	at io.cucumber.core.runtime.RethrowingThrowableCollector.executeAndThrow(RethrowingThrowableCollector.java:23)
	at io.cucumber.core.runtime.CucumberExecutionContext.runTestCase(CucumberExecutionContext.java:129)
	at io.cucumber.testng.TestNGCucumberRunner.runScenario(TestNGCucumberRunner.java:129)
	at io.cucumber.testng.AbstractTestNGCucumberTests.runScenario(AbstractTestNGCucumberTests.java:35)
	at java.base/jdk.internal.reflect.DirectMethodHandleAccessor.invoke(DirectMethodHandleAccessor.java:104)
	at java.base/java.lang.reflect.Method.invoke(Method.java:577)
	at org.testng.internal.invokers.MethodInvocationHelper.invokeMethod(MethodInvocationHelper.java:139)
	at org.testng.internal.invokers.TestInvoker.invokeMethod(TestInvoker.java:677)
	at org.testng.internal.invokers.TestInvoker.invokeTestMethod(TestInvoker.java:221)
	at org.testng.internal.invokers.MethodRunner.runInSequence(MethodRunner.java:50)
	at org.testng.internal.invokers.TestInvoker$MethodInvocationAgent.invoke(TestInvoker.java:962)
	at org.testng.internal.invokers.TestInvoker.invokeTestMethods(TestInvoker.java:194)
	at org.testng.internal.invokers.TestMethodWorker.invokeTestMethods(TestMethodWorker.java:148)
	at org.testng.internal.invokers.TestMethodWorker.run(TestMethodWorker.java:128)
	at java.base/java.util.ArrayList.forEach(ArrayList.java:1511)
	at org.testng.TestRunner.privateRun(TestRunner.java:806)
	at org.testng.TestRunner.run(TestRunner.java:601)
	at org.testng.SuiteRunner.runTest(SuiteRunner.java:433)
	at org.testng.SuiteRunner.runSequentially(SuiteRunner.java:427)
	at org.testng.SuiteRunner.privateRun(SuiteRunner.java:387)
	at org.testng.SuiteRunner.run(SuiteRunner.java:330)
	at org.testng.SuiteRunnerWorker.runSuite(SuiteRunnerWorker.java:52)
	at org.testng.SuiteRunnerWorker.run(SuiteRunnerWorker.java:95)
	at org.testng.TestNG.runSuitesSequentially(TestNG.java:1256)
	at org.testng.TestNG.runSuitesLocally(TestNG.java:1176)
	at org.testng.TestNG.runSuites(TestNG.java:1099)
	at org.testng.TestNG.run(TestNG.java:1067)
	at org.testng.remote.AbstractRemoteTestNG.run(AbstractRemoteTestNG.java:115)
	at org.testng.remote.RemoteTestNG.initAndRun(RemoteTestNG.java:251)
	at org.testng.remote.RemoteTestNG.main(RemoteTestNG.java:77)
</pre></div><a href='#' onClick='toggleBox("stack-trace796704099", this, "Click to show all stack frames", "Click to hide stack frames")'>Click to show all stack frames</a>
<div class='stack-trace' id='stack-trace796704099'><pre>org.openqa.selenium.TimeoutException: Expected condition failed: waiting for visibility of Proxy element for: DefaultElementLocator &apos;By.xpath: //div[@class=&apos;invalid-feedback&apos;]&apos; (tried for 15 second(s) with 500 milliseconds interval)
	at org.openqa.selenium.support.ui.WebDriverWait.timeoutException(WebDriverWait.java:87)
	at org.openqa.selenium.support.ui.FluentWait.until(FluentWait.java:231)
	at cucumber.framework.page.jcadmin.JCAdminTestimonial.getTxtNama(JCAdminTestimonial.java:730)
	at cucumber.framework.runner.jcadmin.JCTambahNegatifTestimonialImpl.admin_add_testimonial_negative_no_active_invalid_nama_char(JCTambahNegatifTestimonialImpl.java:205)
	at ✽.TE044N Admin add testimonial negative no active invalid nama char(file:///C:/Users/NEXSOFT/Documents/Nexsoft/TA-NISA/TA-NISA/src/main/resources/jcadmin/002Testimonial002TambahNegatif.feature:107)
Caused by: org.openqa.selenium.NoSuchElementException: no such element: Unable to locate element: {&quot;method&quot;:&quot;xpath&quot;,&quot;selector&quot;:&quot;//div[@class=&apos;invalid-feedback&apos;]&quot;}
  (Session info: chrome=105.0.5195.127)
For documentation on this error, please visit: https://selenium.dev/exceptions/#no_such_element
Build info: version: &apos;4.4.0&apos;, revision: &apos;e5c75ed026a&apos;
System info: host: &apos;DESKTOP-402V9A7&apos;, ip: &apos;10.0.0.160&apos;, os.name: &apos;Windows 10&apos;, os.arch: &apos;amd64&apos;, os.version: &apos;10.0&apos;, java.version: &apos;18.0.2&apos;
Driver info: org.openqa.selenium.chrome.ChromeDriver
Command: [cea9555d011afc0d43be5971d6e4a1cb, findElement {using=xpath, value=//div[@class=&apos;invalid-feedback&apos;]}]
Capabilities {acceptInsecureCerts: false, browserName: chrome, browserVersion: 105.0.5195.127, chrome: {chromedriverVersion: 105.0.5195.52 (412c95e51883..., userDataDir: C:\Users\NEXSOFT\AppData\Lo...}, goog:chromeOptions: {debuggerAddress: localhost:59852}, networkConnectionEnabled: false, pageLoadStrategy: normal, platformName: WINDOWS, proxy: Proxy(), se:cdp: ws://localhost:59852/devtoo..., se:cdpVersion: 105.0.5195.127, setWindowRect: true, strictFileInteractability: false, timeouts: {implicit: 0, pageLoad: 300000, script: 30000}, unhandledPromptBehavior: dismiss and notify, webauthn:extension:credBlob: true, webauthn:extension:largeBlob: true, webauthn:virtualAuthenticators: true}
Session ID: cea9555d011afc0d43be5971d6e4a1cb
	at java.base/jdk.internal.reflect.DirectConstructorHandleAccessor.newInstance(DirectConstructorHandleAccessor.java:67)
	at java.base/java.lang.reflect.Constructor.newInstanceWithCaller(Constructor.java:499)
	at java.base/java.lang.reflect.Constructor.newInstance(Constructor.java:483)
	at org.openqa.selenium.remote.codec.w3c.W3CHttpResponseCodec.createException(W3CHttpResponseCodec.java:200)
	at org.openqa.selenium.remote.codec.w3c.W3CHttpResponseCodec.decode(W3CHttpResponseCodec.java:133)
	at org.openqa.selenium.remote.codec.w3c.W3CHttpResponseCodec.decode(W3CHttpResponseCodec.java:53)
	at org.openqa.selenium.remote.HttpCommandExecutor.execute(HttpCommandExecutor.java:184)
	at org.openqa.selenium.remote.service.DriverCommandExecutor.invokeExecute(DriverCommandExecutor.java:167)
	at org.openqa.selenium.remote.service.DriverCommandExecutor.execute(DriverCommandExecutor.java:142)
	at org.openqa.selenium.remote.RemoteWebDriver.execute(RemoteWebDriver.java:547)
	at org.openqa.selenium.remote.ElementLocation$ElementFinder$2.findElement(ElementLocation.java:162)
	at org.openqa.selenium.remote.ElementLocation.findElement(ElementLocation.java:60)
	at org.openqa.selenium.remote.RemoteWebDriver.findElement(RemoteWebDriver.java:365)
	at org.openqa.selenium.remote.RemoteWebDriver.findElement(RemoteWebDriver.java:357)
	at org.openqa.selenium.support.pagefactory.DefaultElementLocator.findElement(DefaultElementLocator.java:70)
	at org.openqa.selenium.support.pagefactory.internal.LocatingElementHandler.invoke(LocatingElementHandler.java:39)
	at jdk.proxy2/jdk.proxy2.$Proxy32.isDisplayed(Unknown Source)
	at org.openqa.selenium.support.ui.ExpectedConditions.elementIfVisible(ExpectedConditions.java:307)
	at org.openqa.selenium.support.ui.ExpectedConditions.access$000(ExpectedConditions.java:40)
	at org.openqa.selenium.support.ui.ExpectedConditions$10.apply(ExpectedConditions.java:293)
	at org.openqa.selenium.support.ui.ExpectedConditions$10.apply(ExpectedConditions.java:290)
	at org.openqa.selenium.support.ui.FluentWait.until(FluentWait.java:208)
	at cucumber.framework.page.jcadmin.JCAdminTestimonial.getTxtNama(JCAdminTestimonial.java:730)
	at cucumber.framework.runner.jcadmin.JCTambahNegatifTestimonialImpl.admin_add_testimonial_negative_no_active_invalid_nama_char(JCTambahNegatifTestimonialImpl.java:205)
	at java.base/jdk.internal.reflect.DirectMethodHandleAccessor.invoke(DirectMethodHandleAccessor.java:104)
	at java.base/java.lang.reflect.Method.invoke(Method.java:577)
	at io.cucumber.java.Invoker.doInvoke(Invoker.java:66)
	at io.cucumber.java.Invoker.invoke(Invoker.java:24)
	at io.cucumber.java.AbstractGlueDefinition.invokeMethod(AbstractGlueDefinition.java:47)
	at io.cucumber.java.JavaStepDefinition.execute(JavaStepDefinition.java:29)
	at io.cucumber.core.runner.CoreStepDefinition.execute(CoreStepDefinition.java:66)
	at io.cucumber.core.runner.PickleStepDefinitionMatch.runStep(PickleStepDefinitionMatch.java:63)
	at io.cucumber.core.runner.ExecutionMode$1.execute(ExecutionMode.java:10)
	at io.cucumber.core.runner.TestStep.executeStep(TestStep.java:85)
	at io.cucumber.core.runner.TestStep.run(TestStep.java:57)
	at io.cucumber.core.runner.PickleStepTestStep.run(PickleStepTestStep.java:51)
	at io.cucumber.core.runner.TestCase.run(TestCase.java:84)
	at io.cucumber.core.runner.Runner.runPickle(Runner.java:75)
	at io.cucumber.testng.TestNGCucumberRunner.lambda$runScenario$1(TestNGCucumberRunner.java:132)
	at io.cucumber.core.runtime.CucumberExecutionContext.lambda$runTestCase$5(CucumberExecutionContext.java:129)
	at io.cucumber.core.runtime.RethrowingThrowableCollector.executeAndThrow(RethrowingThrowableCollector.java:23)
	at io.cucumber.core.runtime.CucumberExecutionContext.runTestCase(CucumberExecutionContext.java:129)
	at io.cucumber.testng.TestNGCucumberRunner.runScenario(TestNGCucumberRunner.java:129)
	at io.cucumber.testng.AbstractTestNGCucumberTests.runScenario(AbstractTestNGCucumberTests.java:35)
	at java.base/jdk.internal.reflect.DirectMethodHandleAccessor.invoke(DirectMethodHandleAccessor.java:104)
	at java.base/java.lang.reflect.Method.invoke(Method.java:577)
	at org.testng.internal.invokers.MethodInvocationHelper.invokeMethod(MethodInvocationHelper.java:139)
	at org.testng.internal.invokers.TestInvoker.invokeMethod(TestInvoker.java:677)
	at org.testng.internal.invokers.TestInvoker.invokeTestMethod(TestInvoker.java:221)
	at org.testng.internal.invokers.MethodRunner.runInSequence(MethodRunner.java:50)
	at org.testng.internal.invokers.TestInvoker$MethodInvocationAgent.invoke(TestInvoker.java:962)
	at org.testng.internal.invokers.TestInvoker.invokeTestMethods(TestInvoker.java:194)
	at org.testng.internal.invokers.TestMethodWorker.invokeTestMethods(TestMethodWorker.java:148)
	at org.testng.internal.invokers.TestMethodWorker.run(TestMethodWorker.java:128)
	at java.base/java.util.ArrayList.forEach(ArrayList.java:1511)
	at org.testng.TestRunner.privateRun(TestRunner.java:806)
	at org.testng.TestRunner.run(TestRunner.java:601)
	at org.testng.SuiteRunner.runTest(SuiteRunner.java:433)
	at org.testng.SuiteRunner.runSequentially(SuiteRunner.java:427)
	at org.testng.SuiteRunner.privateRun(SuiteRunner.java:387)
	at org.testng.SuiteRunner.run(SuiteRunner.java:330)
	at org.testng.SuiteRunnerWorker.runSuite(SuiteRunnerWorker.java:52)
	at org.testng.SuiteRunnerWorker.run(SuiteRunnerWorker.java:95)
	at org.testng.TestNG.runSuitesSequentially(TestNG.java:1256)
	at org.testng.TestNG.runSuitesLocally(TestNG.java:1176)
	at org.testng.TestNG.runSuites(TestNG.java:1099)
	at org.testng.TestNG.run(TestNG.java:1067)
	at org.testng.remote.AbstractRemoteTestNG.run(AbstractRemoteTestNG.java:115)
	at org.testng.remote.RemoteTestNG.initAndRun(RemoteTestNG.java:251)
	at org.testng.remote.RemoteTestNG.main(RemoteTestNG.java:77)
</pre></div></td>
<td>58</td>
<td>cucumber.framework.runner.jcadmin.JCAdminRunner@4a83a74a</td></tr>
</table><p>
<table width='100%' border='1' class='invocation-passed'>
<tr><td colspan='4' align='center'><b>PASSED TESTS</b></td></tr>
<tr><td><b>Test method</b></td>
<td><b>Attribute(s)</b></td>
<td width="30%"><b>Exception</b></td>
<td width="10%"><b>Time (seconds)</b></td>
<td><b>Instance</b></td>
</tr>
<tr>
<td title='cucumber.framework.runner.jcadmin.JCAdminRunner.runScenario()'><b>runScenario</b><br>Test class: cucumber.framework.runner.jcadmin.JCAdminRunner<br>Test method: Runs Cucumber Scenarios<br>Parameters: "User valid login uppercase email Outlinee", "Login Valid"</td>
<td></td>
<td>2</td>
<td>cucumber.framework.runner.jcadmin.JCAdminRunner@4a83a74a</td></tr>
<tr>
<td title='cucumber.framework.runner.jcadmin.JCAdminRunner.runScenario()'><b>runScenario</b><br>Test class: cucumber.framework.runner.jcadmin.JCAdminRunner<br>Test method: Runs Cucumber Scenarios<br>Parameters: "Menambah testi active karakter beda", "Tambah Testimonial"</td>
<td></td>
<td>26</td>
<td>cucumber.framework.runner.jcadmin.JCAdminRunner@4a83a74a</td></tr>
<tr>
<td title='cucumber.framework.runner.jcadmin.JCAdminRunner.runScenario()'><b>runScenario</b><br>Test class: cucumber.framework.runner.jcadmin.JCAdminRunner<br>Test method: Runs Cucumber Scenarios<br>Parameters: "Menambah daftar negative testimonial kosong isi no active", "Tambah Testimonial Negative"</td>
<td></td>
<td>22</td>
<td>cucumber.framework.runner.jcadmin.JCAdminRunner@4a83a74a</td></tr>
<tr>
<td title='cucumber.framework.runner.jcadmin.JCAdminRunner.runScenario()'><b>runScenario</b><br>Test class: cucumber.framework.runner.jcadmin.JCAdminRunner<br>Test method: Runs Cucumber Scenarios<br>Parameters: "Menambah daftar negative testimonial active", "Tambah Testimonial Negative"</td>
<td></td>
<td>22</td>
<td>cucumber.framework.runner.jcadmin.JCAdminRunner@4a83a74a</td></tr>
<tr>
<td title='cucumber.framework.runner.jcadmin.JCAdminRunner.runScenario()'><b>runScenario</b><br>Test class: cucumber.framework.runner.jcadmin.JCAdminRunner<br>Test method: Runs Cucumber Scenarios<br>Parameters: "Menambah daftar negative testimonial kosong isi no active", "Tambah Testimonial Negative"</td>
<td></td>
<td>24</td>
<td>cucumber.framework.runner.jcadmin.JCAdminRunner@4a83a74a</td></tr>
<tr>
<td title='cucumber.framework.runner.jcadmin.JCAdminRunner.runScenario()'><b>runScenario</b><br>Test class: cucumber.framework.runner.jcadmin.JCAdminRunner<br>Test method: Runs Cucumber Scenarios<br>Parameters: "Menambah data negative testimonial karakter no active", "Tambah Testimonial Negative"</td>
<td></td>
<td>27</td>
<td>cucumber.framework.runner.jcadmin.JCAdminRunner@4a83a74a</td></tr>
<tr>
<td title='cucumber.framework.runner.jcadmin.JCAdminRunner.runScenario()'><b>runScenario</b><br>Test class: cucumber.framework.runner.jcadmin.JCAdminRunner<br>Test method: Runs Cucumber Scenarios<br>Parameters: "Menambah daftar testimonial active format gambar", "Tambah Testimonial"</td>
<td></td>
<td>25</td>
<td>cucumber.framework.runner.jcadmin.JCAdminRunner@4a83a74a</td></tr>
<tr>
<td title='cucumber.framework.runner.jcadmin.JCAdminRunner.runScenario()'><b>runScenario</b><br>Test class: cucumber.framework.runner.jcadmin.JCAdminRunner<br>Test method: Runs Cucumber Scenarios<br>Parameters: "Menambah daftar testimonial noactive", "Tambah Testimonial"</td>
<td></td>
<td>26</td>
<td>cucumber.framework.runner.jcadmin.JCAdminRunner@4a83a74a</td></tr>
<tr>
<td title='cucumber.framework.runner.jcadmin.JCAdminRunner.runScenario()'><b>runScenario</b><br>Test class: cucumber.framework.runner.jcadmin.JCAdminRunner<br>Test method: Runs Cucumber Scenarios<br>Parameters: "Menambah daftar testimonial noactive", "Tambah Testimonial"</td>
<td></td>
<td>26</td>
<td>cucumber.framework.runner.jcadmin.JCAdminRunner@4a83a74a</td></tr>
<tr>
<td title='cucumber.framework.runner.jcadmin.JCAdminRunner.runScenario()'><b>runScenario</b><br>Test class: cucumber.framework.runner.jcadmin.JCAdminRunner<br>Test method: Runs Cucumber Scenarios<br>Parameters: "Menambah daftar negative testimonial nama kecuali active", "Tambah Testimonial Negative"</td>
<td></td>
<td>28</td>
<td>cucumber.framework.runner.jcadmin.JCAdminRunner@4a83a74a</td></tr>
<tr>
<td title='cucumber.framework.runner.jcadmin.JCAdminRunner.runScenario()'><b>runScenario</b><br>Test class: cucumber.framework.runner.jcadmin.JCAdminRunner<br>Test method: Runs Cucumber Scenarios<br>Parameters: "Menambah daftar negative testimonial kosong isi active", "Tambah Testimonial Negative"</td>
<td></td>
<td>22</td>
<td>cucumber.framework.runner.jcadmin.JCAdminRunner@4a83a74a</td></tr>
<tr>
<td title='cucumber.framework.runner.jcadmin.JCAdminRunner.runScenario()'><b>runScenario</b><br>Test class: cucumber.framework.runner.jcadmin.JCAdminRunner<br>Test method: Runs Cucumber Scenarios<br>Parameters: "Mengedit no active active", "Edit Testimonial"</td>
<td></td>
<td>14</td>
<td>cucumber.framework.runner.jcadmin.JCAdminRunner@4a83a74a</td></tr>
<tr>
<td title='cucumber.framework.runner.jcadmin.JCAdminRunner.runScenario()'><b>runScenario</b><br>Test class: cucumber.framework.runner.jcadmin.JCAdminRunner<br>Test method: Runs Cucumber Scenarios<br>Parameters: "Menambah testi no active format karakter beda", "Tambah Testimonial"</td>
<td></td>
<td>26</td>
<td>cucumber.framework.runner.jcadmin.JCAdminRunner@4a83a74a</td></tr>
<tr>
<td title='cucumber.framework.runner.jcadmin.JCAdminRunner.runScenario()'><b>runScenario</b><br>Test class: cucumber.framework.runner.jcadmin.JCAdminRunner<br>Test method: Runs Cucumber Scenarios<br>Parameters: "Menambah daftar testimonial active", "Tambah Testimonial"</td>
<td></td>
<td>30</td>
<td>cucumber.framework.runner.jcadmin.JCAdminRunner@4a83a74a</td></tr>
<tr>
<td title='cucumber.framework.runner.jcadmin.JCAdminRunner.runScenario()'><b>runScenario</b><br>Test class: cucumber.framework.runner.jcadmin.JCAdminRunner<br>Test method: Runs Cucumber Scenarios<br>Parameters: "Menambah testi no active format karakter beda", "Tambah Testimonial"</td>
<td></td>
<td>26</td>
<td>cucumber.framework.runner.jcadmin.JCAdminRunner@4a83a74a</td></tr>
<tr>
<td title='cucumber.framework.runner.jcadmin.JCAdminRunner.runScenario()'><b>runScenario</b><br>Test class: cucumber.framework.runner.jcadmin.JCAdminRunner<br>Test method: Runs Cucumber Scenarios<br>Parameters: "Mencari dan edit publish", "Search Edit Testimonial"</td>
<td></td>
<td>12</td>
<td>cucumber.framework.runner.jcadmin.JCAdminRunner@4a83a74a</td></tr>
<tr>
<td title='cucumber.framework.runner.jcadmin.JCAdminRunner.runScenario()'><b>runScenario</b><br>Test class: cucumber.framework.runner.jcadmin.JCAdminRunner<br>Test method: Runs Cucumber Scenarios<br>Parameters: "Admin invalid login klik submit", "Login Invalid"</td>
<td></td>
<td>2</td>
<td>cucumber.framework.runner.jcadmin.JCAdminRunner@4a83a74a</td></tr>
<tr>
<td title='cucumber.framework.runner.jcadmin.JCAdminRunner.runScenario()'><b>runScenario</b><br>Test class: cucumber.framework.runner.jcadmin.JCAdminRunner<br>Test method: Runs Cucumber Scenarios<br>Parameters: "Mengedit nama peserta dengan karakter dikecualikan pada data pertama", "Edit Testimonial Negatif"</td>
<td></td>
<td>11</td>
<td>cucumber.framework.runner.jcadmin.JCAdminRunner@4a83a74a</td></tr>
<tr>
<td title='cucumber.framework.runner.jcadmin.JCAdminRunner.runScenario()'><b>runScenario</b><br>Test class: cucumber.framework.runner.jcadmin.JCAdminRunner<br>Test method: Runs Cucumber Scenarios<br>Parameters: "Menambah daftar negative testimonial no active", "Tambah Testimonial Negative"</td>
<td></td>
<td>23</td>
<td>cucumber.framework.runner.jcadmin.JCAdminRunner@4a83a74a</td></tr>
<tr>
<td title='cucumber.framework.runner.jcadmin.JCAdminRunner.runScenario()'><b>runScenario</b><br>Test class: cucumber.framework.runner.jcadmin.JCAdminRunner<br>Test method: Runs Cucumber Scenarios<br>Parameters: "Menambah daftar negative testimonial active", "Tambah Testimonial Negative"</td>
<td></td>
<td>22</td>
<td>cucumber.framework.runner.jcadmin.JCAdminRunner@4a83a74a</td></tr>
<tr>
<td title='cucumber.framework.runner.jcadmin.JCAdminRunner.runScenario()'><b>runScenario</b><br>Test class: cucumber.framework.runner.jcadmin.JCAdminRunner<br>Test method: Runs Cucumber Scenarios<br>Parameters: "Menambah daftar testimonial active", "Tambah Testimonial"</td>
<td></td>
<td>26</td>
<td>cucumber.framework.runner.jcadmin.JCAdminRunner@4a83a74a</td></tr>
<tr>
<td title='cucumber.framework.runner.jcadmin.JCAdminRunner.runScenario()'><b>runScenario</b><br>Test class: cucumber.framework.runner.jcadmin.JCAdminRunner<br>Test method: Runs Cucumber Scenarios<br>Parameters: "Mengedit nama peserta full di data pertama", "Edit Testimonial Negatif"</td>
<td></td>
<td>13</td>
<td>cucumber.framework.runner.jcadmin.JCAdminRunner@4a83a74a</td></tr>
<tr>
<td title='cucumber.framework.runner.jcadmin.JCAdminRunner.runScenario()'><b>runScenario</b><br>Test class: cucumber.framework.runner.jcadmin.JCAdminRunner<br>Test method: Runs Cucumber Scenarios<br>Parameters: "Mencari nama peserta", "Search Testimonial"</td>
<td></td>
<td>8</td>
<td>cucumber.framework.runner.jcadmin.JCAdminRunner@4a83a74a</td></tr>
<tr>
<td title='cucumber.framework.runner.jcadmin.JCAdminRunner.runScenario()'><b>runScenario</b><br>Test class: cucumber.framework.runner.jcadmin.JCAdminRunner<br>Test method: Runs Cucumber Scenarios<br>Parameters: "Mengedit gambar di data pertama", "Edit Testimonial"</td>
<td></td>
<td>13</td>
<td>cucumber.framework.runner.jcadmin.JCAdminRunner@4a83a74a</td></tr>
<tr>
<td title='cucumber.framework.runner.jcadmin.JCAdminRunner.runScenario()'><b>runScenario</b><br>Test class: cucumber.framework.runner.jcadmin.JCAdminRunner<br>Test method: Runs Cucumber Scenarios<br>Parameters: "Admin invalid login input password uppercase", "Login Invalid"</td>
<td></td>
<td>2</td>
<td>cucumber.framework.runner.jcadmin.JCAdminRunner@4a83a74a</td></tr>
<tr>
<td title='cucumber.framework.runner.jcadmin.JCAdminRunner.runScenario()'><b>runScenario</b><br>Test class: cucumber.framework.runner.jcadmin.JCAdminRunner<br>Test method: Runs Cucumber Scenarios<br>Parameters: "User valid login upperlower case email Outlinee", "Login Valid"</td>
<td></td>
<td>2</td>
<td>cucumber.framework.runner.jcadmin.JCAdminRunner@4a83a74a</td></tr>
<tr>
<td title='cucumber.framework.runner.jcadmin.JCAdminRunner.runScenario()'><b>runScenario</b><br>Test class: cucumber.framework.runner.jcadmin.JCAdminRunner<br>Test method: Runs Cucumber Scenarios<br>Parameters: "Admin invalid login simpan", "Login Invalid"</td>
<td></td>
<td>0</td>
<td>cucumber.framework.runner.jcadmin.JCAdminRunner@4a83a74a</td></tr>
<tr>
<td title='cucumber.framework.runner.jcadmin.JCAdminRunner.runScenario()'><b>runScenario</b><br>Test class: cucumber.framework.runner.jcadmin.JCAdminRunner<br>Test method: Runs Cucumber Scenarios<br>Parameters: "Menambah daftar testimonial noactive", "Tambah Testimonial"</td>
<td></td>
<td>26</td>
<td>cucumber.framework.runner.jcadmin.JCAdminRunner@4a83a74a</td></tr>
<tr>
<td title='cucumber.framework.runner.jcadmin.JCAdminRunner.runScenario()'><b>runScenario</b><br>Test class: cucumber.framework.runner.jcadmin.JCAdminRunner<br>Test method: Runs Cucumber Scenarios<br>Parameters: "Menambah data negative testimonial karakter no active", "Tambah Testimonial Negative"</td>
<td></td>
<td>27</td>
<td>cucumber.framework.runner.jcadmin.JCAdminRunner@4a83a74a</td></tr>
<tr>
<td title='cucumber.framework.runner.jcadmin.JCAdminRunner.runScenario()'><b>runScenario</b><br>Test class: cucumber.framework.runner.jcadmin.JCAdminRunner<br>Test method: Runs Cucumber Scenarios<br>Parameters: "Menambah testimonial no active format gambar", "Tambah Testimonial"</td>
<td></td>
<td>25</td>
<td>cucumber.framework.runner.jcadmin.JCAdminRunner@4a83a74a</td></tr>
<tr>
<td title='cucumber.framework.runner.jcadmin.JCAdminRunner.runScenario()'><b>runScenario</b><br>Test class: cucumber.framework.runner.jcadmin.JCAdminRunner<br>Test method: Runs Cucumber Scenarios<br>Parameters: "Menambah daftar negative testimonial kosong isi active", "Tambah Testimonial Negative"</td>
<td></td>
<td>23</td>
<td>cucumber.framework.runner.jcadmin.JCAdminRunner@4a83a74a</td></tr>
<tr>
<td title='cucumber.framework.runner.jcadmin.JCAdminRunner.runScenario()'><b>runScenario</b><br>Test class: cucumber.framework.runner.jcadmin.JCAdminRunner<br>Test method: Runs Cucumber Scenarios<br>Parameters: "Menambah daftar negative testimonial kosong isi active", "Tambah Testimonial Negative"</td>
<td></td>
<td>22</td>
<td>cucumber.framework.runner.jcadmin.JCAdminRunner@4a83a74a</td></tr>
<tr>
<td title='cucumber.framework.runner.jcadmin.JCAdminRunner.runScenario()'><b>runScenario</b><br>Test class: cucumber.framework.runner.jcadmin.JCAdminRunner<br>Test method: Runs Cucumber Scenarios<br>Parameters: "Menambah testi no active format karakter beda", "Tambah Testimonial"</td>
<td></td>
<td>26</td>
<td>cucumber.framework.runner.jcadmin.JCAdminRunner@4a83a74a</td></tr>
<tr>
<td title='cucumber.framework.runner.jcadmin.JCAdminRunner.runScenario()'><b>runScenario</b><br>Test class: cucumber.framework.runner.jcadmin.JCAdminRunner<br>Test method: Runs Cucumber Scenarios<br>Parameters: "Menambah daftar testimonial active format gambar", "Tambah Testimonial"</td>
<td></td>
<td>26</td>
<td>cucumber.framework.runner.jcadmin.JCAdminRunner@4a83a74a</td></tr>
<tr>
<td title='cucumber.framework.runner.jcadmin.JCAdminRunner.runScenario()'><b>runScenario</b><br>Test class: cucumber.framework.runner.jcadmin.JCAdminRunner<br>Test method: Runs Cucumber Scenarios<br>Parameters: "Mengedit menu dropdown rating dua", "Edit Testimonial"</td>
<td></td>
<td>13</td>
<td>cucumber.framework.runner.jcadmin.JCAdminRunner@4a83a74a</td></tr>
<tr>
<td title='cucumber.framework.runner.jcadmin.JCAdminRunner.runScenario()'><b>runScenario</b><br>Test class: cucumber.framework.runner.jcadmin.JCAdminRunner<br>Test method: Runs Cucumber Scenarios<br>Parameters: "Mencari dan edit nama", "Search Edit Testimonial"</td>
<td></td>
<td>12</td>
<td>cucumber.framework.runner.jcadmin.JCAdminRunner@4a83a74a</td></tr>
<tr>
<td title='cucumber.framework.runner.jcadmin.JCAdminRunner.runScenario()'><b>runScenario</b><br>Test class: cucumber.framework.runner.jcadmin.JCAdminRunner<br>Test method: Runs Cucumber Scenarios<br>Parameters: "User valid login uppercase user Outlinee", "Login Valid"</td>
<td></td>
<td>2</td>
<td>cucumber.framework.runner.jcadmin.JCAdminRunner@4a83a74a</td></tr>
<tr>
<td title='cucumber.framework.runner.jcadmin.JCAdminRunner.runScenario()'><b>runScenario</b><br>Test class: cucumber.framework.runner.jcadmin.JCAdminRunner<br>Test method: Runs Cucumber Scenarios<br>Parameters: "Mengedit dropdown rating nol", "Edit Testimonial"</td>
<td></td>
<td>14</td>
<td>cucumber.framework.runner.jcadmin.JCAdminRunner@4a83a74a</td></tr>
<tr>
<td title='cucumber.framework.runner.jcadmin.JCAdminRunner.runScenario()'><b>runScenario</b><br>Test class: cucumber.framework.runner.jcadmin.JCAdminRunner<br>Test method: Runs Cucumber Scenarios<br>Parameters: "Mencari isi testimonial peserta", "Search Testimonial Negative"</td>
<td></td>
<td>6</td>
<td>cucumber.framework.runner.jcadmin.JCAdminRunner@4a83a74a</td></tr>
<tr>
<td title='cucumber.framework.runner.jcadmin.JCAdminRunner.runScenario()'><b>runScenario</b><br>Test class: cucumber.framework.runner.jcadmin.JCAdminRunner<br>Test method: Runs Cucumber Scenarios<br>Parameters: "User valid login upperlower case Outlinee", "Login Valid"</td>
<td></td>
<td>2</td>
<td>cucumber.framework.runner.jcadmin.JCAdminRunner@4a83a74a</td></tr>
<tr>
<td title='cucumber.framework.runner.jcadmin.JCAdminRunner.runScenario()'><b>runScenario</b><br>Test class: cucumber.framework.runner.jcadmin.JCAdminRunner<br>Test method: Runs Cucumber Scenarios<br>Parameters: "User valid login upperlower case user Outlinee", "Login Valid"</td>
<td></td>
<td>3</td>
<td>cucumber.framework.runner.jcadmin.JCAdminRunner@4a83a74a</td></tr>
<tr>
<td title='cucumber.framework.runner.jcadmin.JCAdminRunner.runScenario()'><b>runScenario</b><br>Test class: cucumber.framework.runner.jcadmin.JCAdminRunner<br>Test method: Runs Cucumber Scenarios<br>Parameters: "Menambah daftar negative testimonial no active", "Tambah Testimonial Negative"</td>
<td></td>
<td>24</td>
<td>cucumber.framework.runner.jcadmin.JCAdminRunner@4a83a74a</td></tr>
<tr>
<td title='cucumber.framework.runner.jcadmin.JCAdminRunner.runScenario()'><b>runScenario</b><br>Test class: cucumber.framework.runner.jcadmin.JCAdminRunner<br>Test method: Runs Cucumber Scenarios<br>Parameters: "Menambah daftar negative testimonial panjang karakter active", "Tambah Testimonial Negative"</td>
<td></td>
<td>27</td>
<td>cucumber.framework.runner.jcadmin.JCAdminRunner@4a83a74a</td></tr>
<tr>
<td title='cucumber.framework.runner.jcadmin.JCAdminRunner.runScenario()'><b>runScenario</b><br>Test class: cucumber.framework.runner.jcadmin.JCAdminRunner<br>Test method: Runs Cucumber Scenarios<br>Parameters: "Menambah daftar negative testimonial panjang karakter active", "Tambah Testimonial Negative"</td>
<td></td>
<td>26</td>
<td>cucumber.framework.runner.jcadmin.JCAdminRunner@4a83a74a</td></tr>
<tr>
<td title='cucumber.framework.runner.jcadmin.JCAdminRunner.runScenario()'><b>runScenario</b><br>Test class: cucumber.framework.runner.jcadmin.JCAdminRunner<br>Test method: Runs Cucumber Scenarios<br>Parameters: "Menambah testimonial no active format gambar", "Tambah Testimonial"</td>
<td></td>
<td>25</td>
<td>cucumber.framework.runner.jcadmin.JCAdminRunner@4a83a74a</td></tr>
<tr>
<td title='cucumber.framework.runner.jcadmin.JCAdminRunner.runScenario()'><b>runScenario</b><br>Test class: cucumber.framework.runner.jcadmin.JCAdminRunner<br>Test method: Runs Cucumber Scenarios<br>Parameters: "Menambah testimonial no active format gambar", "Tambah Testimonial"</td>
<td></td>
<td>26</td>
<td>cucumber.framework.runner.jcadmin.JCAdminRunner@4a83a74a</td></tr>
<tr>
<td title='cucumber.framework.runner.jcadmin.JCAdminRunner.runScenario()'><b>runScenario</b><br>Test class: cucumber.framework.runner.jcadmin.JCAdminRunner<br>Test method: Runs Cucumber Scenarios<br>Parameters: "Menambah daftar testimonial active format gambar", "Tambah Testimonial"</td>
<td></td>
<td>26</td>
<td>cucumber.framework.runner.jcadmin.JCAdminRunner@4a83a74a</td></tr>
<tr>
<td title='cucumber.framework.runner.jcadmin.JCAdminRunner.runScenario()'><b>runScenario</b><br>Test class: cucumber.framework.runner.jcadmin.JCAdminRunner<br>Test method: Runs Cucumber Scenarios<br>Parameters: "Menambah daftar negative testimonial nama kecuali active", "Tambah Testimonial Negative"</td>
<td></td>
<td>27</td>
<td>cucumber.framework.runner.jcadmin.JCAdminRunner@4a83a74a</td></tr>
<tr>
<td title='cucumber.framework.runner.jcadmin.JCAdminRunner.runScenario()'><b>runScenario</b><br>Test class: cucumber.framework.runner.jcadmin.JCAdminRunner<br>Test method: Runs Cucumber Scenarios<br>Parameters: "User valid login Outlinee", "Login Valid"</td>
<td></td>
<td>8</td>
<td>cucumber.framework.runner.jcadmin.JCAdminRunner@4a83a74a</td></tr>
<tr>
<td title='cucumber.framework.runner.jcadmin.JCAdminRunner.runScenario()'><b>runScenario</b><br>Test class: cucumber.framework.runner.jcadmin.JCAdminRunner<br>Test method: Runs Cucumber Scenarios<br>Parameters: "Menambah daftar negative testimonial nama kecuali active", "Tambah Testimonial Negative"</td>
<td></td>
<td>27</td>
<td>cucumber.framework.runner.jcadmin.JCAdminRunner@4a83a74a</td></tr>
<tr>
<td title='cucumber.framework.runner.jcadmin.JCAdminRunner.runScenario()'><b>runScenario</b><br>Test class: cucumber.framework.runner.jcadmin.JCAdminRunner<br>Test method: Runs Cucumber Scenarios<br>Parameters: "Menambah daftar testimonial active", "Tambah Testimonial"</td>
<td></td>
<td>26</td>
<td>cucumber.framework.runner.jcadmin.JCAdminRunner@4a83a74a</td></tr>
<tr>
<td title='cucumber.framework.runner.jcadmin.JCAdminRunner.runScenario()'><b>runScenario</b><br>Test class: cucumber.framework.runner.jcadmin.JCAdminRunner<br>Test method: Runs Cucumber Scenarios<br>Parameters: "Menambah daftar negative testimonial no active", "Tambah Testimonial Negative"</td>
<td></td>
<td>23</td>
<td>cucumber.framework.runner.jcadmin.JCAdminRunner@4a83a74a</td></tr>
<tr>
<td title='cucumber.framework.runner.jcadmin.JCAdminRunner.runScenario()'><b>runScenario</b><br>Test class: cucumber.framework.runner.jcadmin.JCAdminRunner<br>Test method: Runs Cucumber Scenarios<br>Parameters: "Mengedit rating empat menu dropdown", "Edit Testimonial"</td>
<td></td>
<td>13</td>
<td>cucumber.framework.runner.jcadmin.JCAdminRunner@4a83a74a</td></tr>
<tr>
<td title='cucumber.framework.runner.jcadmin.JCAdminRunner.runScenario()'><b>runScenario</b><br>Test class: cucumber.framework.runner.jcadmin.JCAdminRunner<br>Test method: Runs Cucumber Scenarios<br>Parameters: "Menambah daftar negative testimonial active", "Tambah Testimonial Negative"</td>
<td></td>
<td>22</td>
<td>cucumber.framework.runner.jcadmin.JCAdminRunner@4a83a74a</td></tr>
<tr>
<td title='cucumber.framework.runner.jcadmin.JCAdminRunner.runScenario()'><b>runScenario</b><br>Test class: cucumber.framework.runner.jcadmin.JCAdminRunner<br>Test method: Runs Cucumber Scenarios<br>Parameters: "Menambah daftar negative testimonial active", "Tambah Testimonial Negative"</td>
<td></td>
<td>23</td>
<td>cucumber.framework.runner.jcadmin.JCAdminRunner@4a83a74a</td></tr>
<tr>
<td title='cucumber.framework.runner.jcadmin.JCAdminRunner.runScenario()'><b>runScenario</b><br>Test class: cucumber.framework.runner.jcadmin.JCAdminRunner<br>Test method: Runs Cucumber Scenarios<br>Parameters: "Menambah daftar negative testimonial no active", "Tambah Testimonial Negative"</td>
<td></td>
<td>23</td>
<td>cucumber.framework.runner.jcadmin.JCAdminRunner@4a83a74a</td></tr>
<tr>
<td title='cucumber.framework.runner.jcadmin.JCAdminRunner.runScenario()'><b>runScenario</b><br>Test class: cucumber.framework.runner.jcadmin.JCAdminRunner<br>Test method: Runs Cucumber Scenarios<br>Parameters: "Melihat data dalam page list testimonials", "List Testimonial"</td>
<td></td>
<td>20</td>
<td>cucumber.framework.runner.jcadmin.JCAdminRunner@4a83a74a</td></tr>
<tr>
<td title='cucumber.framework.runner.jcadmin.JCAdminRunner.runScenario()'><b>runScenario</b><br>Test class: cucumber.framework.runner.jcadmin.JCAdminRunner<br>Test method: Runs Cucumber Scenarios<br>Parameters: "Menambah data negative testimonial karakter no active", "Tambah Testimonial Negative"</td>
<td></td>
<td>27</td>
<td>cucumber.framework.runner.jcadmin.JCAdminRunner@4a83a74a</td></tr>
<tr>
<td title='cucumber.framework.runner.jcadmin.JCAdminRunner.runScenario()'><b>runScenario</b><br>Test class: cucumber.framework.runner.jcadmin.JCAdminRunner<br>Test method: Runs Cucumber Scenarios<br>Parameters: "Menambah daftar testimonial active format gambar", "Tambah Testimonial"</td>
<td></td>
<td>26</td>
<td>cucumber.framework.runner.jcadmin.JCAdminRunner@4a83a74a</td></tr>
<tr>
<td title='cucumber.framework.runner.jcadmin.JCAdminRunner.runScenario()'><b>runScenario</b><br>Test class: cucumber.framework.runner.jcadmin.JCAdminRunner<br>Test method: Runs Cucumber Scenarios<br>Parameters: "Menambah daftar negative testimonial kosong isi active", "Tambah Testimonial Negative"</td>
<td></td>
<td>23</td>
<td>cucumber.framework.runner.jcadmin.JCAdminRunner@4a83a74a</td></tr>
<tr>
<td title='cucumber.framework.runner.jcadmin.JCAdminRunner.runScenario()'><b>runScenario</b><br>Test class: cucumber.framework.runner.jcadmin.JCAdminRunner<br>Test method: Runs Cucumber Scenarios<br>Parameters: "Mengedit rating tiga dropdown", "Edit Testimonial"</td>
<td></td>
<td>13</td>
<td>cucumber.framework.runner.jcadmin.JCAdminRunner@4a83a74a</td></tr>
<tr>
<td title='cucumber.framework.runner.jcadmin.JCAdminRunner.runScenario()'><b>runScenario</b><br>Test class: cucumber.framework.runner.jcadmin.JCAdminRunner<br>Test method: Runs Cucumber Scenarios<br>Parameters: "User valid login uppercase Outlinee", "Login Valid"</td>
<td></td>
<td>3</td>
<td>cucumber.framework.runner.jcadmin.JCAdminRunner@4a83a74a</td></tr>
<tr>
<td title='cucumber.framework.runner.jcadmin.JCAdminRunner.runScenario()'><b>runScenario</b><br>Test class: cucumber.framework.runner.jcadmin.JCAdminRunner<br>Test method: Runs Cucumber Scenarios<br>Parameters: "Memindahkan halaman kedua", "Slide Page Testimonial"</td>
<td></td>
<td>15</td>
<td>cucumber.framework.runner.jcadmin.JCAdminRunner@4a83a74a</td></tr>
<tr>
<td title='cucumber.framework.runner.jcadmin.JCAdminRunner.runScenario()'><b>runScenario</b><br>Test class: cucumber.framework.runner.jcadmin.JCAdminRunner<br>Test method: Runs Cucumber Scenarios<br>Parameters: "Menambah daftar negative testimonial kosong isi no active", "Tambah Testimonial Negative"</td>
<td></td>
<td>23</td>
<td>cucumber.framework.runner.jcadmin.JCAdminRunner@4a83a74a</td></tr>
<tr>
<td title='cucumber.framework.runner.jcadmin.JCAdminRunner.runScenario()'><b>runScenario</b><br>Test class: cucumber.framework.runner.jcadmin.JCAdminRunner<br>Test method: Runs Cucumber Scenarios<br>Parameters: "Mencari nama peserta dengan karakter", "Search Testimonial Negative"</td>
<td></td>
<td>6</td>
<td>cucumber.framework.runner.jcadmin.JCAdminRunner@4a83a74a</td></tr>
<tr>
<td title='cucumber.framework.runner.jcadmin.JCAdminRunner.runScenario()'><b>runScenario</b><br>Test class: cucumber.framework.runner.jcadmin.JCAdminRunner<br>Test method: Runs Cucumber Scenarios<br>Parameters: "Menambah testi active karakter beda", "Tambah Testimonial"</td>
<td></td>
<td>26</td>
<td>cucumber.framework.runner.jcadmin.JCAdminRunner@4a83a74a</td></tr>
<tr>
<td title='cucumber.framework.runner.jcadmin.JCAdminRunner.runScenario()'><b>runScenario</b><br>Test class: cucumber.framework.runner.jcadmin.JCAdminRunner<br>Test method: Runs Cucumber Scenarios<br>Parameters: "Menambah daftar testimonial active format gambar", "Tambah Testimonial"</td>
<td></td>
<td>26</td>
<td>cucumber.framework.runner.jcadmin.JCAdminRunner@4a83a74a</td></tr>
<tr>
<td title='cucumber.framework.runner.jcadmin.JCAdminRunner.runScenario()'><b>runScenario</b><br>Test class: cucumber.framework.runner.jcadmin.JCAdminRunner<br>Test method: Runs Cucumber Scenarios<br>Parameters: "Menambah testi active karakter beda", "Tambah Testimonial"</td>
<td></td>
<td>25</td>
<td>cucumber.framework.runner.jcadmin.JCAdminRunner@4a83a74a</td></tr>
<tr>
<td title='cucumber.framework.runner.jcadmin.JCAdminRunner.runScenario()'><b>runScenario</b><br>Test class: cucumber.framework.runner.jcadmin.JCAdminRunner<br>Test method: Runs Cucumber Scenarios<br>Parameters: "Menambah testi no active format karakter beda", "Tambah Testimonial"</td>
<td></td>
<td>26</td>
<td>cucumber.framework.runner.jcadmin.JCAdminRunner@4a83a74a</td></tr>
<tr>
<td title='cucumber.framework.runner.jcadmin.JCAdminRunner.runScenario()'><b>runScenario</b><br>Test class: cucumber.framework.runner.jcadmin.JCAdminRunner<br>Test method: Runs Cucumber Scenarios<br>Parameters: "Mengedit rating lima dropdown menu", "Edit Testimonial"</td>
<td></td>
<td>13</td>
<td>cucumber.framework.runner.jcadmin.JCAdminRunner@4a83a74a</td></tr>
<tr>
<td title='cucumber.framework.runner.jcadmin.JCAdminRunner.runScenario()'><b>runScenario</b><br>Test class: cucumber.framework.runner.jcadmin.JCAdminRunner<br>Test method: Runs Cucumber Scenarios<br>Parameters: "Menambah daftar negative testimonial panjang karakter active", "Tambah Testimonial Negative"</td>
<td></td>
<td>27</td>
<td>cucumber.framework.runner.jcadmin.JCAdminRunner@4a83a74a</td></tr>
<tr>
<td title='cucumber.framework.runner.jcadmin.JCAdminRunner.runScenario()'><b>runScenario</b><br>Test class: cucumber.framework.runner.jcadmin.JCAdminRunner<br>Test method: Runs Cucumber Scenarios<br>Parameters: "Menambah daftar testimonial noactive", "Tambah Testimonial"</td>
<td></td>
<td>26</td>
<td>cucumber.framework.runner.jcadmin.JCAdminRunner@4a83a74a</td></tr>
<tr>
<td title='cucumber.framework.runner.jcadmin.JCAdminRunner.runScenario()'><b>runScenario</b><br>Test class: cucumber.framework.runner.jcadmin.JCAdminRunner<br>Test method: Runs Cucumber Scenarios<br>Parameters: "Menambah testimonial no active format gambar", "Tambah Testimonial"</td>
<td></td>
<td>26</td>
<td>cucumber.framework.runner.jcadmin.JCAdminRunner@4a83a74a</td></tr>
<tr>
<td title='cucumber.framework.runner.jcadmin.JCAdminRunner.runScenario()'><b>runScenario</b><br>Test class: cucumber.framework.runner.jcadmin.JCAdminRunner<br>Test method: Runs Cucumber Scenarios<br>Parameters: "Menambah daftar negative testimonial kosong isi no active", "Tambah Testimonial Negative"</td>
<td></td>
<td>25</td>
<td>cucumber.framework.runner.jcadmin.JCAdminRunner@4a83a74a</td></tr>
<tr>
<td title='cucumber.framework.runner.jcadmin.JCAdminRunner.runScenario()'><b>runScenario</b><br>Test class: cucumber.framework.runner.jcadmin.JCAdminRunner<br>Test method: Runs Cucumber Scenarios<br>Parameters: "Menambah daftar negative testimonial panjang karakter active", "Tambah Testimonial Negative"</td>
<td></td>
<td>27</td>
<td>cucumber.framework.runner.jcadmin.JCAdminRunner@4a83a74a</td></tr>
<tr>
<td title='cucumber.framework.runner.jcadmin.JCAdminRunner.runScenario()'><b>runScenario</b><br>Test class: cucumber.framework.runner.jcadmin.JCAdminRunner<br>Test method: Runs Cucumber Scenarios<br>Parameters: "Mengedit nama peserta full di data pertama", "Edit Testimonial Negatif"</td>
<td></td>
<td>13</td>
<td>cucumber.framework.runner.jcadmin.JCAdminRunner@4a83a74a</td></tr>
<tr>
<td title='cucumber.framework.runner.jcadmin.JCAdminRunner.runScenario()'><b>runScenario</b><br>Test class: cucumber.framework.runner.jcadmin.JCAdminRunner<br>Test method: Runs Cucumber Scenarios<br>Parameters: "Memindahkan halaman pertama", "Slide Page Testimonial"</td>
<td></td>
<td>13</td>
<td>cucumber.framework.runner.jcadmin.JCAdminRunner@4a83a74a</td></tr>
<tr>
<td title='cucumber.framework.runner.jcadmin.JCAdminRunner.runScenario()'><b>runScenario</b><br>Test class: cucumber.framework.runner.jcadmin.JCAdminRunner<br>Test method: Runs Cucumber Scenarios<br>Parameters: "Menambah testimonial no active format gambar", "Tambah Testimonial"</td>
<td></td>
<td>26</td>
<td>cucumber.framework.runner.jcadmin.JCAdminRunner@4a83a74a</td></tr>
<tr>
<td title='cucumber.framework.runner.jcadmin.JCAdminRunner.runScenario()'><b>runScenario</b><br>Test class: cucumber.framework.runner.jcadmin.JCAdminRunner<br>Test method: Runs Cucumber Scenarios<br>Parameters: "Menambah daftar testimonial active", "Tambah Testimonial"</td>
<td></td>
<td>26</td>
<td>cucumber.framework.runner.jcadmin.JCAdminRunner@4a83a74a</td></tr>
<tr>
<td title='cucumber.framework.runner.jcadmin.JCAdminRunner.runScenario()'><b>runScenario</b><br>Test class: cucumber.framework.runner.jcadmin.JCAdminRunner<br>Test method: Runs Cucumber Scenarios<br>Parameters: "Menambah daftar negative testimonial no active", "Tambah Testimonial Negative"</td>
<td></td>
<td>25</td>
<td>cucumber.framework.runner.jcadmin.JCAdminRunner@4a83a74a</td></tr>
<tr>
<td title='cucumber.framework.runner.jcadmin.JCAdminRunner.runScenario()'><b>runScenario</b><br>Test class: cucumber.framework.runner.jcadmin.JCAdminRunner<br>Test method: Runs Cucumber Scenarios<br>Parameters: "Mencari dan edit isi", "Search Edit Testimonial"</td>
<td></td>
<td>13</td>
<td>cucumber.framework.runner.jcadmin.JCAdminRunner@4a83a74a</td></tr>
<tr>
<td title='cucumber.framework.runner.jcadmin.JCAdminRunner.runScenario()'><b>runScenario</b><br>Test class: cucumber.framework.runner.jcadmin.JCAdminRunner<br>Test method: Runs Cucumber Scenarios<br>Parameters: "Menambah daftar negative testimonial kosong isi no active", "Tambah Testimonial Negative"</td>
<td></td>
<td>23</td>
<td>cucumber.framework.runner.jcadmin.JCAdminRunner@4a83a74a</td></tr>
<tr>
<td title='cucumber.framework.runner.jcadmin.JCAdminRunner.runScenario()'><b>runScenario</b><br>Test class: cucumber.framework.runner.jcadmin.JCAdminRunner<br>Test method: Runs Cucumber Scenarios<br>Parameters: "Menambah daftar negative testimonial kosong isi active", "Tambah Testimonial Negative"</td>
<td></td>
<td>22</td>
<td>cucumber.framework.runner.jcadmin.JCAdminRunner@4a83a74a</td></tr>
<tr>
<td title='cucumber.framework.runner.jcadmin.JCAdminRunner.runScenario()'><b>runScenario</b><br>Test class: cucumber.framework.runner.jcadmin.JCAdminRunner<br>Test method: Runs Cucumber Scenarios<br>Parameters: "Mencari dan edit publish", "Search Edit Testimonial"</td>
<td></td>
<td>14</td>
<td>cucumber.framework.runner.jcadmin.JCAdminRunner@4a83a74a</td></tr>
<tr>
<td title='cucumber.framework.runner.jcadmin.JCAdminRunner.runScenario()'><b>runScenario</b><br>Test class: cucumber.framework.runner.jcadmin.JCAdminRunner<br>Test method: Runs Cucumber Scenarios<br>Parameters: "Mengedit isi testimonial", "Edit Testimonial"</td>
<td></td>
<td>13</td>
<td>cucumber.framework.runner.jcadmin.JCAdminRunner@4a83a74a</td></tr>
<tr>
<td title='cucumber.framework.runner.jcadmin.JCAdminRunner.runScenario()'><b>runScenario</b><br>Test class: cucumber.framework.runner.jcadmin.JCAdminRunner<br>Test method: Runs Cucumber Scenarios<br>Parameters: "Menambah daftar negative testimonial panjang karakter active", "Tambah Testimonial Negative"</td>
<td></td>
<td>26</td>
<td>cucumber.framework.runner.jcadmin.JCAdminRunner@4a83a74a</td></tr>
<tr>
<td title='cucumber.framework.runner.jcadmin.JCAdminRunner.runScenario()'><b>runScenario</b><br>Test class: cucumber.framework.runner.jcadmin.JCAdminRunner<br>Test method: Runs Cucumber Scenarios<br>Parameters: "Admin invalid login input username", "Login Invalid"</td>
<td></td>
<td>1</td>
<td>cucumber.framework.runner.jcadmin.JCAdminRunner@4a83a74a</td></tr>
<tr>
<td title='cucumber.framework.runner.jcadmin.JCAdminRunner.runScenario()'><b>runScenario</b><br>Test class: cucumber.framework.runner.jcadmin.JCAdminRunner<br>Test method: Runs Cucumber Scenarios<br>Parameters: "Menambah daftar testimonial active", "Tambah Testimonial"</td>
<td></td>
<td>26</td>
<td>cucumber.framework.runner.jcadmin.JCAdminRunner@4a83a74a</td></tr>
<tr>
<td title='cucumber.framework.runner.jcadmin.JCAdminRunner.runScenario()'><b>runScenario</b><br>Test class: cucumber.framework.runner.jcadmin.JCAdminRunner<br>Test method: Runs Cucumber Scenarios<br>Parameters: "Menambah testi active karakter beda", "Tambah Testimonial"</td>
<td></td>
<td>25</td>
<td>cucumber.framework.runner.jcadmin.JCAdminRunner@4a83a74a</td></tr>
<tr>
<td title='cucumber.framework.runner.jcadmin.JCAdminRunner.runScenario()'><b>runScenario</b><br>Test class: cucumber.framework.runner.jcadmin.JCAdminRunner<br>Test method: Runs Cucumber Scenarios<br>Parameters: "Mencari dan edit gambar", "Search Edit Testimonial"</td>
<td></td>
<td>18</td>
<td>cucumber.framework.runner.jcadmin.JCAdminRunner@4a83a74a</td></tr>
<tr>
<td title='cucumber.framework.runner.jcadmin.JCAdminRunner.runScenario()'><b>runScenario</b><br>Test class: cucumber.framework.runner.jcadmin.JCAdminRunner<br>Test method: Runs Cucumber Scenarios<br>Parameters: "Menambah daftar negative testimonial nama kecuali active", "Tambah Testimonial Negative"</td>
<td></td>
<td>26</td>
<td>cucumber.framework.runner.jcadmin.JCAdminRunner@4a83a74a</td></tr>
<tr>
<td title='cucumber.framework.runner.jcadmin.JCAdminRunner.runScenario()'><b>runScenario</b><br>Test class: cucumber.framework.runner.jcadmin.JCAdminRunner<br>Test method: Runs Cucumber Scenarios<br>Parameters: "Menambah data negative testimonial karakter no active", "Tambah Testimonial Negative"</td>
<td></td>
<td>28</td>
<td>cucumber.framework.runner.jcadmin.JCAdminRunner@4a83a74a</td></tr>
<tr>
<td title='cucumber.framework.runner.jcadmin.JCAdminRunner.runScenario()'><b>runScenario</b><br>Test class: cucumber.framework.runner.jcadmin.JCAdminRunner<br>Test method: Runs Cucumber Scenarios<br>Parameters: "Menambah testimonial no active format gambar", "Tambah Testimonial"</td>
<td></td>
<td>26</td>
<td>cucumber.framework.runner.jcadmin.JCAdminRunner@4a83a74a</td></tr>
<tr>
<td title='cucumber.framework.runner.jcadmin.JCAdminRunner.runScenario()'><b>runScenario</b><br>Test class: cucumber.framework.runner.jcadmin.JCAdminRunner<br>Test method: Runs Cucumber Scenarios<br>Parameters: "Menambah daftar testimonial active", "Tambah Testimonial"</td>
<td></td>
<td>26</td>
<td>cucumber.framework.runner.jcadmin.JCAdminRunner@4a83a74a</td></tr>
<tr>
<td title='cucumber.framework.runner.jcadmin.JCAdminRunner.runScenario()'><b>runScenario</b><br>Test class: cucumber.framework.runner.jcadmin.JCAdminRunner<br>Test method: Runs Cucumber Scenarios<br>Parameters: "Admin invalid login user tanpa format email", "Login Invalid"</td>
<td></td>
<td>2</td>
<td>cucumber.framework.runner.jcadmin.JCAdminRunner@4a83a74a</td></tr>
<tr>
<td title='cucumber.framework.runner.jcadmin.JCAdminRunner.runScenario()'><b>runScenario</b><br>Test class: cucumber.framework.runner.jcadmin.JCAdminRunner<br>Test method: Runs Cucumber Scenarios<br>Parameters: "Menambah data negative testimonial karakter no active", "Tambah Testimonial Negative"</td>
<td></td>
<td>27</td>
<td>cucumber.framework.runner.jcadmin.JCAdminRunner@4a83a74a</td></tr>
<tr>
<td title='cucumber.framework.runner.jcadmin.JCAdminRunner.runScenario()'><b>runScenario</b><br>Test class: cucumber.framework.runner.jcadmin.JCAdminRunner<br>Test method: Runs Cucumber Scenarios<br>Parameters: "Mengedit nama peserta di data pertama", "Edit Testimonial"</td>
<td></td>
<td>12</td>
<td>cucumber.framework.runner.jcadmin.JCAdminRunner@4a83a74a</td></tr>
<tr>
<td title='cucumber.framework.runner.jcadmin.JCAdminRunner.runScenario()'><b>runScenario</b><br>Test class: cucumber.framework.runner.jcadmin.JCAdminRunner<br>Test method: Runs Cucumber Scenarios<br>Parameters: "Mengedit active no active", "Edit Testimonial"</td>
<td></td>
<td>14</td>
<td>cucumber.framework.runner.jcadmin.JCAdminRunner@4a83a74a</td></tr>
<tr>
<td title='cucumber.framework.runner.jcadmin.JCAdminRunner.runScenario()'><b>runScenario</b><br>Test class: cucumber.framework.runner.jcadmin.JCAdminRunner<br>Test method: Runs Cucumber Scenarios<br>Parameters: "Admin invalid login upper", "Login Invalid"</td>
<td></td>
<td>2</td>
<td>cucumber.framework.runner.jcadmin.JCAdminRunner@4a83a74a</td></tr>
<tr>
<td title='cucumber.framework.runner.jcadmin.JCAdminRunner.runScenario()'><b>runScenario</b><br>Test class: cucumber.framework.runner.jcadmin.JCAdminRunner<br>Test method: Runs Cucumber Scenarios<br>Parameters: "Menambah daftar negative testimonial kosong isi active", "Tambah Testimonial Negative"</td>
<td></td>
<td>23</td>
<td>cucumber.framework.runner.jcadmin.JCAdminRunner@4a83a74a</td></tr>
<tr>
<td title='cucumber.framework.runner.jcadmin.JCAdminRunner.runScenario()'><b>runScenario</b><br>Test class: cucumber.framework.runner.jcadmin.JCAdminRunner<br>Test method: Runs Cucumber Scenarios<br>Parameters: "Menambah testi no active format karakter beda", "Tambah Testimonial"</td>
<td></td>
<td>26</td>
<td>cucumber.framework.runner.jcadmin.JCAdminRunner@4a83a74a</td></tr>
<tr>
<td title='cucumber.framework.runner.jcadmin.JCAdminRunner.runScenario()'><b>runScenario</b><br>Test class: cucumber.framework.runner.jcadmin.JCAdminRunner<br>Test method: Runs Cucumber Scenarios<br>Parameters: "Menambah daftar negative testimonial no active", "Tambah Testimonial Negative"</td>
<td></td>
<td>24</td>
<td>cucumber.framework.runner.jcadmin.JCAdminRunner@4a83a74a</td></tr>
<tr>
<td title='cucumber.framework.runner.jcadmin.JCAdminRunner.runScenario()'><b>runScenario</b><br>Test class: cucumber.framework.runner.jcadmin.JCAdminRunner<br>Test method: Runs Cucumber Scenarios<br>Parameters: "Menambah testi no active format karakter beda", "Tambah Testimonial"</td>
<td></td>
<td>26</td>
<td>cucumber.framework.runner.jcadmin.JCAdminRunner@4a83a74a</td></tr>
<tr>
<td title='cucumber.framework.runner.jcadmin.JCAdminRunner.runScenario()'><b>runScenario</b><br>Test class: cucumber.framework.runner.jcadmin.JCAdminRunner<br>Test method: Runs Cucumber Scenarios<br>Parameters: "Menambah daftar negative testimonial active", "Tambah Testimonial Negative"</td>
<td></td>
<td>22</td>
<td>cucumber.framework.runner.jcadmin.JCAdminRunner@4a83a74a</td></tr>
<tr>
<td title='cucumber.framework.runner.jcadmin.JCAdminRunner.runScenario()'><b>runScenario</b><br>Test class: cucumber.framework.runner.jcadmin.JCAdminRunner<br>Test method: Runs Cucumber Scenarios<br>Parameters: "Menambah daftar negative testimonial panjang karakter active", "Tambah Testimonial Negative"</td>
<td></td>
<td>26</td>
<td>cucumber.framework.runner.jcadmin.JCAdminRunner@4a83a74a</td></tr>
<tr>
<td title='cucumber.framework.runner.jcadmin.JCAdminRunner.runScenario()'><b>runScenario</b><br>Test class: cucumber.framework.runner.jcadmin.JCAdminRunner<br>Test method: Runs Cucumber Scenarios<br>Parameters: "Menambah daftar testimonial active format gambar", "Tambah Testimonial"</td>
<td></td>
<td>26</td>
<td>cucumber.framework.runner.jcadmin.JCAdminRunner@4a83a74a</td></tr>
<tr>
<td title='cucumber.framework.runner.jcadmin.JCAdminRunner.runScenario()'><b>runScenario</b><br>Test class: cucumber.framework.runner.jcadmin.JCAdminRunner<br>Test method: Runs Cucumber Scenarios<br>Parameters: "Admin invalid login input password", "Login Invalid"</td>
<td></td>
<td>1</td>
<td>cucumber.framework.runner.jcadmin.JCAdminRunner@4a83a74a</td></tr>
<tr>
<td title='cucumber.framework.runner.jcadmin.JCAdminRunner.runScenario()'><b>runScenario</b><br>Test class: cucumber.framework.runner.jcadmin.JCAdminRunner<br>Test method: Runs Cucumber Scenarios<br>Parameters: "Menambah data negative testimonial karakter no active", "Tambah Testimonial Negative"</td>
<td></td>
<td>27</td>
<td>cucumber.framework.runner.jcadmin.JCAdminRunner@4a83a74a</td></tr>
<tr>
<td title='cucumber.framework.runner.jcadmin.JCAdminRunner.runScenario()'><b>runScenario</b><br>Test class: cucumber.framework.runner.jcadmin.JCAdminRunner<br>Test method: Runs Cucumber Scenarios<br>Parameters: "Menambah daftar negative testimonial nama kecuali active", "Tambah Testimonial Negative"</td>
<td></td>
<td>30</td>
<td>cucumber.framework.runner.jcadmin.JCAdminRunner@4a83a74a</td></tr>
<tr>
<td title='cucumber.framework.runner.jcadmin.JCAdminRunner.runScenario()'><b>runScenario</b><br>Test class: cucumber.framework.runner.jcadmin.JCAdminRunner<br>Test method: Runs Cucumber Scenarios<br>Parameters: "Menambah daftar negative testimonial kosong isi no active", "Tambah Testimonial Negative"</td>
<td></td>
<td>23</td>
<td>cucumber.framework.runner.jcadmin.JCAdminRunner@4a83a74a</td></tr>
<tr>
<td title='cucumber.framework.runner.jcadmin.JCAdminRunner.runScenario()'><b>runScenario</b><br>Test class: cucumber.framework.runner.jcadmin.JCAdminRunner<br>Test method: Runs Cucumber Scenarios<br>Parameters: "Mengedit dropdown menu rating satu", "Edit Testimonial"</td>
<td></td>
<td>13</td>
<td>cucumber.framework.runner.jcadmin.JCAdminRunner@4a83a74a</td></tr>
<tr>
<td title='cucumber.framework.runner.jcadmin.JCAdminRunner.runScenario()'><b>runScenario</b><br>Test class: cucumber.framework.runner.jcadmin.JCAdminRunner<br>Test method: Runs Cucumber Scenarios<br>Parameters: "Menambah testi active karakter beda", "Tambah Testimonial"</td>
<td></td>
<td>26</td>
<td>cucumber.framework.runner.jcadmin.JCAdminRunner@4a83a74a</td></tr>
<tr>
<td title='cucumber.framework.runner.jcadmin.JCAdminRunner.runScenario()'><b>runScenario</b><br>Test class: cucumber.framework.runner.jcadmin.JCAdminRunner<br>Test method: Runs Cucumber Scenarios<br>Parameters: "Menambah testi active karakter beda", "Tambah Testimonial"</td>
<td></td>
<td>26</td>
<td>cucumber.framework.runner.jcadmin.JCAdminRunner@4a83a74a</td></tr>
<tr>
<td title='cucumber.framework.runner.jcadmin.JCAdminRunner.runScenario()'><b>runScenario</b><br>Test class: cucumber.framework.runner.jcadmin.JCAdminRunner<br>Test method: Runs Cucumber Scenarios<br>Parameters: "Menambah daftar negative testimonial nama kecuali active", "Tambah Testimonial Negative"</td>
<td></td>
<td>26</td>
<td>cucumber.framework.runner.jcadmin.JCAdminRunner@4a83a74a</td></tr>
<tr>
<td title='cucumber.framework.runner.jcadmin.JCAdminRunner.runScenario()'><b>runScenario</b><br>Test class: cucumber.framework.runner.jcadmin.JCAdminRunner<br>Test method: Runs Cucumber Scenarios<br>Parameters: "Memindahkan halaman ketiga", "Slide Page Testimonial"</td>
<td></td>
<td>17</td>
<td>cucumber.framework.runner.jcadmin.JCAdminRunner@4a83a74a</td></tr>
<tr>
<td title='cucumber.framework.runner.jcadmin.JCAdminRunner.runScenario()'><b>runScenario</b><br>Test class: cucumber.framework.runner.jcadmin.JCAdminRunner<br>Test method: Runs Cucumber Scenarios<br>Parameters: "Menambah daftar negative testimonial active", "Tambah Testimonial Negative"</td>
<td></td>
<td>22</td>
<td>cucumber.framework.runner.jcadmin.JCAdminRunner@4a83a74a</td></tr>
<tr>
<td title='cucumber.framework.runner.jcadmin.JCAdminRunner.runScenario()'><b>runScenario</b><br>Test class: cucumber.framework.runner.jcadmin.JCAdminRunner<br>Test method: Runs Cucumber Scenarios<br>Parameters: "Admin invalid login input spasi", "Login Invalid"</td>
<td></td>
<td>2</td>
<td>cucumber.framework.runner.jcadmin.JCAdminRunner@4a83a74a</td></tr>
<tr>
<td title='cucumber.framework.runner.jcadmin.JCAdminRunner.runScenario()'><b>runScenario</b><br>Test class: cucumber.framework.runner.jcadmin.JCAdminRunner<br>Test method: Runs Cucumber Scenarios<br>Parameters: "Menambah daftar testimonial noactive", "Tambah Testimonial"</td>
<td></td>
<td>26</td>
<td>cucumber.framework.runner.jcadmin.JCAdminRunner@4a83a74a</td></tr>
<tr>
<td title='cucumber.framework.runner.jcadmin.JCAdminRunner.runScenario()'><b>runScenario</b><br>Test class: cucumber.framework.runner.jcadmin.JCAdminRunner<br>Test method: Runs Cucumber Scenarios<br>Parameters: "Menambah daftar testimonial noactive", "Tambah Testimonial"</td>
<td></td>
<td>26</td>
<td>cucumber.framework.runner.jcadmin.JCAdminRunner@4a83a74a</td></tr>
</table><p>
</body>
</html>